<?xml version="1.0" encoding="UTF-8"?>
<coverage generated="1778779427207" clover="3.2.0">
  <project timestamp="1778779427207" name="All files">
    <metrics statements="852" coveredstatements="45" conditionals="1051" coveredconditionals="18" methods="170" coveredmethods="8" elements="2073" coveredelements="71" complexity="0" loc="852" ncloc="852" packages="3" files="11" classes="11"/>
    <package name="server.src">
      <metrics statements="630" coveredstatements="37" conditionals="761" coveredconditionals="18" methods="127" coveredmethods="8"/>
      <file name="deck.ts" path="C:\Users\asus\bmad\card\server\src\deck.ts">
        <metrics statements="35" coveredstatements="6" conditionals="21" coveredconditionals="0" methods="6" coveredmethods="1"/>
        <line num="10" count="0" type="stmt"/>
        <line num="14" count="8" type="stmt"/>
        <line num="15" count="8" type="stmt"/>
        <line num="16" count="18" type="stmt"/>
        <line num="17" count="18" type="stmt"/>
        <line num="19" count="8" type="stmt"/>
        <line num="23" count="1" type="stmt"/>
        <line num="35" count="0" type="stmt"/>
        <line num="36" count="0" type="cond" truecount="0" falsecount="4"/>
        <line num="39" count="0" type="stmt"/>
        <line num="40" count="0" type="stmt"/>
        <line num="41" count="0" type="stmt"/>
        <line num="43" count="0" type="cond" truecount="0" falsecount="2"/>
        <line num="44" count="0" type="cond" truecount="0" falsecount="4"/>
        <line num="45" count="0" type="cond" truecount="0" falsecount="2"/>
        <line num="46" count="0" type="stmt"/>
        <line num="48" count="0" type="stmt"/>
        <line num="49" count="0" type="stmt"/>
        <line num="50" count="0" type="stmt"/>
        <line num="54" count="0" type="cond" truecount="0" falsecount="4"/>
        <line num="55" count="0" type="stmt"/>
        <line num="56" count="0" type="cond" truecount="0" falsecount="2"/>
        <line num="57" count="0" type="stmt"/>
        <line num="60" count="0" type="stmt"/>
        <line num="61" count="0" type="stmt"/>
        <line num="63" count="0" type="stmt"/>
        <line num="64" count="0" type="stmt"/>
        <line num="65" count="0" type="stmt"/>
        <line num="67" count="0" type="stmt"/>
        <line num="72" count="0" type="stmt"/>
        <line num="73" count="0" type="stmt"/>
        <line num="74" count="0" type="stmt"/>
        <line num="75" count="0" type="stmt"/>
        <line num="76" count="0" type="cond" truecount="0" falsecount="2"/>
        <line num="77" count="0" type="stmt"/>
      </file>
      <file name="equations.ts" path="C:\Users\asus\bmad\card\server\src\equations.ts">
        <metrics statements="176" coveredstatements="1" conditionals="205" coveredconditionals="0" methods="32" coveredmethods="0"/>
        <line num="9" count="0" type="stmt"/>
        <line num="15" count="0" type="cond" truecount="0" falsecount="8"/>
        <line num="16" count="0" type="stmt"/>
        <line num="17" count="0" type="stmt"/>
        <line num="18" count="0" type="stmt"/>
        <line num="19" count="0" type="cond" truecount="0" falsecount="4"/>
        <line num="20" count="0" type="stmt"/>
        <line num="25" count="0" type="cond" truecount="0" falsecount="5"/>
        <line num="30" count="0" type="cond" truecount="0" falsecount="4"/>
        <line num="31" count="0" type="stmt"/>
        <line num="32" count="0" type="cond" truecount="0" falsecount="2"/>
        <line num="33" count="0" type="stmt"/>
        <line num="35" count="0" type="stmt"/>
        <line num="36" count="0" type="cond" truecount="0" falsecount="2"/>
        <line num="37" count="0" type="stmt"/>
        <line num="41" count="0" type="cond" truecount="0" falsecount="4"/>
        <line num="42" count="0" type="stmt"/>
        <line num="43" count="0" type="stmt"/>
        <line num="44" count="0" type="stmt"/>
        <line num="45" count="0" type="stmt"/>
        <line num="50" count="0" type="stmt"/>
        <line num="51" count="0" type="cond" truecount="0" falsecount="2"/>
        <line num="59" count="0" type="stmt"/>
        <line num="60" count="0" type="cond" truecount="0" falsecount="4"/>
        <line num="61" count="0" type="cond" truecount="0" falsecount="2"/>
        <line num="62" count="0" type="stmt"/>
        <line num="63" count="0" type="cond" truecount="0" falsecount="4"/>
        <line num="64" count="0" type="stmt"/>
        <line num="66" count="0" type="stmt"/>
        <line num="67" count="0" type="cond" truecount="0" falsecount="4"/>
        <line num="68" count="0" type="stmt"/>
        <line num="70" count="0" type="stmt"/>
        <line num="77" count="0" type="stmt"/>
        <line num="85" count="0" type="cond" truecount="0" falsecount="2"/>
        <line num="90" count="1" type="stmt"/>
        <line num="93" count="0" type="cond" truecount="0" falsecount="2"/>
        <line num="94" count="0" type="stmt"/>
        <line num="95" count="0" type="stmt"/>
        <line num="96" count="0" type="stmt"/>
        <line num="97" count="0" type="stmt"/>
        <line num="99" count="0" type="stmt"/>
        <line num="108" count="0" type="cond" truecount="0" falsecount="4"/>
        <line num="109" count="0" type="stmt"/>
        <line num="110" count="0" type="stmt"/>
        <line num="111" count="0" type="stmt"/>
        <line num="112" count="0" type="stmt"/>
        <line num="115" count="0" type="stmt"/>
        <line num="116" count="0" type="stmt"/>
        <line num="117" count="0" type="stmt"/>
        <line num="118" count="0" type="stmt"/>
        <line num="119" count="0" type="cond" truecount="0" falsecount="6"/>
        <line num="120" count="0" type="stmt"/>
        <line num="121" count="0" type="cond" truecount="0" falsecount="2"/>
        <line num="128" count="0" type="stmt"/>
        <line num="131" count="0" type="stmt"/>
        <line num="132" count="0" type="stmt"/>
        <line num="133" count="0" type="stmt"/>
        <line num="134" count="0" type="cond" truecount="0" falsecount="6"/>
        <line num="135" count="0" type="stmt"/>
        <line num="136" count="0" type="cond" truecount="0" falsecount="2"/>
        <line num="138" count="0" type="stmt"/>
        <line num="139" count="0" type="cond" truecount="0" falsecount="6"/>
        <line num="140" count="0" type="stmt"/>
        <line num="141" count="0" type="cond" truecount="0" falsecount="2"/>
        <line num="147" count="0" type="stmt"/>
        <line num="148" count="0" type="stmt"/>
        <line num="149" count="0" type="cond" truecount="0" falsecount="6"/>
        <line num="150" count="0" type="stmt"/>
        <line num="152" count="0" type="stmt"/>
        <line num="159" count="0" type="cond" truecount="0" falsecount="2"/>
        <line num="160" count="0" type="cond" truecount="0" falsecount="4"/>
        <line num="161" count="0" type="cond" truecount="0" falsecount="4"/>
        <line num="162" count="0" type="stmt"/>
        <line num="166" count="0" type="cond" truecount="0" falsecount="2"/>
        <line num="167" count="0" type="cond" truecount="0" falsecount="4"/>
        <line num="168" count="0" type="cond" truecount="0" falsecount="2"/>
        <line num="169" count="0" type="cond" truecount="0" falsecount="5"/>
        <line num="170" count="0" type="stmt"/>
        <line num="171" count="0" type="stmt"/>
        <line num="172" count="0" type="stmt"/>
        <line num="173" count="0" type="stmt"/>
        <line num="174" count="0" type="stmt"/>
        <line num="179" count="0" type="cond" truecount="0" falsecount="4"/>
        <line num="180" count="0" type="cond" truecount="0" falsecount="4"/>
        <line num="181" count="0" type="stmt"/>
        <line num="182" count="0" type="cond" truecount="0" falsecount="2"/>
        <line num="183" count="0" type="stmt"/>
        <line num="187" count="0" type="cond" truecount="0" falsecount="2"/>
        <line num="188" count="0" type="stmt"/>
        <line num="189" count="0" type="stmt"/>
        <line num="190" count="0" type="stmt"/>
        <line num="191" count="0" type="stmt"/>
        <line num="193" count="0" type="stmt"/>
        <line num="202" count="0" type="stmt"/>
        <line num="203" count="0" type="stmt"/>
        <line num="204" count="0" type="stmt"/>
        <line num="205" count="0" type="cond" truecount="0" falsecount="2"/>
        <line num="206" count="0" type="cond" truecount="0" falsecount="2"/>
        <line num="207" count="0" type="cond" truecount="0" falsecount="2"/>
        <line num="208" count="0" type="cond" truecount="0" falsecount="2"/>
        <line num="209" count="0" type="cond" truecount="0" falsecount="2"/>
        <line num="210" count="0" type="stmt"/>
        <line num="211" count="0" type="stmt"/>
        <line num="212" count="0" type="cond" truecount="0" falsecount="3"/>
        <line num="214" count="0" type="stmt"/>
        <line num="215" count="0" type="stmt"/>
        <line num="216" count="0" type="stmt"/>
        <line num="217" count="0" type="stmt"/>
        <line num="218" count="0" type="stmt"/>
        <line num="219" count="0" type="stmt"/>
        <line num="220" count="0" type="stmt"/>
        <line num="221" count="0" type="stmt"/>
        <line num="222" count="0" type="cond" truecount="0" falsecount="2"/>
        <line num="223" count="0" type="stmt"/>
        <line num="224" count="0" type="cond" truecount="0" falsecount="2"/>
        <line num="226" count="0" type="cond" truecount="0" falsecount="4"/>
        <line num="230" count="0" type="stmt"/>
        <line num="232" count="0" type="cond" truecount="0" falsecount="2"/>
        <line num="233" count="0" type="cond" truecount="0" falsecount="2"/>
        <line num="234" count="0" type="stmt"/>
        <line num="235" count="0" type="stmt"/>
        <line num="236" count="0" type="stmt"/>
        <line num="237" count="0" type="stmt"/>
        <line num="238" count="0" type="stmt"/>
        <line num="239" count="0" type="stmt"/>
        <line num="240" count="0" type="cond" truecount="0" falsecount="2"/>
        <line num="241" count="0" type="stmt"/>
        <line num="242" count="0" type="cond" truecount="0" falsecount="2"/>
        <line num="244" count="0" type="cond" truecount="0" falsecount="4"/>
        <line num="247" count="0" type="stmt"/>
        <line num="256" count="0" type="stmt"/>
        <line num="257" count="0" type="stmt"/>
        <line num="258" count="0" type="stmt"/>
        <line num="259" count="0" type="cond" truecount="0" falsecount="2"/>
        <line num="260" count="0" type="cond" truecount="0" falsecount="2"/>
        <line num="261" count="0" type="cond" truecount="0" falsecount="2"/>
        <line num="262" count="0" type="stmt"/>
        <line num="263" count="0" type="cond" truecount="0" falsecount="5"/>
        <line num="265" count="0" type="stmt"/>
        <line num="266" count="0" type="stmt"/>
        <line num="267" count="0" type="stmt"/>
        <line num="268" count="0" type="stmt"/>
        <line num="269" count="0" type="stmt"/>
        <line num="270" count="0" type="stmt"/>
        <line num="271" count="0" type="stmt"/>
        <line num="272" count="0" type="stmt"/>
        <line num="273" count="0" type="cond" truecount="0" falsecount="2"/>
        <line num="274" count="0" type="stmt"/>
        <line num="275" count="0" type="cond" truecount="0" falsecount="2"/>
        <line num="277" count="0" type="cond" truecount="0" falsecount="4"/>
        <line num="281" count="0" type="stmt"/>
        <line num="289" count="0" type="cond" truecount="0" falsecount="2"/>
        <line num="290" count="0" type="cond" truecount="0" falsecount="2"/>
        <line num="291" count="0" type="cond" truecount="0" falsecount="2"/>
        <line num="295" count="0" type="stmt"/>
        <line num="296" count="0" type="stmt"/>
        <line num="297" count="0" type="cond" truecount="0" falsecount="2"/>
        <line num="298" count="0" type="cond" truecount="0" falsecount="4"/>
        <line num="301" count="0" type="stmt"/>
        <line num="302" count="0" type="cond" truecount="0" falsecount="2"/>
        <line num="303" count="0" type="cond" truecount="0" falsecount="2"/>
        <line num="305" count="0" type="stmt"/>
        <line num="309" count="0" type="stmt"/>
        <line num="310" count="0" type="stmt"/>
        <line num="311" count="0" type="cond" truecount="0" falsecount="4"/>
        <line num="312" count="0" type="cond" truecount="0" falsecount="2"/>
        <line num="314" count="0" type="cond" truecount="0" falsecount="2"/>
        <line num="315" count="0" type="stmt"/>
        <line num="316" count="0" type="stmt"/>
        <line num="317" count="0" type="stmt"/>
        <line num="318" count="0" type="cond" truecount="0" falsecount="2"/>
        <line num="319" count="0" type="cond" truecount="0" falsecount="2"/>
        <line num="320" count="0" type="stmt"/>
        <line num="321" count="0" type="cond" truecount="0" falsecount="2"/>
        <line num="323" count="0" type="stmt"/>
        <line num="326" count="0" type="stmt"/>
      </file>
      <file name="gameEngine.ts" path="C:\Users\asus\bmad\card\server\src\gameEngine.ts">
        <metrics statements="419" coveredstatements="30" conditionals="535" coveredconditionals="18" methods="89" coveredmethods="7"/>
        <line num="24" count="1" type="stmt"/>
        <line num="50" count="0" type="stmt"/>
        <line num="54" count="0" type="stmt"/>
        <line num="62" count="0" type="cond" truecount="0" falsecount="4"/>
        <line num="63" count="0" type="cond" truecount="0" falsecount="4"/>
        <line num="64" count="0" type="cond" truecount="0" falsecount="4"/>
        <line num="65" count="0" type="cond" truecount="0" falsecount="4"/>
        <line num="66" count="0" type="stmt"/>
        <line num="70" count="1" type="stmt"/>
        <line num="71" count="1" type="stmt"/>
        <line num="74" count="0" type="cond" truecount="0" falsecount="2"/>
        <line num="75" count="0" type="cond" truecount="0" falsecount="2"/>
        <line num="76" count="0" type="cond" truecount="0" falsecount="2"/>
        <line num="77" count="0" type="cond" truecount="0" falsecount="2"/>
        <line num="78" count="0" type="cond" truecount="0" falsecount="2"/>
        <line num="79" count="0" type="stmt"/>
        <line num="81" count="0" type="stmt"/>
        <line num="85" count="0" type="cond" truecount="0" falsecount="2"/>
        <line num="86" count="0" type="cond" truecount="0" falsecount="2"/>
        <line num="87" count="0" type="stmt"/>
        <line num="95" count="0" type="stmt"/>
        <line num="105" count="0" type="stmt"/>
        <line num="112" count="0" type="stmt"/>
        <line num="113" count="0" type="cond" truecount="0" falsecount="3"/>
        <line num="114" count="0" type="cond" truecount="0" falsecount="2"/>
        <line num="115" count="0" type="cond" truecount="0" falsecount="2"/>
        <line num="116" count="0" type="stmt"/>
        <line num="122" count="0" type="cond" truecount="0" falsecount="4"/>
        <line num="125" count="0" type="cond" truecount="0" falsecount="4"/>
        <line num="126" count="0" type="stmt"/>
        <line num="128" count="0" type="cond" truecount="0" falsecount="4"/>
        <line num="129" count="0" type="stmt"/>
        <line num="131" count="0" type="stmt"/>
        <line num="143" count="0" type="cond" truecount="0" falsecount="2"/>
        <line num="144" count="0" type="stmt"/>
        <line num="154" count="0" type="stmt"/>
        <line num="155" count="0" type="cond" truecount="0" falsecount="2"/>
        <line num="156" count="0" type="stmt"/>
        <line num="168" count="26" type="cond" truecount="2" falsecount="0"/>
        <line num="172" count="2" type="cond" truecount="1" falsecount="1"/>
        <line num="173" count="2" type="stmt"/>
        <line num="174" count="2" type="stmt"/>
        <line num="175" count="2" type="cond" truecount="1" falsecount="1"/>
        <line num="177" count="0" type="stmt"/>
        <line num="181" count="8" type="stmt"/>
        <line num="184" count="1" type="stmt"/>
        <line num="192" count="0" type="stmt"/>
        <line num="196" count="0" type="cond" truecount="0" falsecount="2"/>
        <line num="197" count="0" type="cond" truecount="0" falsecount="4"/>
        <line num="198" count="0" type="stmt"/>
        <line num="199" count="0" type="stmt"/>
        <line num="200" count="0" type="cond" truecount="0" falsecount="2"/>
        <line num="201" count="0" type="stmt"/>
        <line num="215" count="0" type="cond" truecount="0" falsecount="4"/>
        <line num="216" count="0" type="stmt"/>
        <line num="217" count="0" type="stmt"/>
        <line num="221" count="0" type="stmt"/>
        <line num="222" count="0" type="stmt"/>
        <line num="223" count="0" type="cond" truecount="0" falsecount="4"/>
        <line num="224" count="0" type="stmt"/>
        <line num="225" count="0" type="cond" truecount="0" falsecount="2"/>
        <line num="226" count="0" type="stmt"/>
        <line num="227" count="0" type="stmt"/>
        <line num="229" count="0" type="stmt"/>
        <line num="235" count="1" type="stmt"/>
        <line num="236" count="1" type="cond" truecount="2" falsecount="2"/>
        <line num="237" count="0" type="stmt"/>
        <line num="238" count="0" type="cond" truecount="0" falsecount="2"/>
        <line num="249" count="0" type="stmt"/>
        <line num="250" count="0" type="cond" truecount="0" falsecount="3"/>
        <line num="252" count="0" type="cond" truecount="0" falsecount="2"/>
        <line num="253" count="0" type="stmt"/>
        <line num="254" count="0" type="stmt"/>
        <line num="259" count="0" type="cond" truecount="0" falsecount="2"/>
        <line num="271" count="28" type="stmt"/>
        <line num="272" count="10" type="cond" truecount="2" falsecount="0"/>
        <line num="273" count="9" type="stmt"/>
        <line num="274" count="9" type="cond" truecount="2" falsecount="0"/>
        <line num="277" count="8" type="stmt"/>
        <line num="278" count="8" type="stmt"/>
        <line num="279" count="24" type="cond" truecount="2" falsecount="0"/>
        <line num="284" count="8" type="stmt"/>
        <line num="287" count="8" type="stmt"/>
        <line num="288" count="8" type="cond" truecount="2" falsecount="0"/>
        <line num="289" count="1" type="cond" truecount="1" falsecount="1"/>
        <line num="290" count="1" type="cond" truecount="1" falsecount="1"/>
        <line num="291" count="1" type="stmt"/>
        <line num="292" count="1" type="stmt"/>
        <line num="301" count="7" type="cond" truecount="2" falsecount="0"/>
        <line num="302" count="2" type="stmt"/>
        <line num="303" count="2" type="stmt"/>
        <line num="306" count="7" type="stmt"/>
        <line num="310" count="0" type="stmt"/>
        <line num="311" count="0" type="cond" truecount="0" falsecount="2"/>
        <line num="312" count="0" type="stmt"/>
        <line num="313" count="0" type="stmt"/>
        <line num="320" count="0" type="cond" truecount="0" falsecount="4"/>
        <line num="321" count="0" type="stmt"/>
        <line num="322" count="0" type="cond" truecount="0" falsecount="2"/>
        <line num="327" count="0" type="stmt"/>
        <line num="329" count="0" type="stmt"/>
        <line num="335" count="0" type="stmt"/>
        <line num="336" count="0" type="stmt"/>
        <line num="337" count="0" type="cond" truecount="0" falsecount="2"/>
        <line num="340" count="0" type="stmt"/>
        <line num="341" count="0" type="cond" truecount="0" falsecount="2"/>
        <line num="342" count="0" type="cond" truecount="0" falsecount="2"/>
        <line num="343" count="0" type="cond" truecount="0" falsecount="2"/>
        <line num="344" count="0" type="stmt"/>
        <line num="345" count="0" type="cond" truecount="0" falsecount="2"/>
        <line num="346" count="0" type="stmt"/>
        <line num="347" count="0" type="stmt"/>
        <line num="351" count="0" type="stmt"/>
        <line num="353" count="0" type="stmt"/>
        <line num="367" count="0" type="stmt"/>
        <line num="368" count="0" type="stmt"/>
        <line num="380" count="0" type="stmt"/>
        <line num="384" count="0" type="stmt"/>
        <line num="385" count="0" type="cond" truecount="0" falsecount="2"/>
        <line num="386" count="0" type="cond" truecount="0" falsecount="2"/>
        <line num="391" count="0" type="stmt"/>
        <line num="396" count="0" type="stmt"/>
        <line num="405" count="0" type="stmt"/>
        <line num="406" count="0" type="stmt"/>
        <line num="410" count="0" type="stmt"/>
        <line num="411" count="0" type="cond" truecount="0" falsecount="2"/>
        <line num="412" count="0" type="stmt"/>
        <line num="413" count="0" type="stmt"/>
        <line num="414" count="0" type="stmt"/>
        <line num="417" count="0" type="cond" truecount="0" falsecount="2"/>
        <line num="420" count="0" type="stmt"/>
        <line num="429" count="0" type="stmt"/>
        <line num="430" count="0" type="stmt"/>
        <line num="432" count="0" type="stmt"/>
        <line num="478" count="0" type="stmt"/>
        <line num="485" count="0" type="stmt"/>
        <line num="489" count="0" type="cond" truecount="0" falsecount="2"/>
        <line num="490" count="0" type="cond" truecount="0" falsecount="4"/>
        <line num="491" count="0" type="stmt"/>
        <line num="503" count="0" type="stmt"/>
        <line num="522" count="0" type="cond" truecount="0" falsecount="2"/>
        <line num="523" count="0" type="stmt"/>
        <line num="525" count="0" type="stmt"/>
        <line num="526" count="0" type="stmt"/>
        <line num="527" count="0" type="cond" truecount="0" falsecount="5"/>
        <line num="528" count="0" type="stmt"/>
        <line num="530" count="0" type="cond" truecount="0" falsecount="2"/>
        <line num="531" count="0" type="cond" truecount="0" falsecount="2"/>
        <line num="532" count="0" type="cond" truecount="0" falsecount="4"/>
        <line num="533" count="0" type="cond" truecount="0" falsecount="2"/>
        <line num="534" count="0" type="stmt"/>
        <line num="535" count="0" type="cond" truecount="0" falsecount="2"/>
        <line num="536" count="0" type="stmt"/>
        <line num="543" count="0" type="stmt"/>
        <line num="546" count="0" type="cond" truecount="0" falsecount="3"/>
        <line num="547" count="0" type="cond" truecount="0" falsecount="3"/>
        <line num="548" count="0" type="cond" truecount="0" falsecount="2"/>
        <line num="549" count="0" type="stmt"/>
        <line num="551" count="0" type="cond" truecount="0" falsecount="2"/>
        <line num="553" count="0" type="cond" truecount="0" falsecount="2"/>
        <line num="554" count="0" type="stmt"/>
        <line num="555" count="0" type="stmt"/>
        <line num="556" count="0" type="cond" truecount="0" falsecount="2"/>
        <line num="557" count="0" type="stmt"/>
        <line num="558" count="0" type="stmt"/>
        <line num="559" count="0" type="cond" truecount="0" falsecount="2"/>
        <line num="561" count="0" type="cond" truecount="0" falsecount="2"/>
        <line num="562" count="0" type="stmt"/>
        <line num="563" count="0" type="cond" truecount="0" falsecount="4"/>
        <line num="566" count="0" type="stmt"/>
        <line num="568" count="0" type="cond" truecount="0" falsecount="4"/>
        <line num="575" count="0" type="cond" truecount="0" falsecount="2"/>
        <line num="576" count="0" type="stmt"/>
        <line num="579" count="0" type="stmt"/>
        <line num="580" count="0" type="cond" truecount="0" falsecount="5"/>
        <line num="581" count="0" type="stmt"/>
        <line num="583" count="0" type="cond" truecount="0" falsecount="2"/>
        <line num="584" count="0" type="stmt"/>
        <line num="585" count="0" type="cond" truecount="0" falsecount="2"/>
        <line num="586" count="0" type="cond" truecount="0" falsecount="4"/>
        <line num="590" count="0" type="cond" truecount="0" falsecount="2"/>
        <line num="591" count="0" type="cond" truecount="0" falsecount="2"/>
        <line num="601" count="0" type="stmt"/>
        <line num="603" count="0" type="cond" truecount="0" falsecount="2"/>
        <line num="615" count="0" type="cond" truecount="0" falsecount="2"/>
        <line num="616" count="0" type="stmt"/>
        <line num="620" count="0" type="cond" truecount="0" falsecount="2"/>
        <line num="621" count="0" type="stmt"/>
        <line num="622" count="0" type="stmt"/>
        <line num="623" count="0" type="stmt"/>
        <line num="625" count="0" type="cond" truecount="0" falsecount="2"/>
        <line num="626" count="0" type="stmt"/>
        <line num="627" count="0" type="stmt"/>
        <line num="628" count="0" type="cond" truecount="0" falsecount="2"/>
        <line num="629" count="0" type="stmt"/>
        <line num="630" count="0" type="stmt"/>
        <line num="631" count="0" type="stmt"/>
        <line num="634" count="0" type="stmt"/>
        <line num="640" count="0" type="stmt"/>
        <line num="654" count="0" type="stmt"/>
        <line num="658" count="0" type="stmt"/>
        <line num="659" count="0" type="cond" truecount="0" falsecount="2"/>
        <line num="660" count="0" type="cond" truecount="0" falsecount="3"/>
        <line num="661" count="0" type="cond" truecount="0" falsecount="4"/>
        <line num="662" count="0" type="stmt"/>
        <line num="665" count="0" type="cond" truecount="0" falsecount="4"/>
        <line num="666" count="0" type="stmt"/>
        <line num="667" count="0" type="cond" truecount="0" falsecount="5"/>
        <line num="668" count="0" type="stmt"/>
        <line num="670" count="0" type="stmt"/>
        <line num="675" count="0" type="cond" truecount="0" falsecount="2"/>
        <line num="676" count="0" type="stmt"/>
        <line num="677" count="0" type="stmt"/>
        <line num="678" count="0" type="stmt"/>
        <line num="687" count="0" type="stmt"/>
        <line num="688" count="0" type="stmt"/>
        <line num="689" count="0" type="cond" truecount="0" falsecount="2"/>
        <line num="690" count="0" type="cond" truecount="0" falsecount="2"/>
        <line num="692" count="0" type="cond" truecount="0" falsecount="2"/>
        <line num="693" count="0" type="stmt"/>
        <line num="694" count="0" type="cond" truecount="0" falsecount="2"/>
        <line num="697" count="0" type="cond" truecount="0" falsecount="2"/>
        <line num="698" count="0" type="stmt"/>
        <line num="699" count="0" type="cond" truecount="0" falsecount="2"/>
        <line num="701" count="0" type="stmt"/>
        <line num="702" count="0" type="cond" truecount="0" falsecount="2"/>
        <line num="703" count="0" type="cond" truecount="0" falsecount="2"/>
        <line num="704" count="0" type="cond" truecount="0" falsecount="2"/>
        <line num="706" count="0" type="cond" truecount="0" falsecount="2"/>
        <line num="707" count="0" type="stmt"/>
        <line num="722" count="0" type="stmt"/>
        <line num="723" count="0" type="cond" truecount="0" falsecount="2"/>
        <line num="724" count="0" type="stmt"/>
        <line num="726" count="0" type="stmt"/>
        <line num="747" count="0" type="stmt"/>
        <line num="748" count="0" type="cond" truecount="0" falsecount="2"/>
        <line num="750" count="0" type="stmt"/>
        <line num="751" count="0" type="stmt"/>
        <line num="752" count="0" type="stmt"/>
        <line num="756" count="0" type="stmt"/>
        <line num="764" count="0" type="cond" truecount="0" falsecount="4"/>
        <line num="765" count="0" type="cond" truecount="0" falsecount="2"/>
        <line num="766" count="0" type="stmt"/>
        <line num="767" count="0" type="stmt"/>
        <line num="768" count="0" type="stmt"/>
        <line num="769" count="0" type="stmt"/>
        <line num="770" count="0" type="cond" truecount="0" falsecount="2"/>
        <line num="771" count="0" type="cond" truecount="0" falsecount="2"/>
        <line num="772" count="0" type="stmt"/>
        <line num="773" count="0" type="stmt"/>
        <line num="774" count="0" type="stmt"/>
        <line num="775" count="0" type="cond" truecount="0" falsecount="2"/>
        <line num="776" count="0" type="cond" truecount="0" falsecount="4"/>
        <line num="777" count="0" type="cond" truecount="0" falsecount="4"/>
        <line num="778" count="0" type="cond" truecount="0" falsecount="2"/>
        <line num="779" count="0" type="cond" truecount="0" falsecount="2"/>
        <line num="780" count="0" type="cond" truecount="0" falsecount="2"/>
        <line num="781" count="0" type="stmt"/>
        <line num="783" count="0" type="stmt"/>
        <line num="785" count="0" type="stmt"/>
        <line num="790" count="0" type="cond" truecount="0" falsecount="2"/>
        <line num="791" count="0" type="stmt"/>
        <line num="802" count="0" type="cond" truecount="0" falsecount="2"/>
        <line num="803" count="0" type="cond" truecount="0" falsecount="2"/>
        <line num="804" count="0" type="cond" truecount="0" falsecount="2"/>
        <line num="805" count="0" type="stmt"/>
        <line num="807" count="0" type="stmt"/>
        <line num="809" count="0" type="cond" truecount="0" falsecount="4"/>
        <line num="812" count="0" type="cond" truecount="0" falsecount="2"/>
        <line num="813" count="0" type="stmt"/>
        <line num="816" count="0" type="cond" truecount="0" falsecount="4"/>
        <line num="821" count="0" type="stmt"/>
        <line num="822" count="0" type="cond" truecount="0" falsecount="2"/>
        <line num="823" count="0" type="stmt"/>
        <line num="835" count="0" type="cond" truecount="0" falsecount="4"/>
        <line num="836" count="0" type="stmt"/>
        <line num="837" count="0" type="cond" truecount="0" falsecount="2"/>
        <line num="838" count="0" type="cond" truecount="0" falsecount="2"/>
        <line num="839" count="0" type="cond" truecount="0" falsecount="5"/>
        <line num="840" count="0" type="stmt"/>
        <line num="842" count="0" type="cond" truecount="0" falsecount="4"/>
        <line num="843" count="0" type="stmt"/>
        <line num="845" count="0" type="cond" truecount="0" falsecount="4"/>
        <line num="846" count="0" type="stmt"/>
        <line num="848" count="0" type="cond" truecount="0" falsecount="2"/>
        <line num="849" count="0" type="stmt"/>
        <line num="851" count="0" type="stmt"/>
        <line num="855" count="0" type="cond" truecount="0" falsecount="2"/>
        <line num="856" count="0" type="stmt"/>
        <line num="860" count="0" type="cond" truecount="0" falsecount="4"/>
        <line num="861" count="0" type="cond" truecount="0" falsecount="2"/>
        <line num="862" count="0" type="stmt"/>
        <line num="863" count="0" type="cond" truecount="0" falsecount="2"/>
        <line num="864" count="0" type="cond" truecount="0" falsecount="2"/>
        <line num="865" count="0" type="cond" truecount="0" falsecount="2"/>
        <line num="866" count="0" type="cond" truecount="0" falsecount="2"/>
        <line num="867" count="0" type="cond" truecount="0" falsecount="2"/>
        <line num="868" count="0" type="stmt"/>
        <line num="871" count="0" type="stmt"/>
        <line num="872" count="0" type="stmt"/>
        <line num="873" count="0" type="stmt"/>
        <line num="874" count="0" type="cond" truecount="0" falsecount="2"/>
        <line num="875" count="0" type="stmt"/>
        <line num="876" count="0" type="stmt"/>
        <line num="877" count="0" type="stmt"/>
        <line num="878" count="0" type="stmt"/>
        <line num="884" count="0" type="stmt"/>
        <line num="894" count="0" type="stmt"/>
        <line num="895" count="0" type="stmt"/>
        <line num="896" count="0" type="cond" truecount="0" falsecount="4"/>
        <line num="897" count="0" type="stmt"/>
        <line num="900" count="0" type="stmt"/>
        <line num="901" count="0" type="cond" truecount="0" falsecount="2"/>
        <line num="902" count="0" type="cond" truecount="0" falsecount="2"/>
        <line num="904" count="0" type="stmt"/>
        <line num="905" count="0" type="cond" truecount="0" falsecount="2"/>
        <line num="906" count="0" type="stmt"/>
        <line num="910" count="0" type="cond" truecount="0" falsecount="2"/>
        <line num="911" count="0" type="cond" truecount="0" falsecount="2"/>
        <line num="912" count="0" type="stmt"/>
        <line num="913" count="0" type="cond" truecount="0" falsecount="2"/>
        <line num="914" count="0" type="stmt"/>
        <line num="915" count="0" type="cond" truecount="0" falsecount="2"/>
        <line num="917" count="0" type="stmt"/>
        <line num="918" count="0" type="cond" truecount="0" falsecount="4"/>
        <line num="922" count="0" type="stmt"/>
        <line num="923" count="0" type="cond" truecount="0" falsecount="2"/>
        <line num="924" count="0" type="stmt"/>
        <line num="925" count="0" type="stmt"/>
        <line num="926" count="0" type="stmt"/>
        <line num="927" count="0" type="stmt"/>
        <line num="929" count="0" type="stmt"/>
        <line num="938" count="0" type="stmt"/>
        <line num="939" count="0" type="cond" truecount="0" falsecount="2"/>
        <line num="940" count="0" type="stmt"/>
        <line num="944" count="0" type="cond" truecount="0" falsecount="2"/>
        <line num="945" count="0" type="stmt"/>
        <line num="946" count="0" type="cond" truecount="0" falsecount="4"/>
        <line num="947" count="0" type="stmt"/>
        <line num="948" count="0" type="stmt"/>
        <line num="951" count="0" type="cond" truecount="0" falsecount="2"/>
        <line num="952" count="0" type="stmt"/>
        <line num="953" count="0" type="cond" truecount="0" falsecount="2"/>
        <line num="954" count="0" type="stmt"/>
        <line num="955" count="0" type="stmt"/>
        <line num="956" count="0" type="cond" truecount="0" falsecount="2"/>
        <line num="957" count="0" type="stmt"/>
        <line num="958" count="0" type="stmt"/>
        <line num="959" count="0" type="stmt"/>
        <line num="974" count="0" type="cond" truecount="0" falsecount="5"/>
        <line num="975" count="0" type="stmt"/>
        <line num="977" count="0" type="stmt"/>
        <line num="978" count="0" type="cond" truecount="0" falsecount="2"/>
        <line num="979" count="0" type="stmt"/>
        <line num="980" count="0" type="cond" truecount="0" falsecount="2"/>
        <line num="981" count="0" type="stmt"/>
        <line num="982" count="0" type="cond" truecount="0" falsecount="2"/>
        <line num="983" count="0" type="stmt"/>
        <line num="984" count="0" type="stmt"/>
        <line num="985" count="0" type="cond" truecount="0" falsecount="2"/>
        <line num="986" count="0" type="stmt"/>
        <line num="987" count="0" type="stmt"/>
        <line num="988" count="0" type="stmt"/>
        <line num="1003" count="0" type="cond" truecount="0" falsecount="2"/>
        <line num="1004" count="0" type="stmt"/>
        <line num="1005" count="0" type="cond" truecount="0" falsecount="2"/>
        <line num="1006" count="0" type="cond" truecount="0" falsecount="2"/>
        <line num="1007" count="0" type="cond" truecount="0" falsecount="2"/>
        <line num="1011" count="0" type="cond" truecount="0" falsecount="2"/>
        <line num="1012" count="0" type="stmt"/>
        <line num="1013" count="0" type="cond" truecount="0" falsecount="5"/>
        <line num="1014" count="0" type="stmt"/>
        <line num="1015" count="0" type="stmt"/>
        <line num="1016" count="0" type="cond" truecount="0" falsecount="2"/>
        <line num="1017" count="0" type="stmt"/>
        <line num="1018" count="0" type="cond" truecount="0" falsecount="6"/>
        <line num="1019" count="0" type="stmt"/>
        <line num="1020" count="0" type="stmt"/>
        <line num="1022" count="0" type="stmt"/>
        <line num="1025" count="0" type="stmt"/>
        <line num="1026" count="0" type="cond" truecount="0" falsecount="2"/>
        <line num="1027" count="0" type="stmt"/>
        <line num="1035" count="0" type="stmt"/>
        <line num="1036" count="0" type="cond" truecount="0" falsecount="2"/>
        <line num="1037" count="0" type="stmt"/>
        <line num="1041" count="0" type="cond" truecount="0" falsecount="2"/>
        <line num="1042" count="0" type="stmt"/>
        <line num="1043" count="0" type="stmt"/>
        <line num="1044" count="0" type="stmt"/>
        <line num="1051" count="0" type="stmt"/>
        <line num="1055" count="0" type="stmt"/>
        <line num="1056" count="0" type="stmt"/>
        <line num="1060" count="0" type="stmt"/>
        <line num="1061" count="0" type="stmt"/>
        <line num="1062" count="0" type="stmt"/>
        <line num="1066" count="0" type="cond" truecount="0" falsecount="4"/>
        <line num="1067" count="0" type="stmt"/>
        <line num="1068" count="0" type="cond" truecount="0" falsecount="4"/>
        <line num="1069" count="0" type="stmt"/>
        <line num="1080" count="0" type="stmt"/>
        <line num="1081" count="0" type="cond" truecount="0" falsecount="2"/>
        <line num="1082" count="0" type="stmt"/>
        <line num="1083" count="0" type="stmt"/>
        <line num="1084" count="0" type="stmt"/>
        <line num="1088" count="0" type="stmt"/>
        <line num="1089" count="0" type="stmt"/>
        <line num="1090" count="0" type="stmt"/>
        <line num="1094" count="0" type="cond" truecount="0" falsecount="4"/>
        <line num="1095" count="0" type="stmt"/>
        <line num="1096" count="0" type="stmt"/>
        <line num="1097" count="0" type="stmt"/>
        <line num="1102" count="0" type="stmt"/>
        <line num="1104" count="0" type="stmt"/>
        <line num="1112" count="0" type="stmt"/>
        <line num="1113" count="0" type="cond" truecount="0" falsecount="2"/>
        <line num="1115" count="0" type="stmt"/>
        <line num="1121" count="0" type="stmt"/>
        <line num="1122" count="0" type="stmt"/>
        <line num="1134" count="0" type="stmt"/>
      </file>
    </package>
    <package name="shared">
      <metrics statements="200" coveredstatements="4" conditionals="262" coveredconditionals="0" methods="34" coveredmethods="0"/>
      <file name="gameConstants.ts" path="C:\Users\asus\bmad\card\shared\gameConstants.ts">
        <metrics statements="4" coveredstatements="2" conditionals="4" coveredconditionals="0" methods="1" coveredmethods="0"/>
        <line num="2" count="1" type="stmt"/>
        <line num="5" count="1" type="stmt"/>
        <line num="9" count="0" type="cond" truecount="0" falsecount="4"/>
        <line num="10" count="0" type="stmt"/>
      </file>
      <file name="overflowSwap.ts" path="C:\Users\asus\bmad\card\shared\overflowSwap.ts">
        <metrics statements="46" coveredstatements="2" conditionals="85" coveredconditionals="0" methods="6" coveredmethods="0"/>
        <line num="3" count="1" type="stmt"/>
        <line num="4" count="1" type="stmt"/>
        <line num="12" count="0" type="stmt"/>
        <line num="20" count="0" type="stmt"/>
        <line num="21" count="0" type="cond" truecount="0" falsecount="2"/>
        <line num="22" count="0" type="cond" truecount="0" falsecount="2"/>
        <line num="23" count="0" type="cond" truecount="0" falsecount="2"/>
        <line num="25" count="0" type="cond" truecount="0" falsecount="8"/>
        <line num="26" count="0" type="cond" truecount="0" falsecount="4"/>
        <line num="27" count="0" type="cond" truecount="0" falsecount="4"/>
        <line num="29" count="0" type="cond" truecount="0" falsecount="4"/>
        <line num="30" count="0" type="cond" truecount="0" falsecount="4"/>
        <line num="32" count="0" type="cond" truecount="0" falsecount="4"/>
        <line num="33" count="0" type="cond" truecount="0" falsecount="4"/>
        <line num="35" count="0" type="cond" truecount="0" falsecount="4"/>
        <line num="36" count="0" type="cond" truecount="0" falsecount="4"/>
        <line num="38" count="0" type="stmt"/>
        <line num="43" count="0" type="stmt"/>
        <line num="44" count="0" type="cond" truecount="0" falsecount="2"/>
        <line num="48" count="0" type="cond" truecount="0" falsecount="6"/>
        <line num="50" count="0" type="stmt"/>
        <line num="52" count="0" type="stmt"/>
        <line num="54" count="0" type="cond" truecount="0" falsecount="2"/>
        <line num="56" count="0" type="stmt"/>
        <line num="58" count="0" type="stmt"/>
        <line num="60" count="0" type="stmt"/>
        <line num="65" count="0" type="cond" truecount="0" falsecount="6"/>
        <line num="67" count="0" type="stmt"/>
        <line num="69" count="0" type="stmt"/>
        <line num="71" count="0" type="cond" truecount="0" falsecount="2"/>
        <line num="73" count="0" type="stmt"/>
        <line num="75" count="0" type="stmt"/>
        <line num="77" count="0" type="stmt"/>
        <line num="86" count="0" type="cond" truecount="0" falsecount="4"/>
        <line num="92" count="0" type="stmt"/>
        <line num="94" count="0" type="cond" truecount="0" falsecount="2"/>
        <line num="95" count="0" type="stmt"/>
        <line num="105" count="0" type="stmt"/>
        <line num="107" count="0" type="stmt"/>
        <line num="108" count="0" type="stmt"/>
        <line num="109" count="0" type="stmt"/>
        <line num="110" count="0" type="stmt"/>
        <line num="111" count="0" type="cond" truecount="0" falsecount="2"/>
        <line num="123" count="0" type="stmt"/>
        <line num="135" count="0" type="cond" truecount="0" falsecount="2"/>
        <line num="136" count="0" type="stmt"/>
      </file>
      <file name="validation.ts" path="C:\Users\asus\bmad\card\shared\validation.ts">
        <metrics statements="150" coveredstatements="0" conditionals="173" coveredconditionals="0" methods="27" coveredmethods="0"/>
        <line num="14" count="0" type="cond" truecount="0" falsecount="2"/>
        <line num="15" count="0" type="stmt"/>
        <line num="21" count="0" type="cond" truecount="0" falsecount="2"/>
        <line num="29" count="0" type="cond" truecount="0" falsecount="2"/>
        <line num="30" count="0" type="stmt"/>
        <line num="31" count="0" type="cond" truecount="0" falsecount="2"/>
        <line num="39" count="0" type="cond" truecount="0" falsecount="2"/>
        <line num="40" count="0" type="stmt"/>
        <line num="41" count="0" type="cond" truecount="0" falsecount="2"/>
        <line num="42" count="0" type="cond" truecount="0" falsecount="2"/>
        <line num="43" count="0" type="cond" truecount="0" falsecount="2"/>
        <line num="44" count="0" type="stmt"/>
        <line num="52" count="0" type="cond" truecount="0" falsecount="4"/>
        <line num="53" count="0" type="cond" truecount="0" falsecount="2"/>
        <line num="54" count="0" type="cond" truecount="0" falsecount="4"/>
        <line num="55" count="0" type="cond" truecount="0" falsecount="4"/>
        <line num="56" count="0" type="stmt"/>
        <line num="63" count="0" type="cond" truecount="0" falsecount="2"/>
        <line num="64" count="0" type="stmt"/>
        <line num="72" count="0" type="cond" truecount="0" falsecount="4"/>
        <line num="73" count="0" type="stmt"/>
        <line num="81" count="0" type="cond" truecount="0" falsecount="2"/>
        <line num="82" count="0" type="cond" truecount="0" falsecount="8"/>
        <line num="87" count="0" type="stmt"/>
        <line num="90" count="0" type="stmt"/>
        <line num="92" count="0" type="stmt"/>
        <line num="94" count="0" type="stmt"/>
        <line num="103" count="0" type="cond" truecount="0" falsecount="2"/>
        <line num="104" count="0" type="stmt"/>
        <line num="130" count="0" type="stmt"/>
        <line num="134" count="0" type="cond" truecount="0" falsecount="5"/>
        <line num="136" count="0" type="stmt"/>
        <line num="138" count="0" type="stmt"/>
        <line num="140" count="0" type="stmt"/>
        <line num="142" count="0" type="cond" truecount="0" falsecount="4"/>
        <line num="144" count="0" type="stmt"/>
        <line num="155" count="0" type="cond" truecount="0" falsecount="2"/>
        <line num="156" count="0" type="cond" truecount="0" falsecount="2"/>
        <line num="157" count="0" type="cond" truecount="0" falsecount="4"/>
        <line num="158" count="0" type="stmt"/>
        <line num="159" count="0" type="cond" truecount="0" falsecount="2"/>
        <line num="160" count="0" type="stmt"/>
        <line num="162" count="0" type="stmt"/>
        <line num="163" count="0" type="cond" truecount="0" falsecount="2"/>
        <line num="164" count="0" type="stmt"/>
        <line num="168" count="0" type="stmt"/>
        <line num="175" count="0" type="stmt"/>
        <line num="176" count="0" type="cond" truecount="0" falsecount="2"/>
        <line num="177" count="0" type="stmt"/>
        <line num="178" count="0" type="cond" truecount="0" falsecount="4"/>
        <line num="179" count="0" type="stmt"/>
        <line num="183" count="0" type="cond" truecount="0" falsecount="2"/>
        <line num="184" count="0" type="cond" truecount="0" falsecount="2"/>
        <line num="185" count="0" type="stmt"/>
        <line num="186" count="0" type="stmt"/>
        <line num="191" count="0" type="stmt"/>
        <line num="192" count="0" type="cond" truecount="0" falsecount="2"/>
        <line num="194" count="0" type="cond" truecount="0" falsecount="2"/>
        <line num="195" count="0" type="stmt"/>
        <line num="196" count="0" type="cond" truecount="0" falsecount="5"/>
        <line num="197" count="0" type="stmt"/>
        <line num="198" count="0" type="stmt"/>
        <line num="199" count="0" type="cond" truecount="0" falsecount="2"/>
        <line num="201" count="0" type="stmt"/>
        <line num="202" count="0" type="stmt"/>
        <line num="203" count="0" type="cond" truecount="0" falsecount="2"/>
        <line num="204" count="0" type="cond" truecount="0" falsecount="2"/>
        <line num="205" count="0" type="cond" truecount="0" falsecount="2"/>
        <line num="208" count="0" type="stmt"/>
        <line num="217" count="0" type="stmt"/>
        <line num="218" count="0" type="cond" truecount="0" falsecount="2"/>
        <line num="220" count="0" type="cond" truecount="0" falsecount="2"/>
        <line num="221" count="0" type="stmt"/>
        <line num="224" count="0" type="stmt"/>
        <line num="225" count="0" type="stmt"/>
        <line num="226" count="0" type="cond" truecount="0" falsecount="7"/>
        <line num="228" count="0" type="cond" truecount="0" falsecount="2"/>
        <line num="229" count="0" type="stmt"/>
        <line num="230" count="0" type="cond" truecount="0" falsecount="2"/>
        <line num="231" count="0" type="stmt"/>
        <line num="233" count="0" type="cond" truecount="0" falsecount="2"/>
        <line num="234" count="0" type="stmt"/>
        <line num="235" count="0" type="cond" truecount="0" falsecount="2"/>
        <line num="236" count="0" type="stmt"/>
        <line num="238" count="0" type="stmt"/>
        <line num="246" count="0" type="stmt"/>
        <line num="247" count="0" type="cond" truecount="0" falsecount="2"/>
        <line num="248" count="0" type="cond" truecount="0" falsecount="4"/>
        <line num="250" count="0" type="stmt"/>
        <line num="251" count="0" type="cond" truecount="0" falsecount="4"/>
        <line num="252" count="0" type="cond" truecount="0" falsecount="2"/>
        <line num="255" count="0" type="cond" truecount="0" falsecount="2"/>
        <line num="256" count="0" type="stmt"/>
        <line num="258" count="0" type="stmt"/>
        <line num="260" count="0" type="stmt"/>
        <line num="261" count="0" type="cond" truecount="0" falsecount="2"/>
        <line num="262" count="0" type="stmt"/>
        <line num="263" count="0" type="cond" truecount="0" falsecount="2"/>
        <line num="264" count="0" type="cond" truecount="0" falsecount="2"/>
        <line num="265" count="0" type="stmt"/>
        <line num="267" count="0" type="stmt"/>
        <line num="275" count="0" type="stmt"/>
        <line num="276" count="0" type="stmt"/>
        <line num="277" count="0" type="stmt"/>
        <line num="278" count="0" type="cond" truecount="0" falsecount="2"/>
        <line num="280" count="0" type="stmt"/>
        <line num="281" count="0" type="cond" truecount="0" falsecount="2"/>
        <line num="283" count="0" type="cond" truecount="0" falsecount="2"/>
        <line num="284" count="0" type="cond" truecount="0" falsecount="2"/>
        <line num="285" count="0" type="cond" truecount="0" falsecount="2"/>
        <line num="286" count="0" type="stmt"/>
        <line num="289" count="0" type="cond" truecount="0" falsecount="2"/>
        <line num="290" count="0" type="cond" truecount="0" falsecount="2"/>
        <line num="291" count="0" type="cond" truecount="0" falsecount="2"/>
        <line num="294" count="0" type="stmt"/>
        <line num="301" count="0" type="stmt"/>
        <line num="302" count="0" type="cond" truecount="0" falsecount="2"/>
        <line num="304" count="0" type="stmt"/>
        <line num="305" count="0" type="stmt"/>
        <line num="306" count="0" type="stmt"/>
        <line num="308" count="0" type="stmt"/>
        <line num="309" count="0" type="cond" truecount="0" falsecount="2"/>
        <line num="310" count="0" type="stmt"/>
        <line num="311" count="0" type="stmt"/>
        <line num="314" count="0" type="stmt"/>
        <line num="316" count="0" type="stmt"/>
        <line num="317" count="0" type="stmt"/>
        <line num="318" count="0" type="cond" truecount="0" falsecount="2"/>
        <line num="320" count="0" type="cond" truecount="0" falsecount="4"/>
        <line num="321" count="0" type="stmt"/>
        <line num="322" count="0" type="stmt"/>
        <line num="323" count="0" type="stmt"/>
        <line num="324" count="0" type="stmt"/>
        <line num="325" count="0" type="stmt"/>
        <line num="326" count="0" type="stmt"/>
        <line num="329" count="0" type="cond" truecount="0" falsecount="2"/>
        <line num="330" count="0" type="stmt"/>
        <line num="331" count="0" type="stmt"/>
        <line num="332" count="0" type="stmt"/>
        <line num="333" count="0" type="stmt"/>
        <line num="334" count="0" type="stmt"/>
        <line num="339" count="0" type="stmt"/>
        <line num="340" count="0" type="stmt"/>
        <line num="348" count="0" type="cond" truecount="0" falsecount="2"/>
        <line num="349" count="0" type="stmt"/>
        <line num="350" count="0" type="cond" truecount="0" falsecount="2"/>
        <line num="351" count="0" type="stmt"/>
        <line num="353" count="0" type="stmt"/>
        <line num="361" count="0" type="cond" truecount="0" falsecount="5"/>
        <line num="362" count="0" type="stmt"/>
      </file>
    </package>
    <package name="shared.i18n">
      <metrics statements="22" coveredstatements="4" conditionals="28" coveredconditionals="0" methods="9" coveredmethods="0"/>
      <file name="en.ts" path="C:\Users\asus\bmad\card\shared\i18n\en.ts">
        <metrics statements="1" coveredstatements="1" conditionals="0" coveredconditionals="0" methods="0" coveredmethods="0"/>
        <line num="2" count="1" type="stmt"/>
      </file>
      <file name="format.ts" path="C:\Users\asus\bmad\card\shared\i18n\format.ts">
        <metrics statements="18" coveredstatements="1" conditionals="24" coveredconditionals="0" methods="8" coveredmethods="0"/>
        <line num="5" count="1" type="stmt"/>
        <line num="8" count="0" type="cond" truecount="0" falsecount="2"/>
        <line num="9" count="0" type="stmt"/>
        <line num="10" count="0" type="stmt"/>
        <line num="11" count="0" type="cond" truecount="0" falsecount="2"/>
        <line num="16" count="0" type="cond" truecount="0" falsecount="2"/>
        <line num="17" count="0" type="cond" truecount="0" falsecount="4"/>
        <line num="18" count="0" type="stmt"/>
        <line num="22" count="0" type="cond" truecount="0" falsecount="2"/>
        <line num="23" count="0" type="stmt"/>
        <line num="27" count="0" type="cond" truecount="0" falsecount="2"/>
        <line num="28" count="0" type="cond" truecount="0" falsecount="2"/>
        <line num="29" count="0" type="stmt"/>
        <line num="31" count="0" type="stmt"/>
        <line num="36" count="0" type="cond" truecount="0" falsecount="2"/>
        <line num="37" count="0" type="cond" truecount="0" falsecount="2"/>
        <line num="38" count="0" type="cond" truecount="0" falsecount="2"/>
        <line num="40" count="0" type="cond" truecount="0" falsecount="2"/>
      </file>
      <file name="he.ts" path="C:\Users\asus\bmad\card\shared\i18n\he.ts">
        <metrics statements="2" coveredstatements="2" conditionals="0" coveredconditionals="0" methods="0" coveredmethods="0"/>
        <line num="2" count="1" type="stmt"/>
        <line num="12" count="1" type="stmt"/>
      </file>
      <file name="index.ts" path="C:\Users\asus\bmad\card\shared\i18n\index.ts">
        <metrics statements="0" coveredstatements="0" conditionals="0" coveredconditionals="0" methods="0" coveredmethods="0"/>
      </file>
      <file name="types.ts" path="C:\Users\asus\bmad\card\shared\i18n\types.ts">
        <metrics statements="1" coveredstatements="0" conditionals="4" coveredconditionals="0" methods="1" coveredmethods="0"/>
        <line num="18" count="0" type="cond" truecount="0" falsecount="4"/>
      </file>
    </package>
  </project>
</coverage>
