{"C:\\Users\\asus\\bmad\\card\\server\\src\\deck.ts": {"path":"C:\\Users\\asus\\bmad\\card\\server\\src\\deck.ts","statementMap":{"0":{"start":{"line":10,"column":28},"end":{"line":10,"column":73}},"1":{"start":{"line":14,"column":14},"end":{"line":14,"column":24}},"2":{"start":{"line":15,"column":2},"end":{"line":18,"column":3}},"3":{"start":{"line":15,"column":15},"end":{"line":15,"column":29}},"4":{"start":{"line":16,"column":14},"end":{"line":16,"column":33}},"5":{"start":{"line":17,"column":4},"end":{"line":17,"column":40}},"6":{"start":{"line":19,"column":2},"end":{"line":19,"column":13}},"7":{"start":{"line":23,"column":65},"end":{"line":26,"column":1}},"8":{"start":{"line":35,"column":24},"end":{"line":35,"column":26}},"9":{"start":{"line":36,"column":20},"end":{"line":36,"column":73}},"10":{"start":{"line":39,"column":2},"end":{"line":41,"column":61}},"11":{"start":{"line":39,"column":17},"end":{"line":39,"column":18}},"12":{"start":{"line":40,"column":4},"end":{"line":41,"column":61}},"13":{"start":{"line":40,"column":17},"end":{"line":40,"column":18}},"14":{"start":{"line":41,"column":6},"end":{"line":41,"column":61}},"15":{"start":{"line":43,"column":2},"end":{"line":51,"column":3}},"16":{"start":{"line":44,"column":18},"end":{"line":44,"column":91}},"17":{"start":{"line":45,"column":18},"end":{"line":47,"column":27}},"18":{"start":{"line":46,"column":42},"end":{"line":46,"column":59}},"19":{"start":{"line":48,"column":4},"end":{"line":50,"column":71}},"20":{"start":{"line":49,"column":6},"end":{"line":50,"column":71}},"21":{"start":{"line":49,"column":19},"end":{"line":49,"column":20}},"22":{"start":{"line":50,"column":8},"end":{"line":50,"column":71}},"23":{"start":{"line":54,"column":34},"end":{"line":54,"column":123}},"24":{"start":{"line":55,"column":2},"end":{"line":57,"column":69}},"25":{"start":{"line":56,"column":4},"end":{"line":57,"column":69}},"26":{"start":{"line":56,"column":17},"end":{"line":56,"column":18}},"27":{"start":{"line":57,"column":6},"end":{"line":57,"column":69}},"28":{"start":{"line":60,"column":2},"end":{"line":61,"column":48}},"29":{"start":{"line":60,"column":15},"end":{"line":60,"column":16}},"30":{"start":{"line":61,"column":4},"end":{"line":61,"column":48}},"31":{"start":{"line":63,"column":16},"end":{"line":63,"column":58}},"32":{"start":{"line":64,"column":2},"end":{"line":65,"column":47}},"33":{"start":{"line":64,"column":15},"end":{"line":64,"column":16}},"34":{"start":{"line":65,"column":4},"end":{"line":65,"column":47}},"35":{"start":{"line":67,"column":2},"end":{"line":67,"column":15}},"36":{"start":{"line":72,"column":26},"end":{"line":72,"column":71}},"37":{"start":{"line":72,"column":68},"end":{"line":72,"column":70}},"38":{"start":{"line":73,"column":12},"end":{"line":73,"column":13}},"39":{"start":{"line":74,"column":2},"end":{"line":76,"column":56}},"40":{"start":{"line":74,"column":15},"end":{"line":74,"column":16}},"41":{"start":{"line":75,"column":4},"end":{"line":76,"column":56}},"42":{"start":{"line":75,"column":17},"end":{"line":75,"column":18}},"43":{"start":{"line":76,"column":6},"end":{"line":76,"column":56}},"44":{"start":{"line":76,"column":29},"end":{"line":76,"column":56}},"45":{"start":{"line":77,"column":2},"end":{"line":77,"column":47}}},"fnMap":{"0":{"name":"makeId","decl":{"start":{"line":10,"column":9},"end":{"line":10,"column":15}},"loc":{"start":{"line":10,"column":26},"end":{"line":10,"column":75}},"line":10},"1":{"name":"shuffle","decl":{"start":{"line":13,"column":16},"end":{"line":13,"column":23}},"loc":{"start":{"line":13,"column":44},"end":{"line":20,"column":1}},"line":13},"2":{"name":"generateDeck","decl":{"start":{"line":28,"column":16},"end":{"line":28,"column":28}},"loc":{"start":{"line":34,"column":10},"end":{"line":68,"column":1}},"line":34},"3":{"name":"(anonymous_3)","decl":{"start":{"line":46,"column":35},"end":{"line":46,"column":36}},"loc":{"start":{"line":46,"column":42},"end":{"line":46,"column":59}},"line":46},"4":{"name":"dealCards","decl":{"start":{"line":71,"column":16},"end":{"line":71,"column":25}},"loc":{"start":{"line":71,"column":85},"end":{"line":78,"column":1}},"line":71},"5":{"name":"(anonymous_5)","decl":{"start":{"line":72,"column":62},"end":{"line":72,"column":63}},"loc":{"start":{"line":72,"column":68},"end":{"line":72,"column":70}},"line":72}},"branchMap":{"0":{"loc":{"start":{"line":30,"column":2},"end":{"line":30,"column":34}},"type":"default-arg","locations":[{"start":{"line":30,"column":30},"end":{"line":30,"column":34}}],"line":30},"1":{"loc":{"start":{"line":36,"column":20},"end":{"line":36,"column":73}},"type":"binary-expr","locations":[{"start":{"line":36,"column":20},"end":{"line":36,"column":36}},{"start":{"line":36,"column":41},"end":{"line":36,"column":72}}],"line":36},"2":{"loc":{"start":{"line":36,"column":41},"end":{"line":36,"column":72}},"type":"cond-expr","locations":[{"start":{"line":36,"column":65},"end":{"line":36,"column":67}},{"start":{"line":36,"column":70},"end":{"line":36,"column":72}}],"line":36},"3":{"loc":{"start":{"line":43,"column":2},"end":{"line":51,"column":3}},"type":"if","locations":[{"start":{"line":43,"column":2},"end":{"line":51,"column":3}},{"start":{},"end":{}}],"line":43},"4":{"loc":{"start":{"line":44,"column":18},"end":{"line":44,"column":91}},"type":"cond-expr","locations":[{"start":{"line":44,"column":62},"end":{"line":44,"column":84}},{"start":{"line":44,"column":87},"end":{"line":44,"column":91}}],"line":44},"5":{"loc":{"start":{"line":44,"column":18},"end":{"line":44,"column":59}},"type":"binary-expr","locations":[{"start":{"line":44,"column":18},"end":{"line":44,"column":31}},{"start":{"line":44,"column":35},"end":{"line":44,"column":59}}],"line":44},"6":{"loc":{"start":{"line":45,"column":18},"end":{"line":47,"column":27}},"type":"cond-expr","locations":[{"start":{"line":46,"column":8},"end":{"line":46,"column":60}},{"start":{"line":47,"column":8},"end":{"line":47,"column":27}}],"line":45},"7":{"loc":{"start":{"line":54,"column":34},"end":{"line":54,"column":123}},"type":"cond-expr","locations":[{"start":{"line":54,"column":84},"end":{"line":54,"column":100}},{"start":{"line":54,"column":103},"end":{"line":54,"column":123}}],"line":54},"8":{"loc":{"start":{"line":54,"column":34},"end":{"line":54,"column":81}},"type":"binary-expr","locations":[{"start":{"line":54,"column":34},"end":{"line":54,"column":50}},{"start":{"line":54,"column":54},"end":{"line":54,"column":81}}],"line":54},"9":{"loc":{"start":{"line":56,"column":25},"end":{"line":56,"column":43}},"type":"cond-expr","locations":[{"start":{"line":56,"column":38},"end":{"line":56,"column":39}},{"start":{"line":56,"column":42},"end":{"line":56,"column":43}}],"line":56},"10":{"loc":{"start":{"line":76,"column":6},"end":{"line":76,"column":56}},"type":"if","locations":[{"start":{"line":76,"column":6},"end":{"line":76,"column":56}},{"start":{},"end":{}}],"line":76}},"s":{"0":0,"1":8,"2":8,"3":8,"4":18,"5":18,"6":8,"7":1,"8":0,"9":0,"10":0,"11":0,"12":0,"13":0,"14":0,"15":0,"16":0,"17":0,"18":0,"19":0,"20":0,"21":0,"22":0,"23":0,"24":0,"25":0,"26":0,"27":0,"28":0,"29":0,"30":0,"31":0,"32":0,"33":0,"34":0,"35":0,"36":0,"37":0,"38":0,"39":0,"40":0,"41":0,"42":0,"43":0,"44":0,"45":0},"f":{"0":0,"1":8,"2":0,"3":0,"4":0,"5":0},"b":{"0":[0],"1":[0,0],"2":[0,0],"3":[0,0],"4":[0,0],"5":[0,0],"6":[0,0],"7":[0,0],"8":[0,0],"9":[0,0],"10":[0,0]},"_coverageSchema":"1a1c01bbd47fc00a2c39e90264f33305004495a9","hash":"8f7786003ce21697334d66a60e5944873f0f0f43"}
,"C:\\Users\\asus\\bmad\\card\\server\\src\\equations.ts": {"path":"C:\\Users\\asus\\bmad\\card\\server\\src\\equations.ts","statementMap":{"0":{"start":{"line":9,"column":2},"end":{"line":9,"column":64}},"1":{"start":{"line":15,"column":2},"end":{"line":21,"column":3}},"2":{"start":{"line":16,"column":14},"end":{"line":16,"column":27}},"3":{"start":{"line":17,"column":14},"end":{"line":17,"column":27}},"4":{"start":{"line":18,"column":34},"end":{"line":18,"column":47}},"5":{"start":{"line":19,"column":24},"end":{"line":19,"column":69}},"6":{"start":{"line":20,"column":13},"end":{"line":20,"column":25}},"7":{"start":{"line":25,"column":2},"end":{"line":25,"column":76}},"8":{"start":{"line":30,"column":2},"end":{"line":34,"column":3}},"9":{"start":{"line":31,"column":18},"end":{"line":31,"column":43}},"10":{"start":{"line":32,"column":4},"end":{"line":32,"column":36}},"11":{"start":{"line":32,"column":24},"end":{"line":32,"column":36}},"12":{"start":{"line":33,"column":4},"end":{"line":33,"column":41}},"13":{"start":{"line":35,"column":15},"end":{"line":35,"column":40}},"14":{"start":{"line":36,"column":2},"end":{"line":36,"column":33}},"15":{"start":{"line":36,"column":21},"end":{"line":36,"column":33}},"16":{"start":{"line":37,"column":2},"end":{"line":37,"column":38}},"17":{"start":{"line":41,"column":2},"end":{"line":46,"column":3}},"18":{"start":{"line":42,"column":16},"end":{"line":42,"column":25}},"19":{"start":{"line":43,"column":16},"end":{"line":43,"column":25}},"20":{"start":{"line":44,"column":16},"end":{"line":44,"column":25}},"21":{"start":{"line":45,"column":16},"end":{"line":45,"column":25}},"22":{"start":{"line":50,"column":12},"end":{"line":50,"column":34}},"23":{"start":{"line":51,"column":2},"end":{"line":51,"column":38}},"24":{"start":{"line":59,"column":2},"end":{"line":71,"column":3}},"25":{"start":{"line":60,"column":4},"end":{"line":60,"column":48}},"26":{"start":{"line":60,"column":36},"end":{"line":60,"column":48}},"27":{"start":{"line":61,"column":4},"end":{"line":65,"column":5}},"28":{"start":{"line":62,"column":21},"end":{"line":62,"column":57}},"29":{"start":{"line":63,"column":6},"end":{"line":63,"column":67}},"30":{"start":{"line":63,"column":55},"end":{"line":63,"column":67}},"31":{"start":{"line":64,"column":6},"end":{"line":64,"column":20}},"32":{"start":{"line":66,"column":25},"end":{"line":66,"column":52}},"33":{"start":{"line":67,"column":4},"end":{"line":67,"column":77}},"34":{"start":{"line":67,"column":65},"end":{"line":67,"column":77}},"35":{"start":{"line":68,"column":4},"end":{"line":68,"column":24}},"36":{"start":{"line":70,"column":4},"end":{"line":70,"column":16}},"37":{"start":{"line":77,"column":2},"end":{"line":81,"column":4}},"38":{"start":{"line":85,"column":2},"end":{"line":85,"column":60}},"39":{"start":{"line":90,"column":29},"end":{"line":90,"column":49}},"40":{"start":{"line":93,"column":2},"end":{"line":93,"column":36}},"41":{"start":{"line":93,"column":23},"end":{"line":93,"column":36}},"42":{"start":{"line":94,"column":29},"end":{"line":94,"column":31}},"43":{"start":{"line":95,"column":2},"end":{"line":98,"column":3}},"44":{"start":{"line":95,"column":15},"end":{"line":95,"column":16}},"45":{"start":{"line":96,"column":17},"end":{"line":96,"column":58}},"46":{"start":{"line":97,"column":4},"end":{"line":97,"column":74}},"47":{"start":{"line":97,"column":43},"end":{"line":97,"column":74}},"48":{"start":{"line":99,"column":2},"end":{"line":99,"column":16}},"49":{"start":{"line":108,"column":21},"end":{"line":108,"column":97}},"50":{"start":{"line":109,"column":17},"end":{"line":109,"column":50}},"51":{"start":{"line":110,"column":16},"end":{"line":110,"column":36}},"52":{"start":{"line":111,"column":15},"end":{"line":111,"column":32}},"53":{"start":{"line":112,"column":36},"end":{"line":112,"column":38}},"54":{"start":{"line":115,"column":2},"end":{"line":125,"column":3}},"55":{"start":{"line":116,"column":4},"end":{"line":124,"column":5}},"56":{"start":{"line":117,"column":6},"end":{"line":123,"column":7}},"57":{"start":{"line":118,"column":18},"end":{"line":118,"column":51}},"58":{"start":{"line":119,"column":8},"end":{"line":122,"column":9}},"59":{"start":{"line":120,"column":21},"end":{"line":120,"column":58}},"60":{"start":{"line":121,"column":10},"end":{"line":121,"column":109}},"61":{"start":{"line":121,"column":41},"end":{"line":121,"column":64}},"62":{"start":{"line":121,"column":65},"end":{"line":121,"column":107}},"63":{"start":{"line":128,"column":36},"end":{"line":130,"column":3}},"64":{"start":{"line":131,"column":2},"end":{"line":144,"column":3}},"65":{"start":{"line":132,"column":4},"end":{"line":143,"column":5}},"66":{"start":{"line":133,"column":17},"end":{"line":133,"column":41}},"67":{"start":{"line":134,"column":6},"end":{"line":137,"column":7}},"68":{"start":{"line":135,"column":20},"end":{"line":135,"column":45}},"69":{"start":{"line":136,"column":8},"end":{"line":136,"column":113}},"70":{"start":{"line":136,"column":41},"end":{"line":136,"column":66}},"71":{"start":{"line":136,"column":67},"end":{"line":136,"column":111}},"72":{"start":{"line":138,"column":17},"end":{"line":138,"column":41}},"73":{"start":{"line":139,"column":6},"end":{"line":142,"column":7}},"74":{"start":{"line":140,"column":20},"end":{"line":140,"column":45}},"75":{"start":{"line":141,"column":8},"end":{"line":141,"column":113}},"76":{"start":{"line":141,"column":41},"end":{"line":141,"column":66}},"77":{"start":{"line":141,"column":67},"end":{"line":141,"column":111}},"78":{"start":{"line":147,"column":19},"end":{"line":147,"column":52}},"79":{"start":{"line":148,"column":2},"end":{"line":151,"column":5}},"80":{"start":{"line":149,"column":4},"end":{"line":151,"column":5}},"81":{"start":{"line":150,"column":6},"end":{"line":150,"column":36}},"82":{"start":{"line":152,"column":2},"end":{"line":152,"column":75}},"83":{"start":{"line":152,"column":54},"end":{"line":152,"column":73}},"84":{"start":{"line":159,"column":2},"end":{"line":159,"column":25}},"85":{"start":{"line":159,"column":13},"end":{"line":159,"column":25}},"86":{"start":{"line":160,"column":2},"end":{"line":160,"column":56}},"87":{"start":{"line":160,"column":30},"end":{"line":160,"column":56}},"88":{"start":{"line":161,"column":2},"end":{"line":161,"column":62}},"89":{"start":{"line":161,"column":28},"end":{"line":161,"column":62}},"90":{"start":{"line":162,"column":2},"end":{"line":162,"column":14}},"91":{"start":{"line":166,"column":2},"end":{"line":166,"column":32}},"92":{"start":{"line":166,"column":19},"end":{"line":166,"column":32}},"93":{"start":{"line":167,"column":2},"end":{"line":167,"column":94}},"94":{"start":{"line":167,"column":28},"end":{"line":167,"column":94}},"95":{"start":{"line":168,"column":2},"end":{"line":168,"column":50}},"96":{"start":{"line":168,"column":37},"end":{"line":168,"column":50}},"97":{"start":{"line":169,"column":2},"end":{"line":175,"column":3}},"98":{"start":{"line":170,"column":19},"end":{"line":170,"column":58}},"99":{"start":{"line":171,"column":21},"end":{"line":171,"column":66}},"100":{"start":{"line":172,"column":22},"end":{"line":172,"column":69}},"101":{"start":{"line":173,"column":18},"end":{"line":173,"column":53}},"102":{"start":{"line":174,"column":13},"end":{"line":174,"column":26}},"103":{"start":{"line":179,"column":2},"end":{"line":179,"column":50}},"104":{"start":{"line":179,"column":37},"end":{"line":179,"column":50}},"105":{"start":{"line":180,"column":2},"end":{"line":180,"column":79}},"106":{"start":{"line":180,"column":66},"end":{"line":180,"column":79}},"107":{"start":{"line":181,"column":20},"end":{"line":181,"column":50}},"108":{"start":{"line":182,"column":2},"end":{"line":182,"column":39}},"109":{"start":{"line":182,"column":26},"end":{"line":182,"column":39}},"110":{"start":{"line":183,"column":2},"end":{"line":183,"column":69}},"111":{"start":{"line":187,"column":2},"end":{"line":187,"column":36}},"112":{"start":{"line":187,"column":23},"end":{"line":187,"column":36}},"113":{"start":{"line":188,"column":29},"end":{"line":188,"column":31}},"114":{"start":{"line":189,"column":2},"end":{"line":192,"column":3}},"115":{"start":{"line":189,"column":15},"end":{"line":189,"column":16}},"116":{"start":{"line":190,"column":17},"end":{"line":190,"column":58}},"117":{"start":{"line":191,"column":4},"end":{"line":191,"column":83}},"118":{"start":{"line":191,"column":52},"end":{"line":191,"column":83}},"119":{"start":{"line":193,"column":2},"end":{"line":193,"column":16}},"120":{"start":{"line":202,"column":14},"end":{"line":202,"column":48}},"121":{"start":{"line":203,"column":20},"end":{"line":203,"column":69}},"122":{"start":{"line":203,"column":44},"end":{"line":203,"column":61}},"123":{"start":{"line":204,"column":19},"end":{"line":204,"column":63}},"124":{"start":{"line":204,"column":43},"end":{"line":204,"column":62}},"125":{"start":{"line":205,"column":17},"end":{"line":205,"column":48}},"126":{"start":{"line":205,"column":35},"end":{"line":205,"column":47}},"127":{"start":{"line":206,"column":2},"end":{"line":206,"column":34}},"128":{"start":{"line":206,"column":21},"end":{"line":206,"column":34}},"129":{"start":{"line":207,"column":2},"end":{"line":207,"column":40}},"130":{"start":{"line":207,"column":27},"end":{"line":207,"column":40}},"131":{"start":{"line":208,"column":2},"end":{"line":231,"column":3}},"132":{"start":{"line":209,"column":4},"end":{"line":213,"column":5}},"133":{"start":{"line":210,"column":18},"end":{"line":210,"column":51}},"134":{"start":{"line":210,"column":42},"end":{"line":210,"column":47}},"135":{"start":{"line":211,"column":22},"end":{"line":211,"column":34}},"136":{"start":{"line":212,"column":6},"end":{"line":212,"column":73}},"137":{"start":{"line":214,"column":15},"end":{"line":214,"column":32}},"138":{"start":{"line":215,"column":4},"end":{"line":229,"column":5}},"139":{"start":{"line":215,"column":23},"end":{"line":215,"column":24}},"140":{"start":{"line":216,"column":22},"end":{"line":216,"column":42}},"141":{"start":{"line":217,"column":20},"end":{"line":217,"column":50}},"142":{"start":{"line":218,"column":6},"end":{"line":228,"column":7}},"143":{"start":{"line":219,"column":8},"end":{"line":227,"column":9}},"144":{"start":{"line":219,"column":26},"end":{"line":219,"column":27}},"145":{"start":{"line":220,"column":38},"end":{"line":220,"column":45}},"146":{"start":{"line":221,"column":10},"end":{"line":225,"column":11}},"147":{"start":{"line":221,"column":23},"end":{"line":221,"column":24}},"148":{"start":{"line":222,"column":26},"end":{"line":222,"column":53}},"149":{"start":{"line":223,"column":12},"end":{"line":223,"column":61}},"150":{"start":{"line":224,"column":12},"end":{"line":224,"column":39}},"151":{"start":{"line":224,"column":33},"end":{"line":224,"column":39}},"152":{"start":{"line":226,"column":10},"end":{"line":226,"column":64}},"153":{"start":{"line":226,"column":52},"end":{"line":226,"column":64}},"154":{"start":{"line":230,"column":4},"end":{"line":230,"column":17}},"155":{"start":{"line":232,"column":2},"end":{"line":232,"column":40}},"156":{"start":{"line":232,"column":27},"end":{"line":232,"column":40}},"157":{"start":{"line":233,"column":2},"end":{"line":233,"column":67}},"158":{"start":{"line":233,"column":15},"end":{"line":233,"column":67}},"159":{"start":{"line":233,"column":46},"end":{"line":233,"column":51}},"160":{"start":{"line":234,"column":13},"end":{"line":234,"column":30}},"161":{"start":{"line":235,"column":16},"end":{"line":235,"column":45}},"162":{"start":{"line":236,"column":2},"end":{"line":246,"column":3}},"163":{"start":{"line":237,"column":4},"end":{"line":245,"column":5}},"164":{"start":{"line":237,"column":22},"end":{"line":237,"column":23}},"165":{"start":{"line":238,"column":34},"end":{"line":238,"column":41}},"166":{"start":{"line":239,"column":6},"end":{"line":243,"column":7}},"167":{"start":{"line":239,"column":19},"end":{"line":239,"column":20}},"168":{"start":{"line":240,"column":22},"end":{"line":240,"column":49}},"169":{"start":{"line":241,"column":8},"end":{"line":241,"column":57}},"170":{"start":{"line":242,"column":8},"end":{"line":242,"column":35}},"171":{"start":{"line":242,"column":29},"end":{"line":242,"column":35}},"172":{"start":{"line":244,"column":6},"end":{"line":244,"column":60}},"173":{"start":{"line":244,"column":48},"end":{"line":244,"column":60}},"174":{"start":{"line":247,"column":2},"end":{"line":247,"column":15}},"175":{"start":{"line":256,"column":14},"end":{"line":256,"column":48}},"176":{"start":{"line":257,"column":20},"end":{"line":257,"column":69}},"177":{"start":{"line":257,"column":44},"end":{"line":257,"column":61}},"178":{"start":{"line":258,"column":19},"end":{"line":258,"column":63}},"179":{"start":{"line":258,"column":43},"end":{"line":258,"column":62}},"180":{"start":{"line":259,"column":17},"end":{"line":259,"column":48}},"181":{"start":{"line":259,"column":35},"end":{"line":259,"column":47}},"182":{"start":{"line":260,"column":2},"end":{"line":260,"column":35}},"183":{"start":{"line":260,"column":23},"end":{"line":260,"column":35}},"184":{"start":{"line":261,"column":2},"end":{"line":264,"column":3}},"185":{"start":{"line":262,"column":20},"end":{"line":262,"column":62}},"186":{"start":{"line":262,"column":53},"end":{"line":262,"column":58}},"187":{"start":{"line":263,"column":4},"end":{"line":263,"column":88}},"188":{"start":{"line":265,"column":13},"end":{"line":265,"column":30}},"189":{"start":{"line":266,"column":2},"end":{"line":280,"column":3}},"190":{"start":{"line":266,"column":21},"end":{"line":266,"column":22}},"191":{"start":{"line":267,"column":20},"end":{"line":267,"column":40}},"192":{"start":{"line":268,"column":18},"end":{"line":268,"column":48}},"193":{"start":{"line":269,"column":4},"end":{"line":279,"column":5}},"194":{"start":{"line":270,"column":6},"end":{"line":278,"column":7}},"195":{"start":{"line":270,"column":24},"end":{"line":270,"column":25}},"196":{"start":{"line":271,"column":36},"end":{"line":271,"column":43}},"197":{"start":{"line":272,"column":8},"end":{"line":276,"column":9}},"198":{"start":{"line":272,"column":21},"end":{"line":272,"column":22}},"199":{"start":{"line":273,"column":24},"end":{"line":273,"column":51}},"200":{"start":{"line":274,"column":10},"end":{"line":274,"column":59}},"201":{"start":{"line":275,"column":10},"end":{"line":275,"column":37}},"202":{"start":{"line":275,"column":31},"end":{"line":275,"column":37}},"203":{"start":{"line":277,"column":8},"end":{"line":277,"column":65}},"204":{"start":{"line":277,"column":50},"end":{"line":277,"column":65}},"205":{"start":{"line":281,"column":2},"end":{"line":281,"column":14}},"206":{"start":{"line":289,"column":24},"end":{"line":289,"column":89}},"207":{"start":{"line":289,"column":48},"end":{"line":289,"column":88}},"208":{"start":{"line":290,"column":23},"end":{"line":290,"column":76}},"209":{"start":{"line":290,"column":45},"end":{"line":290,"column":67}},"210":{"start":{"line":291,"column":18},"end":{"line":293,"column":10}},"211":{"start":{"line":291,"column":42},"end":{"line":291,"column":59}},"212":{"start":{"line":295,"column":2},"end":{"line":299,"column":3}},"213":{"start":{"line":295,"column":15},"end":{"line":295,"column":37}},"214":{"start":{"line":296,"column":14},"end":{"line":296,"column":28}},"215":{"start":{"line":297,"column":4},"end":{"line":297,"column":38}},"216":{"start":{"line":297,"column":29},"end":{"line":297,"column":38}},"217":{"start":{"line":298,"column":4},"end":{"line":298,"column":90}},"218":{"start":{"line":298,"column":27},"end":{"line":298,"column":90}},"219":{"start":{"line":301,"column":19},"end":{"line":301,"column":58}},"220":{"start":{"line":302,"column":2},"end":{"line":304,"column":3}},"221":{"start":{"line":303,"column":4},"end":{"line":303,"column":81}},"222":{"start":{"line":305,"column":2},"end":{"line":305,"column":26}},"223":{"start":{"line":309,"column":85},"end":{"line":309,"column":87}},"224":{"start":{"line":310,"column":2},"end":{"line":313,"column":3}},"225":{"start":{"line":311,"column":4},"end":{"line":312,"column":83}},"226":{"start":{"line":311,"column":29},"end":{"line":311,"column":79}},"227":{"start":{"line":312,"column":9},"end":{"line":312,"column":83}},"228":{"start":{"line":312,"column":37},"end":{"line":312,"column":83}},"229":{"start":{"line":314,"column":2},"end":{"line":314,"column":39}},"230":{"start":{"line":314,"column":27},"end":{"line":314,"column":39}},"231":{"start":{"line":315,"column":30},"end":{"line":315,"column":34}},"232":{"start":{"line":316,"column":29},"end":{"line":316,"column":32}},"233":{"start":{"line":317,"column":2},"end":{"line":325,"column":3}},"234":{"start":{"line":318,"column":4},"end":{"line":324,"column":5}},"235":{"start":{"line":319,"column":6},"end":{"line":320,"column":87}},"236":{"start":{"line":319,"column":29},"end":{"line":319,"column":49}},"237":{"start":{"line":320,"column":13},"end":{"line":320,"column":68}},"238":{"start":{"line":320,"column":69},"end":{"line":320,"column":85}},"239":{"start":{"line":321,"column":6},"end":{"line":321,"column":39}},"240":{"start":{"line":321,"column":27},"end":{"line":321,"column":39}},"241":{"start":{"line":323,"column":6},"end":{"line":323,"column":26}},"242":{"start":{"line":326,"column":2},"end":{"line":326,"column":16}}},"fnMap":{"0":{"name":"randomInt","decl":{"start":{"line":8,"column":9},"end":{"line":8,"column":18}},"loc":{"start":{"line":8,"column":62},"end":{"line":10,"column":1}},"line":8},"1":{"name":"applyOperation","decl":{"start":{"line":14,"column":16},"end":{"line":14,"column":30}},"loc":{"start":{"line":14,"column":92},"end":{"line":22,"column":1}},"line":14},"2":{"name":"isHighPrecedence","decl":{"start":{"line":24,"column":9},"end":{"line":24,"column":25}},"loc":{"start":{"line":24,"column":47},"end":{"line":26,"column":1}},"line":24},"3":{"name":"evalThreeTerms","decl":{"start":{"line":29,"column":16},"end":{"line":29,"column":30}},"loc":{"start":{"line":29,"column":105},"end":{"line":38,"column":1}},"line":29},"4":{"name":"fractionDenominator","decl":{"start":{"line":40,"column":16},"end":{"line":40,"column":35}},"loc":{"start":{"line":40,"column":57},"end":{"line":47,"column":1}},"line":40},"5":{"name":"isDivisibleByFraction","decl":{"start":{"line":49,"column":16},"end":{"line":49,"column":37}},"loc":{"start":{"line":49,"column":75},"end":{"line":52,"column":1}},"line":49},"6":{"name":"getCurrentResult","decl":{"start":{"line":56,"column":16},"end":{"line":56,"column":32}},"loc":{"start":{"line":58,"column":17},"end":{"line":72,"column":1}},"line":58},"7":{"name":"rollDice","decl":{"start":{"line":76,"column":16},"end":{"line":76,"column":24}},"loc":{"start":{"line":76,"column":39},"end":{"line":82,"column":1}},"line":76},"8":{"name":"isTriple","decl":{"start":{"line":84,"column":16},"end":{"line":84,"column":24}},"loc":{"start":{"line":84,"column":52},"end":{"line":86,"column":1}},"line":84},"9":{"name":"permutations","decl":{"start":{"line":92,"column":9},"end":{"line":92,"column":21}},"loc":{"start":{"line":92,"column":49},"end":{"line":100,"column":1}},"line":92},"10":{"name":"generateValidTargets","decl":{"start":{"line":102,"column":16},"end":{"line":102,"column":36}},"loc":{"start":{"line":107,"column":20},"end":{"line":153,"column":1}},"line":107},"11":{"name":"(anonymous_11)","decl":{"start":{"line":152,"column":44},"end":{"line":152,"column":45}},"loc":{"start":{"line":152,"column":54},"end":{"line":152,"column":73}},"line":152},"12":{"name":"getEffectiveNumber","decl":{"start":{"line":158,"column":16},"end":{"line":158,"column":34}},"loc":{"start":{"line":158,"column":74},"end":{"line":163,"column":1}},"line":158},"13":{"name":"validateIdenticalPlay","decl":{"start":{"line":165,"column":16},"end":{"line":165,"column":37}},"loc":{"start":{"line":165,"column":89},"end":{"line":176,"column":1}},"line":165},"14":{"name":"validateFractionPlay","decl":{"start":{"line":178,"column":16},"end":{"line":178,"column":36}},"loc":{"start":{"line":178,"column":88},"end":{"line":184,"column":1}},"line":178},"15":{"name":"getStagedPermutations","decl":{"start":{"line":186,"column":9},"end":{"line":186,"column":30}},"loc":{"start":{"line":186,"column":58},"end":{"line":194,"column":1}},"line":186},"16":{"name":"validateStagedCards","decl":{"start":{"line":196,"column":16},"end":{"line":196,"column":35}},"loc":{"start":{"line":201,"column":11},"end":{"line":248,"column":1}},"line":201},"17":{"name":"(anonymous_17)","decl":{"start":{"line":203,"column":39},"end":{"line":203,"column":40}},"loc":{"start":{"line":203,"column":44},"end":{"line":203,"column":61}},"line":203},"18":{"name":"(anonymous_18)","decl":{"start":{"line":204,"column":38},"end":{"line":204,"column":39}},"loc":{"start":{"line":204,"column":43},"end":{"line":204,"column":62}},"line":204},"19":{"name":"(anonymous_19)","decl":{"start":{"line":205,"column":30},"end":{"line":205,"column":31}},"loc":{"start":{"line":205,"column":35},"end":{"line":205,"column":47}},"line":205},"20":{"name":"(anonymous_20)","decl":{"start":{"line":210,"column":32},"end":{"line":210,"column":33}},"loc":{"start":{"line":210,"column":42},"end":{"line":210,"column":47}},"line":210},"21":{"name":"(anonymous_21)","decl":{"start":{"line":233,"column":36},"end":{"line":233,"column":37}},"loc":{"start":{"line":233,"column":46},"end":{"line":233,"column":51}},"line":233},"22":{"name":"computeWildValueInStaged","decl":{"start":{"line":250,"column":16},"end":{"line":250,"column":40}},"loc":{"start":{"line":255,"column":17},"end":{"line":282,"column":1}},"line":255},"23":{"name":"(anonymous_23)","decl":{"start":{"line":257,"column":39},"end":{"line":257,"column":40}},"loc":{"start":{"line":257,"column":44},"end":{"line":257,"column":61}},"line":257},"24":{"name":"(anonymous_24)","decl":{"start":{"line":258,"column":38},"end":{"line":258,"column":39}},"loc":{"start":{"line":258,"column":43},"end":{"line":258,"column":62}},"line":258},"25":{"name":"(anonymous_25)","decl":{"start":{"line":259,"column":30},"end":{"line":259,"column":31}},"loc":{"start":{"line":259,"column":35},"end":{"line":259,"column":47}},"line":259},"26":{"name":"(anonymous_26)","decl":{"start":{"line":262,"column":43},"end":{"line":262,"column":44}},"loc":{"start":{"line":262,"column":53},"end":{"line":262,"column":58}},"line":262},"27":{"name":"resolveDiscardNumberCardFromStaged","decl":{"start":{"line":284,"column":16},"end":{"line":284,"column":50}},"loc":{"start":{"line":288,"column":8},"end":{"line":306,"column":1}},"line":288},"28":{"name":"(anonymous_28)","decl":{"start":{"line":289,"column":43},"end":{"line":289,"column":44}},"loc":{"start":{"line":289,"column":48},"end":{"line":289,"column":88}},"line":289},"29":{"name":"(anonymous_29)","decl":{"start":{"line":290,"column":40},"end":{"line":290,"column":41}},"loc":{"start":{"line":290,"column":45},"end":{"line":290,"column":67}},"line":290},"30":{"name":"(anonymous_30)","decl":{"start":{"line":291,"column":37},"end":{"line":291,"column":38}},"loc":{"start":{"line":291,"column":42},"end":{"line":291,"column":59}},"line":291},"31":{"name":"computeStagedResult","decl":{"start":{"line":308,"column":16},"end":{"line":308,"column":35}},"loc":{"start":{"line":308,"column":67},"end":{"line":327,"column":1}},"line":308}},"branchMap":{"0":{"loc":{"start":{"line":15,"column":2},"end":{"line":21,"column":3}},"type":"switch","locations":[{"start":{"line":16,"column":4},"end":{"line":16,"column":27}},{"start":{"line":17,"column":4},"end":{"line":17,"column":27}},{"start":{"line":18,"column":4},"end":{"line":18,"column":13}},{"start":{"line":18,"column":14},"end":{"line":18,"column":23}},{"start":{"line":18,"column":24},"end":{"line":18,"column":47}},{"start":{"line":19,"column":4},"end":{"line":19,"column":13}},{"start":{"line":19,"column":14},"end":{"line":19,"column":69}},{"start":{"line":20,"column":4},"end":{"line":20,"column":25}}],"line":15},"1":{"loc":{"start":{"line":19,"column":31},"end":{"line":19,"column":68}},"type":"cond-expr","locations":[{"start":{"line":19,"column":56},"end":{"line":19,"column":61}},{"start":{"line":19,"column":64},"end":{"line":19,"column":68}}],"line":19},"2":{"loc":{"start":{"line":19,"column":31},"end":{"line":19,"column":53}},"type":"binary-expr","locations":[{"start":{"line":19,"column":31},"end":{"line":19,"column":38}},{"start":{"line":19,"column":42},"end":{"line":19,"column":53}}],"line":19},"3":{"loc":{"start":{"line":25,"column":9},"end":{"line":25,"column":75}},"type":"binary-expr","locations":[{"start":{"line":25,"column":9},"end":{"line":25,"column":19}},{"start":{"line":25,"column":23},"end":{"line":25,"column":33}},{"start":{"line":25,"column":37},"end":{"line":25,"column":47}},{"start":{"line":25,"column":51},"end":{"line":25,"column":61}},{"start":{"line":25,"column":65},"end":{"line":25,"column":75}}],"line":25},"4":{"loc":{"start":{"line":30,"column":2},"end":{"line":34,"column":3}},"type":"if","locations":[{"start":{"line":30,"column":2},"end":{"line":34,"column":3}},{"start":{},"end":{}}],"line":30},"5":{"loc":{"start":{"line":30,"column":6},"end":{"line":30,"column":53}},"type":"binary-expr","locations":[{"start":{"line":30,"column":6},"end":{"line":30,"column":27}},{"start":{"line":30,"column":31},"end":{"line":30,"column":53}}],"line":30},"6":{"loc":{"start":{"line":32,"column":4},"end":{"line":32,"column":36}},"type":"if","locations":[{"start":{"line":32,"column":4},"end":{"line":32,"column":36}},{"start":{},"end":{}}],"line":32},"7":{"loc":{"start":{"line":36,"column":2},"end":{"line":36,"column":33}},"type":"if","locations":[{"start":{"line":36,"column":2},"end":{"line":36,"column":33}},{"start":{},"end":{}}],"line":36},"8":{"loc":{"start":{"line":41,"column":2},"end":{"line":46,"column":3}},"type":"switch","locations":[{"start":{"line":42,"column":4},"end":{"line":42,"column":25}},{"start":{"line":43,"column":4},"end":{"line":43,"column":25}},{"start":{"line":44,"column":4},"end":{"line":44,"column":25}},{"start":{"line":45,"column":4},"end":{"line":45,"column":25}}],"line":41},"9":{"loc":{"start":{"line":51,"column":9},"end":{"line":51,"column":37}},"type":"binary-expr","locations":[{"start":{"line":51,"column":9},"end":{"line":51,"column":24}},{"start":{"line":51,"column":28},"end":{"line":51,"column":37}}],"line":51},"10":{"loc":{"start":{"line":60,"column":4},"end":{"line":60,"column":48}},"type":"if","locations":[{"start":{"line":60,"column":4},"end":{"line":60,"column":48}},{"start":{},"end":{}}],"line":60},"11":{"loc":{"start":{"line":60,"column":8},"end":{"line":60,"column":34}},"type":"binary-expr","locations":[{"start":{"line":60,"column":8},"end":{"line":60,"column":19}},{"start":{"line":60,"column":23},"end":{"line":60,"column":34}}],"line":60},"12":{"loc":{"start":{"line":61,"column":4},"end":{"line":65,"column":5}},"type":"if","locations":[{"start":{"line":61,"column":4},"end":{"line":65,"column":5}},{"start":{},"end":{}}],"line":61},"13":{"loc":{"start":{"line":63,"column":6},"end":{"line":63,"column":67}},"type":"if","locations":[{"start":{"line":63,"column":6},"end":{"line":63,"column":67}},{"start":{},"end":{}}],"line":63},"14":{"loc":{"start":{"line":63,"column":10},"end":{"line":63,"column":53}},"type":"binary-expr","locations":[{"start":{"line":63,"column":10},"end":{"line":63,"column":25}},{"start":{"line":63,"column":29},"end":{"line":63,"column":53}}],"line":63},"15":{"loc":{"start":{"line":67,"column":4},"end":{"line":67,"column":77}},"type":"if","locations":[{"start":{"line":67,"column":4},"end":{"line":67,"column":77}},{"start":{},"end":{}}],"line":67},"16":{"loc":{"start":{"line":67,"column":8},"end":{"line":67,"column":63}},"type":"binary-expr","locations":[{"start":{"line":67,"column":8},"end":{"line":67,"column":29}},{"start":{"line":67,"column":33},"end":{"line":67,"column":63}}],"line":67},"17":{"loc":{"start":{"line":85,"column":9},"end":{"line":85,"column":59}},"type":"binary-expr","locations":[{"start":{"line":85,"column":9},"end":{"line":85,"column":32}},{"start":{"line":85,"column":36},"end":{"line":85,"column":59}}],"line":85},"18":{"loc":{"start":{"line":93,"column":2},"end":{"line":93,"column":36}},"type":"if","locations":[{"start":{"line":93,"column":2},"end":{"line":93,"column":36}},{"start":{},"end":{}}],"line":93},"19":{"loc":{"start":{"line":105,"column":2},"end":{"line":105,"column":39}},"type":"default-arg","locations":[{"start":{"line":105,"column":34},"end":{"line":105,"column":39}}],"line":105},"20":{"loc":{"start":{"line":106,"column":2},"end":{"line":106,"column":24}},"type":"default-arg","locations":[{"start":{"line":106,"column":22},"end":{"line":106,"column":24}}],"line":106},"21":{"loc":{"start":{"line":108,"column":21},"end":{"line":108,"column":97}},"type":"cond-expr","locations":[{"start":{"line":108,"column":71},"end":{"line":108,"column":87}},{"start":{"line":108,"column":90},"end":{"line":108,"column":97}}],"line":108},"22":{"loc":{"start":{"line":108,"column":21},"end":{"line":108,"column":68}},"type":"binary-expr","locations":[{"start":{"line":108,"column":21},"end":{"line":108,"column":37}},{"start":{"line":108,"column":41},"end":{"line":108,"column":68}}],"line":108},"23":{"loc":{"start":{"line":119,"column":8},"end":{"line":122,"column":9}},"type":"if","locations":[{"start":{"line":119,"column":8},"end":{"line":122,"column":9}},{"start":{},"end":{}}],"line":119},"24":{"loc":{"start":{"line":119,"column":12},"end":{"line":119,"column":81}},"type":"binary-expr","locations":[{"start":{"line":119,"column":12},"end":{"line":119,"column":22}},{"start":{"line":119,"column":27},"end":{"line":119,"column":47}},{"start":{"line":119,"column":51},"end":{"line":119,"column":57}},{"start":{"line":119,"column":62},"end":{"line":119,"column":81}}],"line":119},"25":{"loc":{"start":{"line":121,"column":10},"end":{"line":121,"column":109}},"type":"if","locations":[{"start":{"line":121,"column":10},"end":{"line":121,"column":109}},{"start":{},"end":{}}],"line":121},"26":{"loc":{"start":{"line":134,"column":6},"end":{"line":137,"column":7}},"type":"if","locations":[{"start":{"line":134,"column":6},"end":{"line":137,"column":7}},{"start":{},"end":{}}],"line":134},"27":{"loc":{"start":{"line":134,"column":10},"end":{"line":134,"column":82}},"type":"binary-expr","locations":[{"start":{"line":134,"column":10},"end":{"line":134,"column":21}},{"start":{"line":134,"column":26},"end":{"line":134,"column":46}},{"start":{"line":134,"column":50},"end":{"line":134,"column":57}},{"start":{"line":134,"column":62},"end":{"line":134,"column":82}}],"line":134},"28":{"loc":{"start":{"line":136,"column":8},"end":{"line":136,"column":113}},"type":"if","locations":[{"start":{"line":136,"column":8},"end":{"line":136,"column":113}},{"start":{},"end":{}}],"line":136},"29":{"loc":{"start":{"line":139,"column":6},"end":{"line":142,"column":7}},"type":"if","locations":[{"start":{"line":139,"column":6},"end":{"line":142,"column":7}},{"start":{},"end":{}}],"line":139},"30":{"loc":{"start":{"line":139,"column":10},"end":{"line":139,"column":82}},"type":"binary-expr","locations":[{"start":{"line":139,"column":10},"end":{"line":139,"column":21}},{"start":{"line":139,"column":26},"end":{"line":139,"column":46}},{"start":{"line":139,"column":50},"end":{"line":139,"column":57}},{"start":{"line":139,"column":62},"end":{"line":139,"column":82}}],"line":139},"31":{"loc":{"start":{"line":141,"column":8},"end":{"line":141,"column":113}},"type":"if","locations":[{"start":{"line":141,"column":8},"end":{"line":141,"column":113}},{"start":{},"end":{}}],"line":141},"32":{"loc":{"start":{"line":149,"column":4},"end":{"line":151,"column":5}},"type":"if","locations":[{"start":{"line":149,"column":4},"end":{"line":151,"column":5}},{"start":{},"end":{}}],"line":149},"33":{"loc":{"start":{"line":149,"column":8},"end":{"line":149,"column":105}},"type":"binary-expr","locations":[{"start":{"line":149,"column":9},"end":{"line":149,"column":29}},{"start":{"line":149,"column":33},"end":{"line":149,"column":48}},{"start":{"line":149,"column":53},"end":{"line":149,"column":76}},{"start":{"line":149,"column":80},"end":{"line":149,"column":105}}],"line":149},"34":{"loc":{"start":{"line":159,"column":2},"end":{"line":159,"column":25}},"type":"if","locations":[{"start":{"line":159,"column":2},"end":{"line":159,"column":25}},{"start":{},"end":{}}],"line":159},"35":{"loc":{"start":{"line":160,"column":2},"end":{"line":160,"column":56}},"type":"if","locations":[{"start":{"line":160,"column":2},"end":{"line":160,"column":56}},{"start":{},"end":{}}],"line":160},"36":{"loc":{"start":{"line":160,"column":37},"end":{"line":160,"column":55}},"type":"binary-expr","locations":[{"start":{"line":160,"column":37},"end":{"line":160,"column":47}},{"start":{"line":160,"column":51},"end":{"line":160,"column":55}}],"line":160},"37":{"loc":{"start":{"line":161,"column":2},"end":{"line":161,"column":62}},"type":"if","locations":[{"start":{"line":161,"column":2},"end":{"line":161,"column":62}},{"start":{},"end":{}}],"line":161},"38":{"loc":{"start":{"line":161,"column":35},"end":{"line":161,"column":61}},"type":"binary-expr","locations":[{"start":{"line":161,"column":35},"end":{"line":161,"column":53}},{"start":{"line":161,"column":57},"end":{"line":161,"column":61}}],"line":161},"39":{"loc":{"start":{"line":166,"column":2},"end":{"line":166,"column":32}},"type":"if","locations":[{"start":{"line":166,"column":2},"end":{"line":166,"column":32}},{"start":{},"end":{}}],"line":166},"40":{"loc":{"start":{"line":167,"column":2},"end":{"line":167,"column":94}},"type":"if","locations":[{"start":{"line":167,"column":2},"end":{"line":167,"column":94}},{"start":{},"end":{}}],"line":167},"41":{"loc":{"start":{"line":167,"column":35},"end":{"line":167,"column":93}},"type":"binary-expr","locations":[{"start":{"line":167,"column":35},"end":{"line":167,"column":63}},{"start":{"line":167,"column":67},"end":{"line":167,"column":93}}],"line":167},"42":{"loc":{"start":{"line":168,"column":2},"end":{"line":168,"column":50}},"type":"if","locations":[{"start":{"line":168,"column":2},"end":{"line":168,"column":50}},{"start":{},"end":{}}],"line":168},"43":{"loc":{"start":{"line":169,"column":2},"end":{"line":175,"column":3}},"type":"switch","locations":[{"start":{"line":170,"column":4},"end":{"line":170,"column":58}},{"start":{"line":171,"column":4},"end":{"line":171,"column":66}},{"start":{"line":172,"column":4},"end":{"line":172,"column":69}},{"start":{"line":173,"column":4},"end":{"line":173,"column":53}},{"start":{"line":174,"column":4},"end":{"line":174,"column":26}}],"line":169},"44":{"loc":{"start":{"line":179,"column":2},"end":{"line":179,"column":50}},"type":"if","locations":[{"start":{"line":179,"column":2},"end":{"line":179,"column":50}},{"start":{},"end":{}}],"line":179},"45":{"loc":{"start":{"line":179,"column":6},"end":{"line":179,"column":35}},"type":"binary-expr","locations":[{"start":{"line":179,"column":6},"end":{"line":179,"column":20}},{"start":{"line":179,"column":24},"end":{"line":179,"column":35}}],"line":179},"46":{"loc":{"start":{"line":180,"column":2},"end":{"line":180,"column":79}},"type":"if","locations":[{"start":{"line":180,"column":2},"end":{"line":180,"column":79}},{"start":{},"end":{}}],"line":180},"47":{"loc":{"start":{"line":180,"column":6},"end":{"line":180,"column":64}},"type":"binary-expr","locations":[{"start":{"line":180,"column":6},"end":{"line":180,"column":34}},{"start":{"line":180,"column":38},"end":{"line":180,"column":64}}],"line":180},"48":{"loc":{"start":{"line":182,"column":2},"end":{"line":182,"column":39}},"type":"if","locations":[{"start":{"line":182,"column":2},"end":{"line":182,"column":39}},{"start":{},"end":{}}],"line":182},"49":{"loc":{"start":{"line":187,"column":2},"end":{"line":187,"column":36}},"type":"if","locations":[{"start":{"line":187,"column":2},"end":{"line":187,"column":36}},{"start":{},"end":{}}],"line":187},"50":{"loc":{"start":{"line":200,"column":2},"end":{"line":200,"column":22}},"type":"default-arg","locations":[{"start":{"line":200,"column":20},"end":{"line":200,"column":22}}],"line":200},"51":{"loc":{"start":{"line":205,"column":35},"end":{"line":205,"column":47}},"type":"binary-expr","locations":[{"start":{"line":205,"column":35},"end":{"line":205,"column":42}},{"start":{"line":205,"column":46},"end":{"line":205,"column":47}}],"line":205},"52":{"loc":{"start":{"line":206,"column":2},"end":{"line":206,"column":34}},"type":"if","locations":[{"start":{"line":206,"column":2},"end":{"line":206,"column":34}},{"start":{},"end":{}}],"line":206},"53":{"loc":{"start":{"line":207,"column":2},"end":{"line":207,"column":40}},"type":"if","locations":[{"start":{"line":207,"column":2},"end":{"line":207,"column":40}},{"start":{},"end":{}}],"line":207},"54":{"loc":{"start":{"line":208,"column":2},"end":{"line":231,"column":3}},"type":"if","locations":[{"start":{"line":208,"column":2},"end":{"line":231,"column":3}},{"start":{},"end":{}}],"line":208},"55":{"loc":{"start":{"line":209,"column":4},"end":{"line":213,"column":5}},"type":"if","locations":[{"start":{"line":209,"column":4},"end":{"line":213,"column":5}},{"start":{},"end":{}}],"line":209},"56":{"loc":{"start":{"line":212,"column":13},"end":{"line":212,"column":72}},"type":"binary-expr","locations":[{"start":{"line":212,"column":13},"end":{"line":212,"column":25}},{"start":{"line":212,"column":29},"end":{"line":212,"column":43}},{"start":{"line":212,"column":47},"end":{"line":212,"column":72}}],"line":212},"57":{"loc":{"start":{"line":222,"column":26},"end":{"line":222,"column":53}},"type":"cond-expr","locations":[{"start":{"line":222,"column":45},"end":{"line":222,"column":47}},{"start":{"line":222,"column":50},"end":{"line":222,"column":53}}],"line":222},"58":{"loc":{"start":{"line":224,"column":12},"end":{"line":224,"column":39}},"type":"if","locations":[{"start":{"line":224,"column":12},"end":{"line":224,"column":39}},{"start":{},"end":{}}],"line":224},"59":{"loc":{"start":{"line":226,"column":10},"end":{"line":226,"column":64}},"type":"if","locations":[{"start":{"line":226,"column":10},"end":{"line":226,"column":64}},{"start":{},"end":{}}],"line":226},"60":{"loc":{"start":{"line":226,"column":14},"end":{"line":226,"column":50}},"type":"binary-expr","locations":[{"start":{"line":226,"column":14},"end":{"line":226,"column":29}},{"start":{"line":226,"column":33},"end":{"line":226,"column":50}}],"line":226},"61":{"loc":{"start":{"line":232,"column":2},"end":{"line":232,"column":40}},"type":"if","locations":[{"start":{"line":232,"column":2},"end":{"line":232,"column":40}},{"start":{},"end":{}}],"line":232},"62":{"loc":{"start":{"line":233,"column":2},"end":{"line":233,"column":67}},"type":"if","locations":[{"start":{"line":233,"column":2},"end":{"line":233,"column":67}},{"start":{},"end":{}}],"line":233},"63":{"loc":{"start":{"line":240,"column":22},"end":{"line":240,"column":49}},"type":"cond-expr","locations":[{"start":{"line":240,"column":41},"end":{"line":240,"column":43}},{"start":{"line":240,"column":46},"end":{"line":240,"column":49}}],"line":240},"64":{"loc":{"start":{"line":242,"column":8},"end":{"line":242,"column":35}},"type":"if","locations":[{"start":{"line":242,"column":8},"end":{"line":242,"column":35}},{"start":{},"end":{}}],"line":242},"65":{"loc":{"start":{"line":244,"column":6},"end":{"line":244,"column":60}},"type":"if","locations":[{"start":{"line":244,"column":6},"end":{"line":244,"column":60}},{"start":{},"end":{}}],"line":244},"66":{"loc":{"start":{"line":244,"column":10},"end":{"line":244,"column":46}},"type":"binary-expr","locations":[{"start":{"line":244,"column":10},"end":{"line":244,"column":25}},{"start":{"line":244,"column":29},"end":{"line":244,"column":46}}],"line":244},"67":{"loc":{"start":{"line":254,"column":2},"end":{"line":254,"column":22}},"type":"default-arg","locations":[{"start":{"line":254,"column":20},"end":{"line":254,"column":22}}],"line":254},"68":{"loc":{"start":{"line":259,"column":35},"end":{"line":259,"column":47}},"type":"binary-expr","locations":[{"start":{"line":259,"column":35},"end":{"line":259,"column":42}},{"start":{"line":259,"column":46},"end":{"line":259,"column":47}}],"line":259},"69":{"loc":{"start":{"line":260,"column":2},"end":{"line":260,"column":35}},"type":"if","locations":[{"start":{"line":260,"column":2},"end":{"line":260,"column":35}},{"start":{},"end":{}}],"line":260},"70":{"loc":{"start":{"line":261,"column":2},"end":{"line":264,"column":3}},"type":"if","locations":[{"start":{"line":261,"column":2},"end":{"line":264,"column":3}},{"start":{},"end":{}}],"line":261},"71":{"loc":{"start":{"line":263,"column":11},"end":{"line":263,"column":87}},"type":"cond-expr","locations":[{"start":{"line":263,"column":73},"end":{"line":263,"column":80}},{"start":{"line":263,"column":83},"end":{"line":263,"column":87}}],"line":263},"72":{"loc":{"start":{"line":263,"column":11},"end":{"line":263,"column":70}},"type":"binary-expr","locations":[{"start":{"line":263,"column":11},"end":{"line":263,"column":23}},{"start":{"line":263,"column":27},"end":{"line":263,"column":41}},{"start":{"line":263,"column":45},"end":{"line":263,"column":70}}],"line":263},"73":{"loc":{"start":{"line":273,"column":24},"end":{"line":273,"column":51}},"type":"cond-expr","locations":[{"start":{"line":273,"column":43},"end":{"line":273,"column":45}},{"start":{"line":273,"column":48},"end":{"line":273,"column":51}}],"line":273},"74":{"loc":{"start":{"line":275,"column":10},"end":{"line":275,"column":37}},"type":"if","locations":[{"start":{"line":275,"column":10},"end":{"line":275,"column":37}},{"start":{},"end":{}}],"line":275},"75":{"loc":{"start":{"line":277,"column":8},"end":{"line":277,"column":65}},"type":"if","locations":[{"start":{"line":277,"column":8},"end":{"line":277,"column":65}},{"start":{},"end":{}}],"line":277},"76":{"loc":{"start":{"line":277,"column":12},"end":{"line":277,"column":48}},"type":"binary-expr","locations":[{"start":{"line":277,"column":12},"end":{"line":277,"column":27}},{"start":{"line":277,"column":31},"end":{"line":277,"column":48}}],"line":277},"77":{"loc":{"start":{"line":287,"column":2},"end":{"line":287,"column":22}},"type":"default-arg","locations":[{"start":{"line":287,"column":20},"end":{"line":287,"column":22}}],"line":287},"78":{"loc":{"start":{"line":289,"column":48},"end":{"line":289,"column":88}},"type":"binary-expr","locations":[{"start":{"line":289,"column":48},"end":{"line":289,"column":67}},{"start":{"line":289,"column":71},"end":{"line":289,"column":88}}],"line":289},"79":{"loc":{"start":{"line":290,"column":23},"end":{"line":290,"column":76}},"type":"binary-expr","locations":[{"start":{"line":290,"column":23},"end":{"line":290,"column":68}},{"start":{"line":290,"column":72},"end":{"line":290,"column":76}}],"line":290},"80":{"loc":{"start":{"line":291,"column":18},"end":{"line":293,"column":10}},"type":"cond-expr","locations":[{"start":{"line":292,"column":6},"end":{"line":292,"column":84}},{"start":{"line":293,"column":6},"end":{"line":293,"column":10}}],"line":291},"81":{"loc":{"start":{"line":297,"column":4},"end":{"line":297,"column":38}},"type":"if","locations":[{"start":{"line":297,"column":4},"end":{"line":297,"column":38}},{"start":{},"end":{}}],"line":297},"82":{"loc":{"start":{"line":298,"column":4},"end":{"line":298,"column":90}},"type":"if","locations":[{"start":{"line":298,"column":4},"end":{"line":298,"column":90}},{"start":{},"end":{}}],"line":298},"83":{"loc":{"start":{"line":298,"column":34},"end":{"line":298,"column":89}},"type":"cond-expr","locations":[{"start":{"line":298,"column":53},"end":{"line":298,"column":85}},{"start":{"line":298,"column":88},"end":{"line":298,"column":89}}],"line":298},"84":{"loc":{"start":{"line":302,"column":2},"end":{"line":304,"column":3}},"type":"if","locations":[{"start":{"line":302,"column":2},"end":{"line":304,"column":3}},{"start":{},"end":{}}],"line":302},"85":{"loc":{"start":{"line":303,"column":11},"end":{"line":303,"column":80}},"type":"cond-expr","locations":[{"start":{"line":303,"column":30},"end":{"line":303,"column":69}},{"start":{"line":303,"column":72},"end":{"line":303,"column":80}}],"line":303},"86":{"loc":{"start":{"line":311,"column":4},"end":{"line":312,"column":83}},"type":"if","locations":[{"start":{"line":311,"column":4},"end":{"line":312,"column":83}},{"start":{"line":312,"column":9},"end":{"line":312,"column":83}}],"line":311},"87":{"loc":{"start":{"line":311,"column":63},"end":{"line":311,"column":75}},"type":"binary-expr","locations":[{"start":{"line":311,"column":63},"end":{"line":311,"column":70}},{"start":{"line":311,"column":74},"end":{"line":311,"column":75}}],"line":311},"88":{"loc":{"start":{"line":312,"column":9},"end":{"line":312,"column":83}},"type":"if","locations":[{"start":{"line":312,"column":9},"end":{"line":312,"column":83}},{"start":{},"end":{}}],"line":312},"89":{"loc":{"start":{"line":314,"column":2},"end":{"line":314,"column":39}},"type":"if","locations":[{"start":{"line":314,"column":2},"end":{"line":314,"column":39}},{"start":{},"end":{}}],"line":314},"90":{"loc":{"start":{"line":318,"column":4},"end":{"line":324,"column":5}},"type":"if","locations":[{"start":{"line":318,"column":4},"end":{"line":324,"column":5}},{"start":{"line":322,"column":11},"end":{"line":324,"column":5}}],"line":318},"91":{"loc":{"start":{"line":319,"column":6},"end":{"line":320,"column":87}},"type":"if","locations":[{"start":{"line":319,"column":6},"end":{"line":320,"column":87}},{"start":{"line":320,"column":11},"end":{"line":320,"column":87}}],"line":319},"92":{"loc":{"start":{"line":321,"column":6},"end":{"line":321,"column":39}},"type":"if","locations":[{"start":{"line":321,"column":6},"end":{"line":321,"column":39}},{"start":{},"end":{}}],"line":321}},"s":{"0":0,"1":0,"2":0,"3":0,"4":0,"5":0,"6":0,"7":0,"8":0,"9":0,"10":0,"11":0,"12":0,"13":0,"14":0,"15":0,"16":0,"17":0,"18":0,"19":0,"20":0,"21":0,"22":0,"23":0,"24":0,"25":0,"26":0,"27":0,"28":0,"29":0,"30":0,"31":0,"32":0,"33":0,"34":0,"35":0,"36":0,"37":0,"38":0,"39":1,"40":0,"41":0,"42":0,"43":0,"44":0,"45":0,"46":0,"47":0,"48":0,"49":0,"50":0,"51":0,"52":0,"53":0,"54":0,"55":0,"56":0,"57":0,"58":0,"59":0,"60":0,"61":0,"62":0,"63":0,"64":0,"65":0,"66":0,"67":0,"68":0,"69":0,"70":0,"71":0,"72":0,"73":0,"74":0,"75":0,"76":0,"77":0,"78":0,"79":0,"80":0,"81":0,"82":0,"83":0,"84":0,"85":0,"86":0,"87":0,"88":0,"89":0,"90":0,"91":0,"92":0,"93":0,"94":0,"95":0,"96":0,"97":0,"98":0,"99":0,"100":0,"101":0,"102":0,"103":0,"104":0,"105":0,"106":0,"107":0,"108":0,"109":0,"110":0,"111":0,"112":0,"113":0,"114":0,"115":0,"116":0,"117":0,"118":0,"119":0,"120":0,"121":0,"122":0,"123":0,"124":0,"125":0,"126":0,"127":0,"128":0,"129":0,"130":0,"131":0,"132":0,"133":0,"134":0,"135":0,"136":0,"137":0,"138":0,"139":0,"140":0,"141":0,"142":0,"143":0,"144":0,"145":0,"146":0,"147":0,"148":0,"149":0,"150":0,"151":0,"152":0,"153":0,"154":0,"155":0,"156":0,"157":0,"158":0,"159":0,"160":0,"161":0,"162":0,"163":0,"164":0,"165":0,"166":0,"167":0,"168":0,"169":0,"170":0,"171":0,"172":0,"173":0,"174":0,"175":0,"176":0,"177":0,"178":0,"179":0,"180":0,"181":0,"182":0,"183":0,"184":0,"185":0,"186":0,"187":0,"188":0,"189":0,"190":0,"191":0,"192":0,"193":0,"194":0,"195":0,"196":0,"197":0,"198":0,"199":0,"200":0,"201":0,"202":0,"203":0,"204":0,"205":0,"206":0,"207":0,"208":0,"209":0,"210":0,"211":0,"212":0,"213":0,"214":0,"215":0,"216":0,"217":0,"218":0,"219":0,"220":0,"221":0,"222":0,"223":0,"224":0,"225":0,"226":0,"227":0,"228":0,"229":0,"230":0,"231":0,"232":0,"233":0,"234":0,"235":0,"236":0,"237":0,"238":0,"239":0,"240":0,"241":0,"242":0},"f":{"0":0,"1":0,"2":0,"3":0,"4":0,"5":0,"6":0,"7":0,"8":0,"9":0,"10":0,"11":0,"12":0,"13":0,"14":0,"15":0,"16":0,"17":0,"18":0,"19":0,"20":0,"21":0,"22":0,"23":0,"24":0,"25":0,"26":0,"27":0,"28":0,"29":0,"30":0,"31":0},"b":{"0":[0,0,0,0,0,0,0,0],"1":[0,0],"2":[0,0],"3":[0,0,0,0,0],"4":[0,0],"5":[0,0],"6":[0,0],"7":[0,0],"8":[0,0,0,0],"9":[0,0],"10":[0,0],"11":[0,0],"12":[0,0],"13":[0,0],"14":[0,0],"15":[0,0],"16":[0,0],"17":[0,0],"18":[0,0],"19":[0],"20":[0],"21":[0,0],"22":[0,0],"23":[0,0],"24":[0,0,0,0],"25":[0,0],"26":[0,0],"27":[0,0,0,0],"28":[0,0],"29":[0,0],"30":[0,0,0,0],"31":[0,0],"32":[0,0],"33":[0,0,0,0],"34":[0,0],"35":[0,0],"36":[0,0],"37":[0,0],"38":[0,0],"39":[0,0],"40":[0,0],"41":[0,0],"42":[0,0],"43":[0,0,0,0,0],"44":[0,0],"45":[0,0],"46":[0,0],"47":[0,0],"48":[0,0],"49":[0,0],"50":[0],"51":[0,0],"52":[0,0],"53":[0,0],"54":[0,0],"55":[0,0],"56":[0,0,0],"57":[0,0],"58":[0,0],"59":[0,0],"60":[0,0],"61":[0,0],"62":[0,0],"63":[0,0],"64":[0,0],"65":[0,0],"66":[0,0],"67":[0],"68":[0,0],"69":[0,0],"70":[0,0],"71":[0,0],"72":[0,0,0],"73":[0,0],"74":[0,0],"75":[0,0],"76":[0,0],"77":[0],"78":[0,0],"79":[0,0],"80":[0,0],"81":[0,0],"82":[0,0],"83":[0,0],"84":[0,0],"85":[0,0],"86":[0,0],"87":[0,0],"88":[0,0],"89":[0,0],"90":[0,0],"91":[0,0],"92":[0,0]},"_coverageSchema":"1a1c01bbd47fc00a2c39e90264f33305004495a9","hash":"d77e453c712e0989b488ce92970ee9d40b2e33b4"}
,"C:\\Users\\asus\\bmad\\card\\server\\src\\gameEngine.ts": {"path":"C:\\Users\\asus\\bmad\\card\\server\\src\\gameEngine.ts","statementMap":{"0":{"start":{"line":24,"column":53},"end":{"line":38,"column":1}},"1":{"start":{"line":50,"column":2},"end":{"line":50,"column":25}},"2":{"start":{"line":54,"column":2},"end":{"line":54,"column":36}},"3":{"start":{"line":62,"column":2},"end":{"line":62,"column":62}},"4":{"start":{"line":62,"column":30},"end":{"line":62,"column":62}},"5":{"start":{"line":63,"column":2},"end":{"line":63,"column":67}},"6":{"start":{"line":63,"column":32},"end":{"line":63,"column":67}},"7":{"start":{"line":64,"column":2},"end":{"line":64,"column":69}},"8":{"start":{"line":64,"column":33},"end":{"line":64,"column":69}},"9":{"start":{"line":65,"column":2},"end":{"line":65,"column":91}},"10":{"start":{"line":65,"column":28},"end":{"line":65,"column":91}},"11":{"start":{"line":66,"column":2},"end":{"line":66,"column":17}},"12":{"start":{"line":70,"column":37},"end":{"line":70,"column":43}},"13":{"start":{"line":71,"column":32},"end":{"line":71,"column":66}},"14":{"start":{"line":74,"column":14},"end":{"line":74,"column":56}},"15":{"start":{"line":75,"column":2},"end":{"line":75,"column":30}},"16":{"start":{"line":75,"column":20},"end":{"line":75,"column":30}},"17":{"start":{"line":76,"column":2},"end":{"line":76,"column":30}},"18":{"start":{"line":76,"column":20},"end":{"line":76,"column":30}},"19":{"start":{"line":77,"column":2},"end":{"line":80,"column":3}},"20":{"start":{"line":78,"column":19},"end":{"line":78,"column":85}},"21":{"start":{"line":79,"column":4},"end":{"line":79,"column":18}},"22":{"start":{"line":81,"column":2},"end":{"line":81,"column":14}},"23":{"start":{"line":85,"column":2},"end":{"line":104,"column":3}},"24":{"start":{"line":86,"column":4},"end":{"line":94,"column":5}},"25":{"start":{"line":87,"column":6},"end":{"line":93,"column":8}},"26":{"start":{"line":95,"column":4},"end":{"line":103,"column":6}},"27":{"start":{"line":105,"column":28},"end":{"line":105,"column":65}},"28":{"start":{"line":112,"column":23},"end":{"line":112,"column":72}},"29":{"start":{"line":113,"column":24},"end":{"line":113,"column":86}},"30":{"start":{"line":114,"column":2},"end":{"line":117,"column":3}},"31":{"start":{"line":115,"column":20},"end":{"line":115,"column":43}},"32":{"start":{"line":116,"column":4},"end":{"line":116,"column":66}},"33":{"start":{"line":122,"column":4},"end":{"line":124,"column":22}},"34":{"start":{"line":125,"column":2},"end":{"line":127,"column":3}},"35":{"start":{"line":126,"column":4},"end":{"line":126,"column":76}},"36":{"start":{"line":128,"column":2},"end":{"line":130,"column":3}},"37":{"start":{"line":129,"column":4},"end":{"line":129,"column":58}},"38":{"start":{"line":131,"column":2},"end":{"line":139,"column":4}},"39":{"start":{"line":143,"column":2},"end":{"line":153,"column":3}},"40":{"start":{"line":144,"column":4},"end":{"line":152,"column":6}},"41":{"start":{"line":154,"column":24},"end":{"line":154,"column":57}},"42":{"start":{"line":155,"column":30},"end":{"line":155,"column":90}},"43":{"start":{"line":156,"column":2},"end":{"line":164,"column":4}},"44":{"start":{"line":168,"column":2},"end":{"line":168,"column":53}},"45":{"start":{"line":172,"column":2},"end":{"line":172,"column":45}},"46":{"start":{"line":172,"column":28},"end":{"line":172,"column":45}},"47":{"start":{"line":173,"column":2},"end":{"line":176,"column":3}},"48":{"start":{"line":173,"column":18},"end":{"line":173,"column":19}},"49":{"start":{"line":174,"column":16},"end":{"line":174,"column":51}},"50":{"start":{"line":175,"column":4},"end":{"line":175,"column":49}},"51":{"start":{"line":175,"column":38},"end":{"line":175,"column":49}},"52":{"start":{"line":177,"column":2},"end":{"line":177,"column":19}},"53":{"start":{"line":181,"column":2},"end":{"line":181,"column":40}},"54":{"start":{"line":184,"column":66},"end":{"line":189,"column":1}},"55":{"start":{"line":192,"column":2},"end":{"line":192,"column":40}},"56":{"start":{"line":196,"column":19},"end":{"line":196,"column":67}},"57":{"start":{"line":197,"column":2},"end":{"line":197,"column":57}},"58":{"start":{"line":197,"column":47},"end":{"line":197,"column":57}},"59":{"start":{"line":198,"column":22},"end":{"line":198,"column":55}},"60":{"start":{"line":199,"column":17},"end":{"line":199,"column":35}},"61":{"start":{"line":200,"column":22},"end":{"line":200,"column":36}},"62":{"start":{"line":201,"column":2},"end":{"line":209,"column":4}},"63":{"start":{"line":215,"column":2},"end":{"line":215,"column":70}},"64":{"start":{"line":215,"column":60},"end":{"line":215,"column":70}},"65":{"start":{"line":216,"column":14},"end":{"line":216,"column":55}},"66":{"start":{"line":217,"column":2},"end":{"line":217,"column":87}},"67":{"start":{"line":221,"column":10},"end":{"line":221,"column":80}},"68":{"start":{"line":221,"column":49},"end":{"line":221,"column":76}},"69":{"start":{"line":222,"column":2},"end":{"line":228,"column":3}},"70":{"start":{"line":222,"column":15},"end":{"line":222,"column":16}},"71":{"start":{"line":223,"column":4},"end":{"line":223,"column":76}},"72":{"start":{"line":223,"column":70},"end":{"line":223,"column":76}},"73":{"start":{"line":224,"column":4},"end":{"line":224,"column":28}},"74":{"start":{"line":225,"column":4},"end":{"line":225,"column":39}},"75":{"start":{"line":225,"column":33},"end":{"line":225,"column":39}},"76":{"start":{"line":226,"column":4},"end":{"line":226,"column":43}},"77":{"start":{"line":227,"column":4},"end":{"line":227,"column":37}},"78":{"start":{"line":229,"column":2},"end":{"line":229,"column":11}},"79":{"start":{"line":235,"column":12},"end":{"line":235,"column":30}},"80":{"start":{"line":236,"column":2},"end":{"line":236,"column":33}},"81":{"start":{"line":236,"column":18},"end":{"line":236,"column":33}},"82":{"start":{"line":237,"column":2},"end":{"line":241,"column":4}},"83":{"start":{"line":238,"column":4},"end":{"line":240,"column":42}},"84":{"start":{"line":249,"column":20},"end":{"line":251,"column":3}},"85":{"start":{"line":250,"column":11},"end":{"line":250,"column":66}},"86":{"start":{"line":252,"column":2},"end":{"line":252,"column":30}},"87":{"start":{"line":252,"column":18},"end":{"line":252,"column":30}},"88":{"start":{"line":253,"column":13},"end":{"line":253,"column":42}},"89":{"start":{"line":254,"column":2},"end":{"line":260,"column":4}},"90":{"start":{"line":259,"column":93},"end":{"line":259,"column":117}},"91":{"start":{"line":271,"column":20},"end":{"line":271,"column":66}},"92":{"start":{"line":271,"column":48},"end":{"line":271,"column":65}},"93":{"start":{"line":272,"column":2},"end":{"line":272,"column":36}},"94":{"start":{"line":272,"column":24},"end":{"line":272,"column":36}},"95":{"start":{"line":273,"column":17},"end":{"line":273,"column":38}},"96":{"start":{"line":274,"column":2},"end":{"line":274,"column":39}},"97":{"start":{"line":274,"column":27},"end":{"line":274,"column":39}},"98":{"start":{"line":277,"column":22},"end":{"line":277,"column":63}},"99":{"start":{"line":278,"column":21},"end":{"line":282,"column":3}},"100":{"start":{"line":279,"column":4},"end":{"line":281,"column":9}},"101":{"start":{"line":284,"column":27},"end":{"line":284,"column":80}},"102":{"start":{"line":287,"column":24},"end":{"line":287,"column":51}},"103":{"start":{"line":288,"column":2},"end":{"line":298,"column":3}},"104":{"start":{"line":289,"column":19},"end":{"line":289,"column":43}},"105":{"start":{"line":290,"column":4},"end":{"line":290,"column":67}},"106":{"start":{"line":290,"column":17},"end":{"line":290,"column":67}},"107":{"start":{"line":291,"column":15},"end":{"line":291,"column":40}},"108":{"start":{"line":292,"column":4},"end":{"line":297,"column":6}},"109":{"start":{"line":301,"column":2},"end":{"line":304,"column":3}},"110":{"start":{"line":302,"column":20},"end":{"line":302,"column":66}},"111":{"start":{"line":303,"column":4},"end":{"line":303,"column":72}},"112":{"start":{"line":306,"column":2},"end":{"line":306,"column":11}},"113":{"start":{"line":310,"column":13},"end":{"line":310,"column":46}},"114":{"start":{"line":311,"column":2},"end":{"line":319,"column":3}},"115":{"start":{"line":312,"column":15},"end":{"line":312,"column":36}},"116":{"start":{"line":313,"column":4},"end":{"line":318,"column":6}},"117":{"start":{"line":320,"column":2},"end":{"line":328,"column":3}},"118":{"start":{"line":321,"column":17},"end":{"line":321,"column":66}},"119":{"start":{"line":322,"column":41},"end":{"line":326,"column":12}},"120":{"start":{"line":327,"column":4},"end":{"line":327,"column":66}},"121":{"start":{"line":329,"column":2},"end":{"line":329,"column":12}},"122":{"start":{"line":335,"column":10},"end":{"line":335,"column":19}},"123":{"start":{"line":336,"column":15},"end":{"line":336,"column":72}},"124":{"start":{"line":337,"column":21},"end":{"line":337,"column":40}},"125":{"start":{"line":340,"column":26},"end":{"line":340,"column":73}},"126":{"start":{"line":341,"column":20},"end":{"line":341,"column":54}},"127":{"start":{"line":342,"column":2},"end":{"line":349,"column":3}},"128":{"start":{"line":343,"column":4},"end":{"line":348,"column":5}},"129":{"start":{"line":344,"column":6},"end":{"line":344,"column":51}},"130":{"start":{"line":345,"column":11},"end":{"line":348,"column":5}},"131":{"start":{"line":346,"column":6},"end":{"line":346,"column":36}},"132":{"start":{"line":347,"column":6},"end":{"line":347,"column":51}},"133":{"start":{"line":351,"column":2},"end":{"line":361,"column":5}},"134":{"start":{"line":353,"column":33},"end":{"line":353,"column":61}},"135":{"start":{"line":367,"column":13},"end":{"line":367,"column":52}},"136":{"start":{"line":368,"column":2},"end":{"line":368,"column":44}},"137":{"start":{"line":368,"column":27},"end":{"line":368,"column":42}},"138":{"start":{"line":380,"column":39},"end":{"line":383,"column":3}},"139":{"start":{"line":384,"column":19},"end":{"line":384,"column":49}},"140":{"start":{"line":385,"column":24},"end":{"line":385,"column":77}},"141":{"start":{"line":386,"column":25},"end":{"line":390,"column":52}},"142":{"start":{"line":391,"column":45},"end":{"line":395,"column":3}},"143":{"start":{"line":396,"column":15},"end":{"line":404,"column":3}},"144":{"start":{"line":405,"column":31},"end":{"line":405,"column":85}},"145":{"start":{"line":406,"column":17},"end":{"line":406,"column":26}},"146":{"start":{"line":410,"column":2},"end":{"line":416,"column":3}},"147":{"start":{"line":410,"column":15},"end":{"line":410,"column":16}},"148":{"start":{"line":411,"column":4},"end":{"line":415,"column":5}},"149":{"start":{"line":412,"column":6},"end":{"line":412,"column":33}},"150":{"start":{"line":413,"column":6},"end":{"line":413,"column":69}},"151":{"start":{"line":414,"column":6},"end":{"line":414,"column":12}},"152":{"start":{"line":417,"column":2},"end":{"line":417,"column":82}},"153":{"start":{"line":417,"column":23},"end":{"line":417,"column":50}},"154":{"start":{"line":417,"column":51},"end":{"line":417,"column":80}},"155":{"start":{"line":420,"column":28},"end":{"line":427,"column":5}},"156":{"start":{"line":420,"column":56},"end":{"line":427,"column":3}},"157":{"start":{"line":429,"column":19},"end":{"line":429,"column":47}},"158":{"start":{"line":430,"column":24},"end":{"line":430,"column":36}},"159":{"start":{"line":432,"column":35},"end":{"line":484,"column":3}},"160":{"start":{"line":478,"column":44},"end":{"line":483,"column":5}},"161":{"start":{"line":485,"column":2},"end":{"line":485,"column":73}},"162":{"start":{"line":489,"column":2},"end":{"line":489,"column":40}},"163":{"start":{"line":489,"column":30},"end":{"line":489,"column":40}},"164":{"start":{"line":490,"column":2},"end":{"line":502,"column":3}},"165":{"start":{"line":491,"column":4},"end":{"line":501,"column":6}},"166":{"start":{"line":503,"column":2},"end":{"line":513,"column":4}},"167":{"start":{"line":522,"column":2},"end":{"line":524,"column":3}},"168":{"start":{"line":523,"column":4},"end":{"line":523,"column":45}},"169":{"start":{"line":525,"column":24},"end":{"line":525,"column":54}},"170":{"start":{"line":526,"column":13},"end":{"line":526,"column":46}},"171":{"start":{"line":527,"column":2},"end":{"line":529,"column":3}},"172":{"start":{"line":528,"column":4},"end":{"line":528,"column":51}},"173":{"start":{"line":530,"column":41},"end":{"line":530,"column":71}},"174":{"start":{"line":531,"column":2},"end":{"line":544,"column":3}},"175":{"start":{"line":532,"column":29},"end":{"line":532,"column":102}},"176":{"start":{"line":533,"column":4},"end":{"line":533,"column":74}},"177":{"start":{"line":533,"column":27},"end":{"line":533,"column":74}},"178":{"start":{"line":534,"column":27},"end":{"line":534,"column":79}},"179":{"start":{"line":534,"column":50},"end":{"line":534,"column":78}},"180":{"start":{"line":535,"column":4},"end":{"line":535,"column":72}},"181":{"start":{"line":535,"column":25},"end":{"line":535,"column":72}},"182":{"start":{"line":536,"column":41},"end":{"line":542,"column":5}},"183":{"start":{"line":543,"column":4},"end":{"line":543,"column":23}},"184":{"start":{"line":546,"column":29},"end":{"line":546,"column":85}},"185":{"start":{"line":547,"column":29},"end":{"line":547,"column":84}},"186":{"start":{"line":548,"column":23},"end":{"line":550,"column":10}},"187":{"start":{"line":549,"column":29},"end":{"line":549,"column":59}},"188":{"start":{"line":551,"column":2},"end":{"line":551,"column":68}},"189":{"start":{"line":551,"column":21},"end":{"line":551,"column":68}},"190":{"start":{"line":553,"column":2},"end":{"line":577,"column":3}},"191":{"start":{"line":554,"column":19},"end":{"line":554,"column":30}},"192":{"start":{"line":555,"column":22},"end":{"line":555,"column":36}},"193":{"start":{"line":556,"column":4},"end":{"line":560,"column":5}},"194":{"start":{"line":557,"column":18},"end":{"line":557,"column":53}},"195":{"start":{"line":558,"column":6},"end":{"line":558,"column":51}},"196":{"start":{"line":559,"column":6},"end":{"line":559,"column":37}},"197":{"start":{"line":561,"column":4},"end":{"line":561,"column":78}},"198":{"start":{"line":561,"column":31},"end":{"line":561,"column":78}},"199":{"start":{"line":562,"column":22},"end":{"line":562,"column":33}},"200":{"start":{"line":563,"column":25},"end":{"line":565,"column":17}},"201":{"start":{"line":566,"column":37},"end":{"line":574,"column":5}},"202":{"start":{"line":568,"column":44},"end":{"line":568,"column":163}},"203":{"start":{"line":568,"column":111},"end":{"line":568,"column":154}},"204":{"start":{"line":575,"column":4},"end":{"line":575,"column":38}},"205":{"start":{"line":575,"column":23},"end":{"line":575,"column":38}},"206":{"start":{"line":576,"column":4},"end":{"line":576,"column":30}},"207":{"start":{"line":579,"column":22},"end":{"line":579,"column":55}},"208":{"start":{"line":580,"column":2},"end":{"line":582,"column":3}},"209":{"start":{"line":581,"column":4},"end":{"line":581,"column":51}},"210":{"start":{"line":583,"column":24},"end":{"line":583,"column":91}},"211":{"start":{"line":584,"column":22},"end":{"line":584,"column":51}},"212":{"start":{"line":585,"column":2},"end":{"line":585,"column":67}},"213":{"start":{"line":585,"column":20},"end":{"line":585,"column":67}},"214":{"start":{"line":586,"column":23},"end":{"line":588,"column":17}},"215":{"start":{"line":590,"column":22},"end":{"line":590,"column":96}},"216":{"start":{"line":590,"column":45},"end":{"line":590,"column":94}},"217":{"start":{"line":591,"column":29},"end":{"line":600,"column":7}},"218":{"start":{"line":601,"column":35},"end":{"line":614,"column":3}},"219":{"start":{"line":603,"column":46},"end":{"line":603,"column":119}},"220":{"start":{"line":615,"column":2},"end":{"line":615,"column":36}},"221":{"start":{"line":615,"column":21},"end":{"line":615,"column":36}},"222":{"start":{"line":616,"column":2},"end":{"line":616,"column":28}},"223":{"start":{"line":620,"column":2},"end":{"line":620,"column":67}},"224":{"start":{"line":620,"column":31},"end":{"line":620,"column":67}},"225":{"start":{"line":621,"column":15},"end":{"line":621,"column":25}},"226":{"start":{"line":622,"column":28},"end":{"line":622,"column":43}},"227":{"start":{"line":623,"column":37},"end":{"line":623,"column":39}},"228":{"start":{"line":625,"column":2},"end":{"line":632,"column":3}},"229":{"start":{"line":626,"column":12},"end":{"line":626,"column":82}},"230":{"start":{"line":626,"column":51},"end":{"line":626,"column":78}},"231":{"start":{"line":627,"column":4},"end":{"line":628,"column":73}},"232":{"start":{"line":627,"column":17},"end":{"line":627,"column":18}},"233":{"start":{"line":628,"column":6},"end":{"line":628,"column":73}},"234":{"start":{"line":628,"column":39},"end":{"line":628,"column":73}},"235":{"start":{"line":629,"column":4},"end":{"line":629,"column":61}},"236":{"start":{"line":630,"column":4},"end":{"line":630,"column":34}},"237":{"start":{"line":631,"column":4},"end":{"line":631,"column":11}},"238":{"start":{"line":634,"column":13},"end":{"line":639,"column":3}},"239":{"start":{"line":640,"column":2},"end":{"line":649,"column":4}},"240":{"start":{"line":654,"column":34},"end":{"line":654,"column":64}},"241":{"start":{"line":658,"column":21},"end":{"line":658,"column":70}},"242":{"start":{"line":659,"column":2},"end":{"line":659,"column":56}},"243":{"start":{"line":659,"column":18},"end":{"line":659,"column":56}},"244":{"start":{"line":660,"column":27},"end":{"line":660,"column":102}},"245":{"start":{"line":661,"column":2},"end":{"line":663,"column":3}},"246":{"start":{"line":662,"column":4},"end":{"line":662,"column":42}},"247":{"start":{"line":665,"column":2},"end":{"line":671,"column":3}},"248":{"start":{"line":666,"column":26},"end":{"line":666,"column":59}},"249":{"start":{"line":667,"column":4},"end":{"line":669,"column":5}},"250":{"start":{"line":668,"column":6},"end":{"line":668,"column":53}},"251":{"start":{"line":670,"column":4},"end":{"line":670,"column":54}},"252":{"start":{"line":675,"column":2},"end":{"line":685,"column":3}},"253":{"start":{"line":676,"column":15},"end":{"line":676,"column":48}},"254":{"start":{"line":677,"column":18},"end":{"line":677,"column":31}},"255":{"start":{"line":678,"column":4},"end":{"line":684,"column":6}},"256":{"start":{"line":687,"column":21},"end":{"line":687,"column":42}},"257":{"start":{"line":688,"column":24},"end":{"line":688,"column":46}},"258":{"start":{"line":689,"column":22},"end":{"line":689,"column":48}},"259":{"start":{"line":690,"column":2},"end":{"line":690,"column":67}},"260":{"start":{"line":690,"column":22},"end":{"line":690,"column":67}},"261":{"start":{"line":692,"column":23},"end":{"line":692,"column":59}},"262":{"start":{"line":693,"column":30},"end":{"line":695,"column":3}},"263":{"start":{"line":694,"column":4},"end":{"line":694,"column":64}},"264":{"start":{"line":697,"column":2},"end":{"line":745,"column":3}},"265":{"start":{"line":698,"column":36},"end":{"line":700,"column":5}},"266":{"start":{"line":699,"column":6},"end":{"line":699,"column":78}},"267":{"start":{"line":701,"column":28},"end":{"line":701,"column":69}},"268":{"start":{"line":702,"column":4},"end":{"line":720,"column":5}},"269":{"start":{"line":703,"column":21},"end":{"line":703,"column":47}},"270":{"start":{"line":704,"column":17},"end":{"line":704,"column":91}},"271":{"start":{"line":704,"column":67},"end":{"line":704,"column":85}},"272":{"start":{"line":706,"column":8},"end":{"line":706,"column":144}},"273":{"start":{"line":707,"column":6},"end":{"line":719,"column":8}},"274":{"start":{"line":722,"column":26},"end":{"line":722,"column":87}},"275":{"start":{"line":723,"column":30},"end":{"line":723,"column":81}},"276":{"start":{"line":724,"column":4},"end":{"line":744,"column":7}},"277":{"start":{"line":726,"column":51},"end":{"line":726,"column":79}},"278":{"start":{"line":747,"column":15},"end":{"line":747,"column":72}},"279":{"start":{"line":748,"column":19},"end":{"line":748,"column":57}},"280":{"start":{"line":750,"column":20},"end":{"line":750,"column":88}},"281":{"start":{"line":751,"column":15},"end":{"line":751,"column":38}},"282":{"start":{"line":752,"column":15},"end":{"line":755,"column":4}},"283":{"start":{"line":756,"column":2},"end":{"line":756,"column":57}},"284":{"start":{"line":764,"column":2},"end":{"line":764,"column":82}},"285":{"start":{"line":764,"column":49},"end":{"line":764,"column":82}},"286":{"start":{"line":765,"column":2},"end":{"line":765,"column":68}},"287":{"start":{"line":765,"column":27},"end":{"line":765,"column":68}},"288":{"start":{"line":766,"column":18},"end":{"line":766,"column":35}},"289":{"start":{"line":767,"column":19},"end":{"line":767,"column":36}},"290":{"start":{"line":768,"column":39},"end":{"line":768,"column":41}},"291":{"start":{"line":769,"column":2},"end":{"line":784,"column":3}},"292":{"start":{"line":770,"column":4},"end":{"line":770,"column":85}},"293":{"start":{"line":770,"column":39},"end":{"line":770,"column":85}},"294":{"start":{"line":771,"column":4},"end":{"line":771,"column":84}},"295":{"start":{"line":771,"column":38},"end":{"line":771,"column":84}},"296":{"start":{"line":772,"column":4},"end":{"line":772,"column":34}},"297":{"start":{"line":773,"column":4},"end":{"line":773,"column":33}},"298":{"start":{"line":774,"column":17},"end":{"line":774,"column":45}},"299":{"start":{"line":775,"column":4},"end":{"line":775,"column":61}},"300":{"start":{"line":775,"column":15},"end":{"line":775,"column":61}},"301":{"start":{"line":776,"column":4},"end":{"line":776,"column":104}},"302":{"start":{"line":776,"column":60},"end":{"line":776,"column":104}},"303":{"start":{"line":777,"column":4},"end":{"line":777,"column":102}},"304":{"start":{"line":777,"column":58},"end":{"line":777,"column":102}},"305":{"start":{"line":778,"column":4},"end":{"line":782,"column":5}},"306":{"start":{"line":779,"column":6},"end":{"line":779,"column":75}},"307":{"start":{"line":779,"column":35},"end":{"line":779,"column":75}},"308":{"start":{"line":780,"column":11},"end":{"line":782,"column":5}},"309":{"start":{"line":781,"column":6},"end":{"line":781,"column":49}},"310":{"start":{"line":783,"column":4},"end":{"line":783,"column":95}},"311":{"start":{"line":785,"column":28},"end":{"line":789,"column":3}},"312":{"start":{"line":790,"column":2},"end":{"line":790,"column":81}},"313":{"start":{"line":790,"column":39},"end":{"line":790,"column":81}},"314":{"start":{"line":791,"column":2},"end":{"line":791,"column":36}},"315":{"start":{"line":802,"column":2},"end":{"line":802,"column":74}},"316":{"start":{"line":802,"column":31},"end":{"line":802,"column":74}},"317":{"start":{"line":803,"column":2},"end":{"line":803,"column":95}},"318":{"start":{"line":803,"column":33},"end":{"line":803,"column":52}},"319":{"start":{"line":803,"column":55},"end":{"line":803,"column":95}},"320":{"start":{"line":804,"column":2},"end":{"line":806,"column":3}},"321":{"start":{"line":805,"column":4},"end":{"line":805,"column":46}},"322":{"start":{"line":807,"column":22},"end":{"line":807,"column":63}},"323":{"start":{"line":809,"column":4},"end":{"line":811,"column":28}},"324":{"start":{"line":812,"column":2},"end":{"line":814,"column":3}},"325":{"start":{"line":812,"column":31},"end":{"line":812,"column":61}},"326":{"start":{"line":813,"column":4},"end":{"line":813,"column":49}},"327":{"start":{"line":816,"column":4},"end":{"line":820,"column":12}},"328":{"start":{"line":821,"column":20},"end":{"line":821,"column":76}},"329":{"start":{"line":822,"column":2},"end":{"line":822,"column":45}},"330":{"start":{"line":822,"column":28},"end":{"
[...]
"39":{"loc":{"start":{"line":196,"column":6},"end":{"line":196,"column":67}},"type":"binary-expr","locations":[{"start":{"line":196,"column":6},"end":{"line":196,"column":17}},{"start":{"line":196,"column":21},"end":{"line":196,"column":42}},{"start":{"line":196,"column":46},"end":{"line":196,"column":67}}],"line":196},"40":{"loc":{"start":{"line":199,"column":2},"end":{"line":199,"column":59}},"type":"if","locations":[{"start":{"line":199,"column":2},"end":{"line":199,"column":59}},{"start":{},"end":{}}],"line":199},"41":{"loc":{"start":{"line":203,"column":2},"end":{"line":206,"column":3}},"type":"if","locations":[{"start":{"line":203,"column":2},"end":{"line":206,"column":3}},{"start":{},"end":{}}],"line":203},"42":{"loc":{"start":{"line":204,"column":4},"end":{"line":205,"column":55}},"type":"if","locations":[{"start":{"line":204,"column":4},"end":{"line":205,"column":55}},{"start":{"line":205,"column":9},"end":{"line":205,"column":55}}],"line":204},"43":{"loc":{"start":{"line":205,"column":9},"end":{"line":205,"column":55}},"type":"if","locations":[{"start":{"line":205,"column":9},"end":{"line":205,"column":55}},{"start":{},"end":{}}],"line":205},"44":{"loc":{"start":{"line":218,"column":2},"end":{"line":218,"column":27}},"type":"if","locations":[{"start":{"line":218,"column":2},"end":{"line":218,"column":27}},{"start":{},"end":{}}],"line":218},"45":{"loc":{"start":{"line":220,"column":2},"end":{"line":222,"column":3}},"type":"if","locations":[{"start":{"line":220,"column":2},"end":{"line":222,"column":3}},{"start":{},"end":{}}],"line":220},"46":{"loc":{"start":{"line":226,"column":2},"end":{"line":226,"column":85}},"type":"if","locations":[{"start":{"line":226,"column":2},"end":{"line":226,"column":85}},{"start":{},"end":{}}],"line":226},"47":{"loc":{"start":{"line":226,"column":6},"end":{"line":226,"column":71}},"type":"binary-expr","locations":[{"start":{"line":226,"column":6},"end":{"line":226,"column":15}},{"start":{"line":226,"column":19},"end":{"line":226,"column":28}},{"start":{"line":226,"column":32},"end":{"line":226,"column":41}},{"start":{"line":226,"column":45},"end":{"line":226,"column":56}},{"start":{"line":226,"column":60},"end":{"line":226,"column":71}}],"line":226},"48":{"loc":{"start":{"line":228,"column":2},"end":{"line":232,"column":3}},"type":"if","locations":[{"start":{"line":228,"column":2},"end":{"line":232,"column":3}},{"start":{},"end":{}}],"line":228},"49":{"loc":{"start":{"line":230,"column":4},"end":{"line":230,"column":36}},"type":"if","locations":[{"start":{"line":230,"column":4},"end":{"line":230,"column":36}},{"start":{},"end":{}}],"line":230},"50":{"loc":{"start":{"line":233,"column":2},"end":{"line":237,"column":3}},"type":"if","locations":[{"start":{"line":233,"column":2},"end":{"line":237,"column":3}},{"start":{},"end":{}}],"line":233},"51":{"loc":{"start":{"line":235,"column":4},"end":{"line":235,"column":36}},"type":"if","locations":[{"start":{"line":235,"column":4},"end":{"line":235,"column":36}},{"start":{},"end":{}}],"line":235},"52":{"loc":{"start":{"line":247,"column":2},"end":{"line":247,"column":28}},"type":"if","locations":[{"start":{"line":247,"column":2},"end":{"line":247,"column":28}},{"start":{},"end":{}}],"line":247},"53":{"loc":{"start":{"line":248,"column":2},"end":{"line":248,"column":77}},"type":"if","locations":[{"start":{"line":248,"column":2},"end":{"line":248,"column":77}},{"start":{},"end":{}}],"line":248},"54":{"loc":{"start":{"line":248,"column":6},"end":{"line":248,"column":62}},"type":"binary-expr","locations":[{"start":{"line":248,"column":6},"end":{"line":248,"column":31}},{"start":{"line":248,"column":35},"end":{"line":248,"column":62}}],"line":248},"55":{"loc":{"start":{"line":251,"column":2},"end":{"line":251,"column":63}},"type":"if","locations":[{"start":{"line":251,"column":2},"end":{"line":251,"column":63}},{"start":{},"end":{}}],"line":251},"56":{"loc":{"start":{"line":251,"column":6},"end":{"line":251,"column":48}},"type":"binary-expr","locations":[{"start":{"line":251,"column":6},"end":{"line":251,"column":24}},{"start":{"line":251,"column":28},"end":{"line":251,"column":48}}],"line":251},"57":{"loc":{"start":{"line":252,"column":2},"end":{"line":252,"column":26}},"type":"if","locations":[{"start":{"line":252,"column":2},"end":{"line":252,"column":26}},{"start":{},"end":{}}],"line":252},"58":{"loc":{"start":{"line":255,"column":2},"end":{"line":259,"column":3}},"type":"if","locations":[{"start":{"line":255,"column":2},"end":{"line":259,"column":3}},{"start":{"line":257,"column":9},"end":{"line":259,"column":3}}],"line":255},"59":{"loc":{"start":{"line":261,"column":53},"end":{"line":261,"column":75}},"type":"binary-expr","locations":[{"start":{"line":261,"column":53},"end":{"line":261,"column":70}},{"start":{"line":261,"column":74},"end":{"line":261,"column":75}}],"line":261},"60":{"loc":{"start":{"line":263,"column":22},"end":{"line":263,"column":44}},"type":"binary-expr","locations":[{"start":{"line":263,"column":22},"end":{"line":263,"column":39}},{"start":{"line":263,"column":43},"end":{"line":263,"column":44}}],"line":263},"61":{"loc":{"start":{"line":264,"column":4},"end":{"line":264,"column":37}},"type":"if","locations":[{"start":{"line":264,"column":4},"end":{"line":264,"column":37}},{"start":{},"end":{}}],"line":264},"62":{"loc":{"start":{"line":278,"column":4},"end":{"line":278,"column":71}},"type":"if","locations":[{"start":{"line":278,"column":4},"end":{"line":278,"column":71}},{"start":{},"end":{}}],"line":278},"63":{"loc":{"start":{"line":281,"column":4},"end":{"line":281,"column":67}},"type":"if","locations":[{"start":{"line":281,"column":4},"end":{"line":281,"column":67}},{"start":{},"end":{}}],"line":281},"64":{"loc":{"start":{"line":283,"column":4},"end":{"line":287,"column":5}},"type":"if","locations":[{"start":{"line":283,"column":4},"end":{"line":287,"column":5}},{"start":{},"end":{}}],"line":283},"65":{"loc":{"start":{"line":284,"column":6},"end":{"line":284,"column":80}},"type":"if","locations":[{"start":{"line":284,"column":6},"end":{"line":284,"column":80}},{"start":{},"end":{}}],"line":284},"66":{"loc":{"start":{"line":285,"column":6},"end":{"line":285,"column":90}},"type":"if","locations":[{"start":{"line":285,"column":6},"end":{"line":285,"column":90}},{"start":{},"end":{}}],"line":285},"67":{"loc":{"start":{"line":289,"column":4},"end":{"line":289,"column":85}},"type":"if","locations":[{"start":{"line":289,"column":4},"end":{"line":289,"column":85}},{"start":{},"end":{}}],"line":289},"68":{"loc":{"start":{"line":290,"column":4},"end":{"line":290,"column":81}},"type":"if","locations":[{"start":{"line":290,"column":4},"end":{"line":290,"column":81}},{"start":{},"end":{}}],"line":290},"69":{"loc":{"start":{"line":291,"column":4},"end":{"line":291,"column":88}},"type":"if","locations":[{"start":{"line":291,"column":4},"end":{"line":291,"column":88}},{"start":{},"end":{}}],"line":291},"70":{"loc":{"start":{"line":302,"column":2},"end":{"line":302,"column":42}},"type":"if","locations":[{"start":{"line":302,"column":2},"end":{"line":302,"column":42}},{"start":{},"end":{}}],"line":302},"71":{"loc":{"start":{"line":309,"column":4},"end":{"line":312,"column":5}},"type":"if","locations":[{"start":{"line":309,"column":4},"end":{"line":312,"column":5}},{"start":{},"end":{}}],"line":309},"72":{"loc":{"start":{"line":318,"column":6},"end":{"line":318,"column":38}},"type":"if","locations":[{"start":{"line":318,"column":6},"end":{"line":318,"column":38}},{"start":{},"end":{}}],"line":318},"73":{"loc":{"start":{"line":320,"column":6},"end":{"line":327,"column":7}},"type":"if","locations":[{"start":{"line":320,"column":6},"end":{"line":327,"column":7}},{"start":{},"end":{}}],"line":320},"74":{"loc":{"start":{"line":320,"column":10},"end":{"line":320,"column":68}},"type":"binary-expr","locations":[{"start":{"line":320,"column":10},"end":{"line":320,"column":35}},{"start":{"line":320,"column":39},"end":{"line":320,"column":68}}],"line":320},"75":{"loc":{"start":{"line":329,"column":6},"end":{"line":335,"column":7}},"type":"if","locations":[{"start":{"line":329,"column":6},"end":{"line":335,"column":7}},{"start":{},"end":{}}],"line":329},"76":{"loc":{"start":{"line":348,"column":2},"end":{"line":348,"column":43}},"type":"if","locations":[{"start":{"line":348,"column":2},"end":{"line":348,"column":43}},{"start":{},"end":{}}],"line":348},"77":{"loc":{"start":{"line":350,"column":2},"end":{"line":352,"column":3}},"type":"if","locations":[{"start":{"line":350,"column":2},"end":{"line":352,"column":3}},{"start":{},"end":{}}],"line":350},"78":{"loc":{"start":{"line":361,"column":2},"end":{"line":361,"column":71}},"type":"if","locations":[{"start":{"line":361,"column":2},"end":{"line":361,"column":71}},{"start":{},"end":{}}],"line":361},"79":{"loc":{"start":{"line":361,"column":6},"end":{"line":361,"column":58}},"type":"binary-expr","locations":[{"start":{"line":361,"column":6},"end":{"line":361,"column":20}},{"start":{"line":361,"column":24},"end":{"line":361,"column":40}},{"start":{"line":361,"column":44},"end":{"line":361,"column":58}}],"line":361}},"s":{"0":0,"1":0,"2":0,"3":0,"4":0,"5":0,"6":0,"7":0,"8":0,"9":0,"10":0,"11":0,"12":0,"13":0,"14":0,"15":0,"16":0,"17":0,"18":0,"19":0,"20":0,"21":0,"22":0,"23":0,"24":0,"25":0,"26":0,"27":0,"28":0,"29":0,"30":0,"31":0,"32":0,"33":0,"34":0,"35":0,"36":0,"37":0,"38":0,"39":0,"40":0,"41":0,"42":0,"43":0,"44":0,"45":0,"46":0,"47":0,"48":0,"49":0,"50":0,"51":0,"52":0,"53":0,"54":0,"55":0,"56":0,"57":0,"58":0,"59":0,"60":0,"61":0,"62":0,"63":0,"64":0,"65":0,"66":0,"67":0,"68":0,"69":0,"70":0,"71":0,"72":0,"73":0,"74":0,"75":0,"76":0,"77":0,"78":0,"79":0,"80":0,"81":0,"82":0,"83":0,"84":0,"85":0,"86":0,"87":0,"88":0,"89":0,"90":0,"91":0,"92":0,"93":0,"94":0,"95":0,"96":0,"97":0,"98":0,"99":0,"100":0,"101":0,"102":0,"103":0,"104":0,"105":0,"106":0,"107":0,"108":0,"109":0,"110":0,"111":0,"112":0,"113":0,"114":0,"115":0,"116":0,"117":0,"118":0,"119":0,"120":0,"121":0,"122":0,"123":0,"124":0,"125":0,"126":0,"127":0,"128":0,"129":0,"130":0,"131":0,"132":0,"133":0,"134":0,"135":0,"136":0,"137":0,"138":0,"139":0,"140":0,"141":0,"142":0,"143":0,"144":0,"145":0,"146":0,"147":0,"148":0,"149":0,"150":0,"151":0,"152":0,"153":0,"154":0,"155":0,"156":0,"157":0,"158":0,"159":0,"160":0,"161":0,"162":0,"163":0,"164":0,"165":0,"166":0,"167":0,"168":0,"169":0,"170":0,"171":0,"172":0,"173":0,"174":0,"175":0,"176":0,"177":0,"178":0,"179":0,"180":0,"181":0,"182":0,"183":0,"184":0,"185":0,"186":0,"187":0,"188":0,"189":0,"190":0,"191":0,"192":0,"193":0,"194":0,"195":0},"f":{"0":0,"1":0,"2":0,"3":0,"4":0,"5":0,"6":0,"7":0,"8":0,"9":0,"10":0,"11":0,"12":0,"13":0,"14":0,"15":0,"16":0,"17":0,"18":0,"19":0,"20":0,"21":0,"22":0,"23":0,"24":0,"25":0,"26":0},"b":{"0":[0],"1":[0,0],"2":[0,0],"3":[0,0],"4":[0,0],"5":[0,0],"6":[0,0],"7":[0,0],"8":[0,0],"9":[0,0],"10":[0,0],"11":[0,0],"12":[0,0],"13":[0,0],"14":[0,0],"15":[0,0],"16":[0,0],"17":[0,0],"18":[0,0],"19":[0,0],"20":[0,0,0,0,0,0,0,0],"21":[0,0],"22":[0,0,0,0,0],"23":[0,0],"24":[0,0],"25":[0,0],"26":[0,0],"27":[0,0],"28":[0,0],"29":[0,0],"30":[0,0],"31":[0,0],"32":[0,0],"33":[0,0],"34":[0,0],"35":[0,0],"36":[0,0],"37":[0,0],"38":[0,0],"39":[0,0,0],"40":[0,0],"41":[0,0],"42":[0,0],"43":[0,0],"44":[0,0],"45":[0,0],"46":[0,0],"47":[0,0,0,0,0],"48":[0,0],"49":[0,0],"50":[0,0],"51":[0,0],"52":[0,0],"53":[0,0],"54":[0,0],"55":[0,0],"56":[0,0],"57":[0,0],"58":[0,0],"59":[0,0],"60":[0,0],"61":[0,0],"62":[0,0],"63":[0,0],"64":[0,0],"65":[0,0],"66":[0,0],"67":[0,0],"68":[0,0],"69":[0,0],"70":[0,0],"71":[0,0],"72":[0,0],"73":[0,0],"74":[0,0],"75":[0,0],"76":[0,0],"77":[0,0],"78":[0,0],"79":[0,0,0]},"_coverageSchema":"1a1c01bbd47fc00a2c39e90264f33305004495a9","hash":"e656c5c57575024b76612a82d6814c4f099c0d7a"}
,"C:\\Users\\asus\\bmad\\card\\shared\\i18n\\en.ts": {"path":"C:\\Users\\asus\\bmad\\card\\shared\\i18n\\en.ts","statementMap":{"0":{"start":{"line":2,"column":42},"end":{"line":1489,"column":1}}},"fnMap":{},"branchMap":{},"s":{"0":1},"f":{},"b":{},"_coverageSchema":"1a1c01bbd47fc00a2c39e90264f33305004495a9","hash":"ecbcdcc32d1a8f7dc187e43817ad2ef733ea99fa"}
,"C:\\Users\\asus\\bmad\\card\\shared\\i18n\\format.ts": {"path":"C:\\Users\\asus\\bmad\\card\\shared\\i18n\\format.ts","statementMap":{"0":{"start":{"line":5,"column":58},"end":{"line":5,"column":68}},"1":{"start":{"line":8,"column":2},"end":{"line":8,"column":31}},"2":{"start":{"line":8,"column":15},"end":{"line":8,"column":31}},"3":{"start":{"line":9,"column":2},"end":{"line":12,"column":5}},"4":{"start":{"line":10,"column":14},"end":{"line":10,"column":26}},"5":{"start":{"line":11,"column":4},"end":{"line":11,"column":38}},"6":{"start":{"line":16,"column":16},"end":{"line":16,"column":43}},"7":{"start":{"line":17,"column":19},"end":{"line":17,"column":72}},"8":{"start":{"line":18,"column":2},"end":{"line":18,"column":39}},"9":{"start":{"line":22,"column":2},"end":{"line":22,"column":28}},"10":{"start":{"line":22,"column":18},"end":{"line":22,"column":28}},"11":{"start":{"line":23,"column":2},"end":{"line":23,"column":40}},"12":{"start":{"line":27,"column":2},"end":{"line":27,"column":35}},"13":{"start":{"line":27,"column":23},"end":{"line":27,"column":35}},"14":{"start":{"line":28,"column":2},"end":{"line":30,"column":3}},"15":{"start":{"line":29,"column":4},"end":{"line":29,"column":68}},"16":{"start":{"line":29,"column":30},"end":{"line":29,"column":56}},"17":{"start":{"line":31,"column":2},"end":{"line":31,"column":48}},"18":{"start":{"line":36,"column":2},"end":{"line":36,"column":35}},"19":{"start":{"line":36,"column":23},"end":{"line":36,"column":35}},"20":{"start":{"line":37,"column":2},"end":{"line":39,"column":3}},"21":{"start":{"line":38,"column":4},"end":{"line":38,"column":71}},"22":{"start":{"line":38,"column":45},"end":{"line":38,"column":68}},"23":{"start":{"line":40,"column":2},"end":{"line":40,"column":61}}},"fnMap":{"0":{"name":"interpolate","decl":{"start":{"line":7,"column":9},"end":{"line":7,"column":20}},"loc":{"start":{"line":7,"column":67},"end":{"line":13,"column":1}},"line":7},"1":{"name":"(anonymous_1)","decl":{"start":{"line":9,"column":44},"end":{"line":9,"column":45}},"loc":{"start":{"line":9,"column":65},"end":{"line":12,"column":3}},"line":9},"2":{"name":"t","decl":{"start":{"line":15,"column":16},"end":{"line":15,"column":17}},"loc":{"start":{"line":15,"column":78},"end":{"line":19,"column":1}},"line":15},"3":{"name":"formatGameMessage","decl":{"start":{"line":21,"column":16},"end":{"line":21,"column":33}},"loc":{"start":{"line":21,"column":89},"end":{"line":24,"column":1}},"line":21},"4":{"name":"formatLastMove","decl":{"start":{"line":26,"column":16},"end":{"line":26,"column":30}},"loc":{"start":{"line":26,"column":91},"end":{"line":32,"column":1}},"line":26},"5":{"name":"(anonymous_5)","decl":{"start":{"line":29,"column":23},"end":{"line":29,"column":24}},"loc":{"start":{"line":29,"column":30},"end":{"line":29,"column":56}},"line":29},"6":{"name":"lastMoveSignature","decl":{"start":{"line":35,"column":16},"end":{"line":35,"column":33}},"loc":{"start":{"line":35,"column":75},"end":{"line":41,"column":1}},"line":35},"7":{"name":"(anonymous_7)","decl":{"start":{"line":38,"column":38},"end":{"line":38,"column":39}},"loc":{"start":{"line":38,"column":45},"end":{"line":38,"column":68}},"line":38}},"branchMap":{"0":{"loc":{"start":{"line":8,"column":2},"end":{"line":8,"column":31}},"type":"if","locations":[{"start":{"line":8,"column":2},"end":{"line":8,"column":31}},{"start":{},"end":{}}],"line":8},"1":{"loc":{"start":{"line":11,"column":11},"end":{"line":11,"column":37}},"type":"cond-expr","locations":[{"start":{"line":11,"column":23},"end":{"line":11,"column":25}},{"start":{"line":11,"column":28},"end":{"line":11,"column":37}}],"line":11},"2":{"loc":{"start":{"line":16,"column":16},"end":{"line":16,"column":43}},"type":"binary-expr","locations":[{"start":{"line":16,"column":16},"end":{"line":16,"column":30}},{"start":{"line":16,"column":34},"end":{"line":16,"column":43}}],"line":16},"3":{"loc":{"start":{"line":17,"column":19},"end":{"line":17,"column":72}},"type":"binary-expr","locations":[{"start":{"line":17,"column":19},"end":{"line":17,"column":29}},{"start":{"line":17,"column":33},"end":{"line":17,"column":47}},{"start":{"line":17,"column":51},"end":{"line":17,"column":65}},{"start":{"line":17,"column":69},"end":{"line":17,"column":72}}],"line":17},"4":{"loc":{"start":{"line":22,"column":2},"end":{"line":22,"column":28}},"type":"if","locations":[{"start":{"line":22,"column":2},"end":{"line":22,"column":28}},{"start":{},"end":{}}],"line":22},"5":{"loc":{"start":{"line":27,"column":2},"end":{"line":27,"column":35}},"type":"if","locations":[{"start":{"line":27,"column":2},"end":{"line":27,"column":35}},{"start":{},"end":{}}],"line":27},"6":{"loc":{"start":{"line":28,"column":2},"end":{"line":30,"column":3}},"type":"if","locations":[{"start":{"line":28,"column":2},"end":{"line":30,"column":3}},{"start":{},"end":{}}],"line":28},"7":{"loc":{"start":{"line":36,"column":2},"end":{"line":36,"column":35}},"type":"if","locations":[{"start":{"line":36,"column":2},"end":{"line":36,"column":35}},{"start":{},"end":{}}],"line":36},"8":{"loc":{"start":{"line":37,"column":2},"end":{"line":39,"column":3}},"type":"if","locations":[{"start":{"line":37,"column":2},"end":{"line":39,"column":3}},{"start":{},"end":{}}],"line":37},"9":{"loc":{"start":{"line":38,"column":53},"end":{"line":38,"column":67}},"type":"binary-expr","locations":[{"start":{"line":38,"column":53},"end":{"line":38,"column":61}},{"start":{"line":38,"column":65},"end":{"line":38,"column":67}}],"line":38},"10":{"loc":{"start":{"line":40,"column":38},"end":{"line":40,"column":58}},"type":"binary-expr","locations":[{"start":{"line":40,"column":38},"end":{"line":40,"column":52}},{"start":{"line":40,"column":56},"end":{"line":40,"column":58}}],"line":40}},"s":{"0":1,"1":0,"2":0,"3":0,"4":0,"5":0,"6":0,"7":0,"8":0,"9":0,"10":0,"11":0,"12":0,"13":0,"14":0,"15":0,"16":0,"17":0,"18":0,"19":0,"20":0,"21":0,"22":0,"23":0},"f":{"0":0,"1":0,"2":0,"3":0,"4":0,"5":0,"6":0,"7":0},"b":{"0":[0,0],"1":[0,0],"2":[0,0],"3":[0,0,0,0],"4":[0,0],"5":[0,0],"6":[0,0],"7":[0,0],"8":[0,0],"9":[0,0],"10":[0,0]},"_coverageSchema":"1a1c01bbd47fc00a2c39e90264f33305004495a9","hash":"fe7bf4ed5196825f5568e44f0a724253a0ec8fdc"}
,"C:\\Users\\asus\\bmad\\card\\shared\\i18n\\he.ts": {"path":"C:\\Users\\asus\\bmad\\card\\shared\\i18n\\he.ts","statementMap":{"0":{"start":{"line":2,"column":48},"end":{"line":10,"column":1}},"1":{"start":{"line":12,"column":42},"end":{"line":1504,"column":1}}},"fnMap":{},"branchMap":{},"s":{"0":1,"1":1},"f":{},"b":{},"_coverageSchema":"1a1c01bbd47fc00a2c39e90264f33305004495a9","hash":"e41e28a294490f0de9371f62d6d32c3bead4bd37"}
,"C:\\Users\\asus\\bmad\\card\\shared\\i18n\\index.ts": {"path":"C:\\Users\\asus\\bmad\\card\\shared\\i18n\\index.ts","statementMap":{},"fnMap":{},"branchMap":{},"s":{},"f":{},"b":{},"_coverageSchema":"1a1c01bbd47fc00a2c39e90264f33305004495a9","hash":"8e67dc4ed5b842bb0d42df3d1d78d0501fc39160"}
,"C:\\Users\\asus\\bmad\\card\\shared\\i18n\\types.ts": {"path":"C:\\Users\\asus\\bmad\\card\\shared\\i18n\\types.ts","statementMap":{"0":{"start":{"line":18,"column":2},"end":{"line":18,"column":115}}},"fnMap":{"0":{"name":"isLocalizedMessage","decl":{"start":{"line":17,"column":16},"end":{"line":17,"column":34}},"loc":{"start":{"line":17,"column":70},"end":{"line":19,"column":1}},"line":17}},"branchMap":{"0":{"loc":{"start":{"line":18,"column":9},"end":{"line":18,"column":114}},"type":"binary-expr","locations":[{"start":{"line":18,"column":9},"end":{"line":18,"column":30}},{"start":{"line":18,"column":34},"end":{"line":18,"column":44}},{"start":{"line":18,"column":48},"end":{"line":18,"column":58}},{"start":{"line":18,"column":62},"end":{"line":18,"column":114}}],"line":18}},"s":{"0":0},"f":{"0":0},"b":{"0":[0,0,0,0]},"_coverageSchema":"1a1c01bbd47fc00a2c39e90264f33305004495a9","hash":"5dde5fc1d02d3f5d204667c5bcda8f371182c3ed"}
}
