TN:
SF:server\src\deck.ts
FN:10,makeId
FN:13,shuffle
FN:28,generateDeck
FN:46,(anonymous_3)
FN:71,dealCards
FN:72,(anonymous_5)
FNF:6
FNH:1
FNDA:0,makeId
FNDA:8,shuffle
FNDA:0,generateDeck
FNDA:0,(anonymous_3)
FNDA:0,dealCards
FNDA:0,(anonymous_5)
DA:10,0
DA:14,8
DA:15,8
DA:16,18
DA:17,18
DA:19,8
DA:23,1
DA:35,0
DA:36,0
DA:39,0
DA:40,0
DA:41,0
DA:43,0
DA:44,0
DA:45,0
DA:46,0
DA:48,0
DA:49,0
DA:50,0
DA:54,0
DA:55,0
DA:56,0
DA:57,0
DA:60,0
DA:61,0
DA:63,0
DA:64,0
DA:65,0
DA:67,0
DA:72,0
DA:73,0
DA:74,0
DA:75,0
DA:76,0
DA:77,0
LF:35
LH:6
BRDA:30,0,0,0
BRDA:36,1,0,0
BRDA:36,1,1,0
BRDA:36,2,0,0
BRDA:36,2,1,0
BRDA:43,3,0,0
BRDA:43,3,1,0
BRDA:44,4,0,0
BRDA:44,4,1,0
BRDA:44,5,0,0
BRDA:44,5,1,0
BRDA:45,6,0,0
BRDA:45,6,1,0
BRDA:54,7,0,0
BRDA:54,7,1,0
BRDA:54,8,0,0
BRDA:54,8,1,0
BRDA:56,9,0,0
BRDA:56,9,1,0
BRDA:76,10,0,0
BRDA:76,10,1,0
BRF:21
BRH:0
end_of_record
TN:
SF:server\src\equations.ts
FN:8,randomInt
FN:14,applyOperation
FN:24,isHighPrecedence
FN:29,evalThreeTerms
FN:40,fractionDenominator
FN:49,isDivisibleByFraction
FN:56,getCurrentResult
FN:76,rollDice
FN:84,isTriple
FN:92,permutations
FN:102,generateValidTargets
FN:152,(anonymous_11)
FN:158,getEffectiveNumber
FN:165,validateIdenticalPlay
FN:178,validateFractionPlay
FN:186,getStagedPermutations
FN:196,validateStagedCards
FN:203,(anonymous_17)
FN:204,(anonymous_18)
FN:205,(anonymous_19)
FN:210,(anonymous_20)
FN:233,(anonymous_21)
FN:250,computeWildValueInStaged
FN:257,(anonymous_23)
FN:258,(anonymous_24)
FN:259,(anonymous_25)
FN:262,(anonymous_26)
FN:284,resolveDiscardNumberCardFromStaged
FN:289,(anonymous_28)
FN:290,(anonymous_29)
FN:291,(anonymous_30)
FN:308,computeStagedResult
FNF:32
FNH:0
FNDA:0,randomInt
FNDA:0,applyOperation
FNDA:0,isHighPrecedence
FNDA:0,evalThreeTerms
FNDA:0,fractionDenominator
FNDA:0,isDivisibleByFraction
FNDA:0,getCurrentResult
FNDA:0,rollDice
FNDA:0,isTriple
FNDA:0,permutations
FNDA:0,generateValidTargets
FNDA:0,(anonymous_11)
FNDA:0,getEffectiveNumber
FNDA:0,validateIdenticalPlay
FNDA:0,validateFractionPlay
FNDA:0,getStagedPermutations
FNDA:0,validateStagedCards
FNDA:0,(anonymous_17)
FNDA:0,(anonymous_18)
FNDA:0,(anonymous_19)
FNDA:0,(anonymous_20)
FNDA:0,(anonymous_21)
FNDA:0,computeWildValueInStaged
FNDA:0,(anonymous_23)
FNDA:0,(anonymous_24)
FNDA:0,(anonymous_25)
FNDA:0,(anonymous_26)
FNDA:0,resolveDiscardNumberCardFromStaged
FNDA:0,(anonymous_28)
FNDA:0,(anonymous_29)
FNDA:0,(anonymous_30)
FNDA:0,computeStagedResult
DA:9,0
DA:15,0
DA:16,0
DA:17,0
DA:18,0
DA:19,0
DA:20,0
DA:25,0
DA:30,0
DA:31,0
DA:32,0
DA:33,0
DA:35,0
DA:36,0
DA:37,0
DA:41,0
DA:42,0
DA:43,0
DA:44,0
DA:45,0
DA:50,0
DA:51,0
DA:59,0
DA:60,0
DA:61,0
DA:62,0
DA:63,0
DA:64,0
DA:66,0
DA:67,0
DA:68,0
DA:70,0
DA:77,0
DA:85,0
DA:90,1
DA:93,0
DA:94,0
DA:95,0
DA:96,0
DA:97,0
DA:99,0
DA:108,0
DA:109,0
DA:110,0
DA:111,0
DA:112,0
DA:115,0
DA:116,0
DA:117,0
DA:118,0
DA:119,0
DA:120,0
DA:121,0
DA:128,0
DA:131,0
DA:132,0
DA:133,0
DA:134,0
DA:135,0
DA:136,0
DA:138,0
DA:139,0
DA:140,0
DA:141,0
DA:147,0
DA:148,0
DA:149,0
DA:150,0
DA:152,0
DA:159,0
DA:160,0
DA:161,0
DA:162,0
DA:166,0
DA:167,0
DA:168,0
DA:169,0
DA:170,0
DA:171,0
DA:172,0
DA:173,0
DA:174,0
DA:179,0
DA:180,0
DA:181,0
DA:182,0
DA:183,0
DA:187,0
DA:188,0
DA:189,0
DA:190,0
DA:191,0
DA:193,0
DA:202,0
DA:203,0
DA:204,0
DA:205,0
DA:206,0
DA:207,0
DA:208,0
DA:209,0
DA:210,0
DA:211,0
DA:212,0
DA:214,0
DA:215,0
DA:216,0
DA:217,0
DA:218,0
DA:219,0
DA:220,0
DA:221,0
DA:222,0
DA:223,0
DA:224,0
DA:226,0
DA:230,0
DA:232,0
DA:233,0
DA:234,0
DA:235,0
DA:236,0
DA:237,0
DA:238,0
DA:239,0
DA:240,0
DA:241,0
DA:242,0
DA:244,0
DA:247,0
DA:256,0
DA:257,0
DA:258,0
DA:259,0
DA:260,0
DA:261,0
DA:262,0
DA:263,0
DA:265,0
DA:266,0
DA:267,0
DA:268,0
DA:269,0
DA:270,0
DA:271,0
DA:272,0
DA:273,0
DA:274,0
DA:275,0
DA:277,0
DA:281,0
DA:289,0
DA:290,0
DA:291,0
DA:295,0
DA:296,0
DA:297,0
DA:298,0
DA:301,0
DA:302,0
DA:303,0
DA:305,0
DA:309,0
DA:310,0
DA:311,0
DA:312,0
DA:314,0
DA:315,0
DA:316,0
DA:317,0
DA:318,0
DA:319,0
DA:320,0
DA:321,0
DA:323,0
DA:326,0
LF:176
LH:1
BRDA:15,0,0,0
BRDA:15,0,1,0
BRDA:15,0,2,0
BRDA:15,0,3,0
BRDA:15,0,4,0
BRDA:15,0,5,0
BRDA:15,0,6,0
BRDA:15,0,7,0
BRDA:19,1,0,0
BRDA:19,1,1,0
BRDA:19,2,0,0
BRDA:19,2,1,0
BRDA:25,3,0,0
BRDA:25,3,1,0
BRDA:25,3,2,0
BRDA:25,3,3,0
BRDA:25,3,4,0
BRDA:30,4,0,0
BRDA:30,4,1,0
BRDA:30,5,0,0
BRDA:30,5,1,0
BRDA:32,6,0,0
BRDA:32,6,1,0
BRDA:36,7,0,0
BRDA:36,7,1,0
BRDA:41,8,0,0
BRDA:41,8,1,0
BRDA:41,8,2,0
BRDA:41,8,3,0
BRDA:51,9,0,0
BRDA:51,9,1,0
BRDA:60,10,0,0
BRDA:60,10,1,0
BRDA:60,11,0,0
BRDA:60,11,1,0
BRDA:61,12,0,0
BRDA:61,12,1,0
BRDA:63,13,0,0
BRDA:63,13,1,0
BRDA:63,14,0,0
BRDA:63,14,1,0
BRDA:67,15,0,0
BRDA:67,15,1,0
BRDA:67,16,0,0
BRDA:67,16,1,0
BRDA:85,17,0,0
BRDA:85,17,1,0
BRDA:93,18,0,0
BRDA:93,18,1,0
BRDA:105,19,0,0
BRDA:106,20,0,0
BRDA:108,21,0,0
BRDA:108,21,1,0
BRDA:108,22,0,0
BRDA:108,22,1,0
BRDA:119,23,0,0
BRDA:119,23,1,0
BRDA:119,24,0,0
BRDA:119,24,1,0
BRDA:119,24,2,0
BRDA:119,24,3,0
BRDA:121,25,0,0
BRDA:121,25,1,0
BRDA:134,26,0,0
BRDA:134,26,1,0
BRDA:134,27,0,0
BRDA:134,27,1,0
BRDA:134,27,2,0
BRDA:134,27,3,0
BRDA:136,28,0,0
BRDA:136,28,1,0
BRDA:139,29,0,0
BRDA:139,29,1,0
BRDA:139,30,0,0
BRDA:139,30,1,0
BRDA:139,30,2,0
BRDA:139,30,3,0
BRDA:141,31,0,0
BRDA:141,31,1,0
BRDA:149,32,0,0
BRDA:149,32,1,0
BRDA:149,33,0,0
BRDA:149,33,1,0
BRDA:149,33,2,0
BRDA:149,33,3,0
BRDA:159,34,0,0
BRDA:159,34,1,0
BRDA:160,35,0,0
BRDA:160,35,1,0
BRDA:160,36,0,0
BRDA:160,36,1,0
BRDA:161,37,0,0
BRDA:161,37,1,0
BRDA:161,38,0,0
BRDA:161,38,1,0
BRDA:166,39,0,0
BRDA:166,39,1,0
BRDA:167,40,0,0
BRDA:167,40,1,0
BRDA:167,41,0,0
BRDA:167,41,1,0
BRDA:168,42,0,0
BRDA:168,42,1,0
BRDA:169,43,0,0
BRDA:169,43,1,0
BRDA:169,43,2,0
BRDA:169,43,3,0
BRDA:169,43,4,0
BRDA:179,44,0,0
BRDA:179,44,1,0
BRDA:179,45,0,0
BRDA:179,45,1,0
BRDA:180,46,0,0
BRDA:180,46,1,0
BRDA:180,47,0,0
BRDA:180,47,1,0
BRDA:182,48,0,0
BRDA:182,48,1,0
BRDA:187,49,0,0
BRDA:187,49,1,0
BRDA:200,50,0,0
BRDA:205,51,0,0
BRDA:205,51,1,0
BRDA:206,52,0,0
BRDA:206,52,1,0
BRDA:207,53,0,0
BRDA:207,53,1,0
BRDA:208,54,0,0
BRDA:208,54,1,0
BRDA:209,55,0,0
BRDA:209,55,1,0
BRDA:212,56,0,0
BRDA:212,56,1,0
BRDA:212,56,2,0
BRDA:222,57,0,0
BRDA:222,57,1,0
BRDA:224,58,0,0
BRDA:224,58,1,0
BRDA:226,59,0,0
BRDA:226,59,1,0
BRDA:226,60,0,0
BRDA:226,60,1,0
BRDA:232,61,0,0
BRDA:232,61,1,0
BRDA:233,62,0,0
BRDA:233,62,1,0
BRDA:240,63,0,0
BRDA:240,63,1,0
BRDA:242,64,0,0
BRDA:242,64,1,0
BRDA:244,65,0,0
BRDA:244,65,1,0
BRDA:244,66,0,0
BRDA:244,66,1,0
BRDA:254,67,0,0
BRDA:259,68,0,0
BRDA:259,68,1,0
BRDA:260,69,0,0
BRDA:260,69,1,0
BRDA:261,70,0,0
BRDA:261,70,1,0
BRDA:263,71,0,0
BRDA:263,71,1,0
BRDA:263,72,0,0
BRDA:263,72,1,0
BRDA:263,72,2,0
BRDA:273,73,0,0
BRDA:273,73,1,0
BRDA:275,74,0,0
BRDA:275,74,1,0
BRDA:277,75,0,0
BRDA:277,75,1,0
BRDA:277,76,0,0
BRDA:277,76,1,0
BRDA:287,77,0,0
BRDA:289,78,0,0
BRDA:289,78,1,0
BRDA:290,79,0,0
BRDA:290,79,1,0
BRDA:291,80,0,0
BRDA:291,80,1,0
BRDA:297,81,0,0
BRDA:297,81,1,0
BRDA:298,82,0,0
BRDA:298,82,1,0
BRDA:298,83,0,0
BRDA:298,83,1,0
BRDA:302,84,0,0
BRDA:302,84,1,0
BRDA:303,85,0,0
BRDA:303,85,1,0
BRDA:311,86,0,0
BRDA:311,86,1,0
BRDA:311,87,0,0
BRDA:311,87,1,0
BRDA:312,88,0,0
BRDA:312,88,1,0
BRDA:314,89,0,0
BRDA:314,89,1,0
BRDA:318,90,0,0
BRDA:318,90,1,0
BRDA:319,91,0,0
BRDA:319,91,1,0
BRDA:321,92,0,0
BRDA:321,92,1,0
BRF:205
BRH:0
end_of_record
TN:
SF:server\src\gameEngine.ts
FN:49,locMsg
FN:53,locErr
FN:58,identicalCardLabel
FN:73,resolveConfiguredTurnTimerSeconds
FN:84,withOnlineTurnDeadline
FN:142,withOverflowSwapTurnTransition
FN:167,isActivePlayer
FN:171,getNextActivePlayerIndex
FN:180,getActivePlayers
FN:191,clampCourageStep
FN:195,applyCourageStepReward
FN:214,reshuffleDiscard
FN:220,drawFromPile
FN:221,(anonymous_13)
FN:234,bumpTournamentOnWin
FN:237,(anonymous_15)
FN:245,technicalVictory
FN:250,(anonymous_17)
FN:259,(anonymous_18)
FN:267,eliminatePlayer
FN:271,(anonymous_20)
FN:278,(anonymous_21)
FN:309,checkWin
FN:334,endTurnLogic
FN:353,(anonymous_24)
FN:366,findCard
FN:368,(anonymous_26)
FN:375,startGame
FN:420,(anonymous_28)
FN:478,(anonymous_29)
FN:488,beginTurn
FN:516,resolveOverflowSwap
FN:534,(anonymous_32)
FN:549,(anonymous_33)
FN:568,(anonymous_34)
FN:568,(anonymous_35)
FN:590,(anonymous_36)
FN:603,(anonymous_37)
FN:619,doRollDice
FN:626,(anonymous_39)
FN:653,forceTurnTimeout
FN:693,(anonymous_41)
FN:698,(anonymous_42)
FN:704,(anonymous_43)
FN:726,(anonymous_44)
FN:759,validateEquationCommitsPayload
FN:794,confirmEquation
FN:803,(anonymous_47)
FN:812,(anonymous_48)
FN:834,stageCard
FN:838,(anonymous_50)
FN:842,(anonymous_51)
FN:845,(anonymous_52)
FN:848,(anonymous_53)
FN:849,(anonymous_54)
FN:854,unstageCard
FN:856,(anonymous_56)
FN:859,confirmStaged
FN:861,(anonymous_58)
FN:862,(anonymous_59)
FN:871,(anonymous_60)
FN:874,(anonymous_61)
FN:874,(anonymous_62)
FN:894,(anonymous_63)
FN:895,(anonymous_64)
FN:909,playIdentical
FN:923,(anonymous_66)
FN:923,(anonymous_67)
FN:943,playFraction
FN:953,(anonymous_69)
FN:953,(anonymous_70)
FN:959,(anonymous_71)
FN:982,(anonymous_72)
FN:982,(anonymous_73)
FN:988,(anonymous_74)
FN:1002,defendFractionSolve
FN:1026,(anonymous_76)
FN:1026,(anonymous_77)
FN:1040,defendFractionPenalty
FN:1054,playOperation
FN:1059,playJoker
FN:1065,drawCard
FN:1087,callSalinda
FN:1093,doEndTurn
FN:1111,getPlayerView
FN:1112,(anonymous_85)
FN:1121,(anonymous_86)
FN:1122,(anonymous_87)
FN:1134,(anonymous_88)
FNF:89
FNH:7
FNDA:0,locMsg
FNDA:0,locErr
FNDA:0,identicalCardLabel
FNDA:0,resolveConfiguredTurnTimerSeconds
FNDA:0,withOnlineTurnDeadline
FNDA:0,withOverflowSwapTurnTransition
FNDA:26,isActivePlayer
FNDA:2,getNextActivePlayerIndex
FNDA:8,getActivePlayers
FNDA:0,clampCourageStep
FNDA:0,applyCourageStepReward
FNDA:0,reshuffleDiscard
FNDA:0,drawFromPile
FNDA:0,(anonymous_13)
FNDA:1,bumpTournamentOnWin
FNDA:0,(anonymous_15)
FNDA:0,technicalVictory
FNDA:0,(anonymous_17)
FNDA:0,(anonymous_18)
FNDA:10,eliminatePlayer
FNDA:28,(anonymous_20)
FNDA:24,(anonymous_21)
FNDA:0,checkWin
FNDA:0,endTurnLogic
FNDA:0,(anonymous_24)
FNDA:0,findCard
FNDA:0,(anonymous_26)
FNDA:0,startGame
FNDA:0,(anonymous_28)
FNDA:0,(anonymous_29)
FNDA:0,beginTurn
FNDA:0,resolveOverflowSwap
FNDA:0,(anonymous_32)
FNDA:0,(anonymous_33)
FNDA:0,(anonymous_34)
FNDA:0,(anonymous_35)
FNDA:0,(anonymous_36)
FNDA:0,(anonymous_37)
FNDA:0,doRollDice
FNDA:0,(anonymous_39)
FNDA:0,forceTurnTimeout
FNDA:0,(anonymous_41)
FNDA:0,(anonymous_42)
FNDA:0,(anonymous_43)
FNDA:0,(anonymous_44)
FNDA:0,validateEquationCommitsPayload
FNDA:0,confirmEquation
FNDA:0,(anonymous_47)
FNDA:0,(anonymous_48)
FNDA:0,stageCard
FNDA:0,(anonymous_50)
FNDA:0,(anonymous_51)
FNDA:0,(anonymous_52)
FNDA:0,(anonymous_53)
FNDA:0,(anonymous_54)
FNDA:0,unstageCard
FNDA:0,(anonymous_56)
FNDA:0,confirmStaged
FNDA:0,(anonymous_58)
FNDA:0,(anonymous_59)
FNDA:0,(anonymous_60)
FNDA:0,(anonymous_61)
FNDA:0,(anonymous_62)
FNDA:0,(anonymous_63)
FNDA:0,(anonymous_64)
FNDA:0,playIdentical
FNDA:0,(anonymous_66)
FNDA:0,(anonymous_67)
FNDA:0,playFraction
FNDA:0,(anonymous_69)
FNDA:0,(anonymous_70)
FNDA:0,(anonymous_71)
FNDA:0,(anonymous_72)
FNDA:0,(anonymous_73)
FNDA:0,(anonymous_74)
FNDA:0,defendFractionSolve
FNDA:0,(anonymous_76)
FNDA:0,(anonymous_77)
FNDA:0,defendFractionPenalty
FNDA:0,playOperation
FNDA:0,playJoker
FNDA:0,drawCard
FNDA:0,callSalinda
FNDA:0,doEndTurn
FNDA:0,getPlayerView
FNDA:0,(anonymous_85)
FNDA:0,(anonymous_86)
FNDA:0,(anonymous_87)
FNDA:0,(anonymous_88)
DA:24,1
DA:50,0
DA:54,0
DA:62,0
DA:63,0
DA:64,0
DA:65,0
DA:66,0
DA:70,1
DA:71,1
DA:74,0
DA:75,0
DA:76,0
DA:77,0
DA:78,0
DA:79,0
DA:81,0
DA:85,0
DA:86,0
DA:87,0
DA:95,0
DA:105,0
DA:112,0
DA:113,0
DA:114,0
DA:115,0
DA:116,0
DA:122,0
DA:125,0
DA:126,0
DA:128,0
DA:129,0
DA:131,0
DA:143,0
DA:144,0
DA:154,0
DA:155,0
DA:156,0
DA:168,26
DA:172,2
DA:173,2
DA:174,2
DA:175,2
DA:177,0
DA:181,8
DA:184,1
DA:192,0
DA:196,0
DA:197,0
DA:198,0
DA:199,0
DA:200,0
DA:201,0
DA:215,0
DA:216,0
DA:217,0
DA:221,0
DA:222,0
DA:223,0
DA:224,0
DA:225,0
DA:226,0
DA:227,0
DA:229,0
DA:235,1
DA:236,1
DA:237,0
DA:238,0
DA:249,0
DA:250,0
DA:252,0
DA:253,0
DA:254,0
DA:259,0
DA:271,28
DA:272,10
DA:273,9
DA:274,9
DA:277,8
DA:278,8
DA:279,24
DA:284,8
DA:287,8
DA:288,8
DA:289,1
DA:290,1
DA:291,1
DA:292,1
DA:301,7
DA:302,2
DA:303,2
DA:306,7
DA:310,0
DA:311,0
DA:312,0
DA:313,0
DA:320,0
DA:321,0
DA:322,0
DA:327,0
DA:329,0
DA:335,0
DA:336,0
DA:337,0
DA:340,0
DA:341,0
DA:342,0
DA:343,0
DA:344,0
DA:345,0
DA:346,0
DA:347,0
DA:351,0
DA:353,0
DA:367,0
DA:368,0
DA:380,0
DA:384,0
DA:385,0
DA:386,0
DA:391,0
DA:396,0
DA:405,0
DA:406,0
DA:410,0
DA:411,0
DA:412,0
DA:413,0
DA:414,0
DA:417,0
DA:420,0
DA:429,0
DA:430,0
DA:432,0
DA:478,0
DA:485,0
DA:489,0
DA:490,0
DA:491,0
DA:503,0
DA:522,0
DA:523,0
DA:525,0
DA:526,0
DA:527,0
DA:528,0
DA:530,0
DA:531,0
DA:532,0
DA:533,0
DA:534,0
DA:535,0
DA:536,0
DA:543,0
DA:546,0
DA:547,0
DA:548,0
DA:549,0
DA:551,0
DA:553,0
DA:554,0
DA:555,0
DA:556,0
DA:557,0
DA:558,0
DA:559,0
DA:561,0
DA:562,0
DA:563,0
DA:566,0
DA:568,0
DA:575,0
DA:576,0
DA:579,0
DA:580,0
DA:581,0
DA:583,0
DA:584,0
DA:585,0
DA:586,0
DA:590,0
DA:591,0
DA:601,0
DA:603,0
DA:615,0
DA:616,0
DA:620,0
DA:621,0
DA:622,0
DA:623,0
DA:625,0
DA:626,0
DA:627,0
DA:628,0
DA:629,0
DA:630,0
DA:631,0
DA:634,0
DA:640,0
DA:654,0
DA:658,0
DA:659,0
DA:660,0
DA:661,0
DA:662,0
DA:665,0
DA:666,0
DA:667,0
DA:668,0
DA:670,0
DA:675,0
DA:676,0
DA:677,0
DA:678,0
DA:687,0
DA:688,0
DA:689,0
DA:690,0
DA:692,0
DA:693,0
DA:694,0
DA:697,0
DA:698,0
DA:699,0
DA:701,0
DA:702,0
DA:703,0
DA:704,0
DA:706,0
DA:707,0
DA:722,0
DA:723,0
DA:724,0
DA:726,0
DA:747,0
DA:748,0
DA:750,0
DA:751,0
DA:752,0
DA:756,0
DA:764,0
DA:765,0
DA:766,0
DA:767,0
DA:768,0
DA:769,0
DA:770,0
DA:771,0
DA:772,0
DA:773,0
DA:774,0
DA:775,0
DA:776,0
DA:777,0
DA:778,0
DA:779,0
DA:780,0
DA:781,0
DA:783,0
DA:785,0
DA:790,0
DA:791,0
DA:802,0
DA:803,0
DA:804,0
DA:805,0
DA:807,0
DA:809,0
DA:812,0
DA:813,0
DA:816,0
DA:821,0
DA:822,0
DA:823,0
DA:835,0
DA:836,0
DA:837,0
DA:838,0
DA:839,0
DA:840,0
DA:842,0
DA:843,0
DA:845,0
DA:846,0
DA:848,0
DA:849,0
DA:851,0
DA:855,0
DA:856,0
DA:860,0
DA:861,0
DA:862,0
DA:863,0
DA:864,0
DA:865,0
DA:866,0
DA:867,0
DA:868,0
DA:871,0
DA:872,0
DA:873,0
DA:874,0
DA:875,0
DA:876,0
DA:877,0
DA:878,0
DA:884,0
DA:894,0
DA:895,0
DA:896,0
DA:897,0
DA:900,0
DA:901,0
DA:902,0
DA:904,0
DA:905,0
DA:906,0
DA:910,0
DA:911,0
DA:912,0
DA:913,0
DA:914,0
DA:915,0
DA:917,0
DA:918,0
DA:922,0
DA:923,0
DA:924,0
DA:925,0
DA:926,0
DA:927,0
DA:929,0
DA:938,0
DA:939,0
DA:940,0
DA:944,0
DA:945,0
DA:946,0
DA:947,0
DA:948,0
DA:951,0
DA:952,0
DA:953,0
DA:954,0
DA:955,0
DA:956,0
DA:957,0
DA:958,0
DA:959,0
DA:974,0
DA:975,0
DA:977,0
DA:978,0
DA:979,0
DA:980,0
DA:981,0
DA:982,0
DA:983,0
DA:984,0
DA:985,0
DA:986,0
DA:987,0
DA:988,0
DA:1003,0
DA:1004,0
DA:1005,0
DA:1006,0
DA:1007,0
DA:1011,0
DA:1012,0
DA:1013,0
DA:1014,0
DA:1015,0
DA:1016,0
DA:1017,0
DA:1018,0
DA:1019,0
DA:1020,0
DA:1022,0
DA:1025,0
DA:1026,0
DA:1027,0
DA:1035,0
DA:1036,0
DA:1037,0
DA:1041,0
DA:1042,0
DA:1043,0
DA:1044,0
DA:1051,0
DA:1055,0
DA:1056,0
DA:1060,0
DA:1061,0
DA:1062,0
DA:1066,0
DA:1067,0
DA:1068,0
DA:1069,0
DA:1080,0
DA:1081,0
DA:1082,0
DA:1083,0
DA:1084,0
DA:1088,0
DA:1089,0
DA:1090,0
DA:1094,0
DA:1095,0
DA:1096,0
DA:1097,0
DA:1102,0
DA:1104,0
DA:1112,0
DA:1113,0
DA:1115,0
DA:1121,0
DA:1122,0
DA:1134,0
LF:419
LH:30
BRDA:62,0,0,0
BRDA:62,0,1,0
BRDA:62,1,0,0
BRDA:62,1,1,0
BRDA:63,2,0,0
BRDA:63,2,1,0
BRDA:63,3,0,0
BRDA:63,3,1,0
BRDA:64,4,0,0
BRDA:64,4,1,0
BRDA:64,5,0,0
BRDA:64,5,1,0
BRDA:65,6,0,0
BRDA:65,6,1,0
BRDA:65,7,0,0
BRDA:65,7,1,0
BRDA:74,8,0,0
BRDA:74,8,1,0
BRDA:75,9,0,0
BRDA:75,9,1,0
BRDA:76,10,0,0
BRDA:76,10,1,0
BRDA:77,11,0,0
BRDA:77,11,1,0
BRDA:78,12,0,0
BRDA:78,12,1,0
BRDA:85,13,0,0
BRDA:85,13,1,0
BRDA:86,14,0,0
BRDA:86,14,1,0
BRDA:90,15,0,0
BRDA:90,15,1,0
BRDA:92,16,0,0
BRDA:92,16,1,0
BRDA:113,17,0,0
BRDA:113,17,1,0
BRDA:113,17,2,0
BRDA:114,18,0,0
BRDA:114,18,1,0
BRDA:115,19,0,0
BRDA:115,19,1,0
BRDA:122,20,0,0
BRDA:122,20,1,0
BRDA:122,20,2,0
BRDA:122,20,3,0
BRDA:125,21,0,0
BRDA:125,21,1,0
BRDA:125,22,0,0
BRDA:125,22,1,0
BRDA:128,23,0,0
BRDA:128,23,1,0
BRDA:128,24,0,0
BRDA:128,24,1,0
BRDA:143,25,0,0
BRDA:143,25,1,0
BRDA:155,26,0,0
BRDA:155,26,1,0
BRDA:159,27,0,0
BRDA:159,27,1,0
BRDA:160,28,0,0
BRDA:160,28,1,0
BRDA:161,29,0,0
BRDA:161,29,1,0
BRDA:168,30,0,26
BRDA:168,30,1,17
BRDA:172,31,0,0
BRDA:172,31,1,2
BRDA:175,32,0,2
BRDA:175,32,1,0
BRDA:196,33,0,0
BRDA:196,33,1,0
BRDA:197,34,0,0
BRDA:197,34,1,0
BRDA:197,35,0,0
BRDA:197,35,1,0
BRDA:200,36,0,0
BRDA:200,36,1,0
BRDA:203,37,0,0
BRDA:203,37,1,0
BRDA:204,38,0,0
BRDA:204,38,1,0
BRDA:205,39,0,0
BRDA:205,39,1,0
BRDA:206,40,0,0
BRDA:206,40,1,0
BRDA:207,41,0,0
BRDA:207,41,1,0
BRDA:215,42,0,0
BRDA:215,42,1,0
BRDA:215,43,0,0
BRDA:215,43,1,0
BRDA:223,44,0,0
BRDA:223,44,1,0
BRDA:223,45,0,0
BRDA:223,45,1,0
BRDA:225,46,0,0
BRDA:225,46,1,0
BRDA:236,47,0,1
BRDA:236,47,1,0
BRDA:236,48,0,1
BRDA:236,48,1,0
BRDA:238,49,0,0
BRDA:238,49,1,0
BRDA:250,50,0,0
BRDA:250,50,1,0
BRDA:250,50,2,0
BRDA:252,51,0,0
BRDA:252,51,1,0
BRDA:259,52,0,0
BRDA:259,52,1,0
BRDA:272,53,0,1
BRDA:272,53,1,9
BRDA:274,54,0,1
BRDA:274,54,1,8
BRDA:279,55,0,8
BRDA:279,55,1,16
BRDA:288,56,0,1
BRDA:288,56,1,7
BRDA:289,57,0,1
BRDA:289,57,1,0
BRDA:290,58,0,0
BRDA:290,58,1,1
BRDA:301,59,0,2
BRDA:301,59,1,5
BRDA:311,60,0,0
BRDA:311,60,1,0
BRDA:320,61,0,0
BRDA:320,61,1,0
BRDA:320,62,0,0
BRDA:320,62,1,0
BRDA:322,63,0,0
BRDA:322,63,1,0
BRDA:323,64,0,0
BRDA:323,64,1,0
BRDA:337,65,0,0
BRDA:337,65,1,0
BRDA:341,66,0,0
BRDA:341,66,1,0
BRDA:342,67,0,0
BRDA:342,67,1,0
BRDA:343,68,0,0
BRDA:343,68,1,0
BRDA:345,69,0,0
BRDA:345,69,1,0
BRDA:385,70,0,0
BRDA:385,70,1,0
BRDA:386,71,0,0
BRDA:386,71,1,0
BRDA:388,72,0,0
BRDA:388,72,1,0
BRDA:388,73,0,0
BRDA:388,73,1,0
BRDA:394,74,0,0
BRDA:394,74,1,0
BRDA:402,75,0,0
BRDA:402,75,1,0
BRDA:411,76,0,0
BRDA:411,76,1,0
BRDA:417,77,0,0
BRDA:417,77,1,0
BRDA:438,78,0,0
BRDA:438,78,1,0
BRDA:489,79,0,0
BRDA:489,79,1,0
BRDA:490,80,0,0
BRDA:490,80,1,0
BRDA:490,81,0,0
BRDA:490,81,1,0
BRDA:519,82,0,0
BRDA:520,83,0,0
BRDA:522,84,0,0
BRDA:522,84,1,0
BRDA:527,85,0,0
BRDA:527,85,1,0
BRDA:527,86,0,0
BRDA:527,86,1,0
BRDA:527,86,2,0
BRDA:530,87,0,0
BRDA:530,87,1,0
BRDA:531,88,0,0
BRDA:531,88,1,0
BRDA:532,89,0,0
BRDA:532,89,1,0
BRDA:532,90,0,0
BRDA:532,90,1,0
BRDA:533,91,0,0
BRDA:533,91,1,0
BRDA:535,92,0,0
BRDA:535,92,1,0
BRDA:546,93,0,0
BRDA:546,93,1,0
BRDA:546,93,2,0
BRDA:547,94,0,0
BRDA:547,94,1,0
BRDA:547,94,2,0
BRDA:548,95,0,0
BRDA:548,95,1,0
BRDA:551,96,0,0
BRDA:551,96,1,0
BRDA:553,97,0,0
BRDA:553,97,1,0
BRDA:556,98,0,0
BRDA:556,98,1,0
BRDA:559,99,0,0
BRDA:559,99,1,0
BRDA:561,100,0,0
BRDA:561,100,1,0
BRDA:563,101,0,0
BRDA:563,101,1,0
BRDA:563,102,0,0
BRDA:563,102,1,0
BRDA:568,103,0,0
BRDA:568,103,1,0
BRDA:568,104,0,0
BRDA:568,104,1,0
BRDA:575,105,0,0
BRDA:575,105,1,0
BRDA:580,106,0,0
BRDA:580,106,1,0
BRDA:580,107,0,0
BRDA:580,107,1,0
BRDA:580,107,2,0
BRDA:583,108,0,0
BRDA:583,108,1,0
BRDA:585,109,0,0
BRDA:585,109,1,0
BRDA:586,110,0,0
BRDA:586,110,1,0
BRDA:586,111,0,0
BRDA:586,111,1,0
BRDA:590,112,0,0
BRDA:590,112,1,0
BRDA:591,113,0,0
BRDA:591,113,1,0
BRDA:603,114,0,0
BRDA:603,114,1,0
BRDA:605,115,0,0
BRDA:605,115,1,0
BRDA:605,116,0,0
BRDA:605,116,1,0
BRDA:615,117,0,0
BRDA:615,117,1,0
BRDA:620,118,0,0
BRDA:620,118,1,0
BRDA:625,119,0,0
BRDA:625,119,1,0
BRDA:628,120,0,0
BRDA:628,120,1,0
BRDA:637,121,0,0
BRDA:637,121,1,0
BRDA:638,122,0,0
BRDA:638,122,1,0
BRDA:644,123,0,0
BRDA:644,123,1,0
BRDA:659,124,0,0
BRDA:659,124,1,0
BRDA:660,125,0,0
BRDA:660,125,1,0
BRDA:660,125,2,0
BRDA:661,126,0,0
BRDA:661,126,1,0
BRDA:661,127,0,0
BRDA:661,127,1,0
BRDA:665,128,0,0
BRDA:665,128,1,0
BRDA:665,129,0,0
BRDA:665,129,1,0
BRDA:667,130,0,0
BRDA:667,130,1,0
BRDA:667,131,0,0
BRDA:667,131,1,0
BRDA:667,131,2,0
BRDA:675,132,0,0
BRDA:675,132,1,0
BRDA:681,133,0,0
BRDA:681,133,1,0
BRDA:689,134,0,0
BRDA:689,134,1,0
BRDA:690,135,0,0
BRDA:690,135,1,0
BRDA:692,136,0,0
BRDA:692,136,1,0
BRDA:694,137,0,0
BRDA:694,137,1,0
BRDA:697,138,0,0
BRDA:697,138,1,0
BRDA:699,139,0,0
BRDA:699,139,1,0
BRDA:702,140,0,0
BRDA:702,140,1,0
BRDA:703,141,0,0
BRDA:703,141,1,0
BRDA:704,142,0,0
BRDA:704,142,1,0
BRDA:706,143,0,0
BRDA:706,143,1,0
BRDA:710,144,0,0
BRDA:710,144,1,0
BRDA:716,145,0,0
BRDA:716,145,1,0
BRDA:723,146,0,0
BRDA:723,146,1,0
BRDA:742,147,0,0
BRDA:742,147,1,0
BRDA:748,148,0,0
BRDA:748,148,1,0
BRDA:764,149,0,0
BRDA:764,149,1,0
BRDA:764,150,0,0
BRDA:764,150,1,0
BRDA:765,151,0,0
BRDA:765,151,1,0
BRDA:770,152,0,0
BRDA:770,152,1,0
BRDA:771,153,0,0
BRDA:771,153,1,0
BRDA:775,154,0,0
BRDA:775,154,1,0
BRDA:776,155,0,0
BRDA:776,155,1,0
BRDA:776,156,0,0
BRDA:776,156,1,0
BRDA:777,157,0,0
BRDA:777,157,1,0
BRDA:777,158,0,0
BRDA:777,158,1,0
BRDA:778,159,0,0
BRDA:778,159,1,0
BRDA:779,160,0,0
BRDA:779,160,1,0
BRDA:780,161,0,0
BRDA:780,161,1,0
BRDA:786,162,0,0
BRDA:786,162,1,0
BRDA:790,163,0,0
BRDA:790,163,1,0
BRDA:802,164,0,0
BRDA:802,164,1,0
BRDA:803,165,0,0
BRDA:803,165,1,0
BRDA:804,166,0,0
BRDA:804,166,1,0
BRDA:809,167,0,0
BRDA:809,167,1,0
BRDA:809,168,0,0
BRDA:809,168,1,0
BRDA:812,169,0,0
BRDA:812,169,1,0
BRDA:816,170,0,0
BRDA:816,170,1,0
BRDA:816,171,0,0
BRDA:816,171,1,0
BRDA:818,172,0,0
BRDA:818,172,1,0
BRDA:822,173,0,0
BRDA:822,173,1,0
BRDA:835,174,0,0
BRDA:835,174,1,0
BRDA:835,175,0,0
BRDA:835,175,1,0
BRDA:837,176,0,0
BRDA:837,176,1,0
BRDA:838,177,0,0
BRDA:838,177,1,0
BRDA:839,178,0,0
BRDA:839,178,1,0
BRDA:839,179,0,0
BRDA:839,179,1,0
BRDA:839,179,2,0
BRDA:842,180,0,0
BRDA:842,180,1,0
BRDA:842,181,0,0
BRDA:842,181,1,0
BRDA:845,182,0,0
BRDA:845,182,1,0
BRDA:845,183,0,0
BRDA:845,183,1,0
BRDA:848,184,0,0
BRDA:848,184,1,0
BRDA:855,185,0,0
BRDA:855,185,1,0
BRDA:860,186,0,0
BRDA:860,186,1,0
BRDA:860,187,0,0
BRDA:860,187,1,0
BRDA:861,188,0,0
BRDA:861,188,1,0
BRDA:863,189,0,0
BRDA:863,189,1,0
BRDA:864,190,0,0
BRDA:864,190,1,0
BRDA:865,191,0,0
BRDA:865,191,1,0
BRDA:866,192,0,0
BRDA:866,192,1,0
BRDA:867,193,0,0
BRDA:867,193,1,0
BRDA:874,194,0,0
BRDA:874,194,1,0
BRDA:880,195,0,0
BRDA:880,195,1,0
BRDA:881,196,0,0
BRDA:881,196,1,0
BRDA:896,197,0,0
BRDA:896,197,1,0
BRDA:896,198,0,0
BRDA:896,198,1,0
BRDA:901,199,0,0
BRDA:901,199,1,0
BRDA:902,200,0,0
BRDA:902,200,1,0
BRDA:905,201,0,0
BRDA:905,201,1,0
BRDA:910,202,0,0
BRDA:910,202,1,0
BRDA:911,203,0,0
BRDA:911,203,1,0
BRDA:913,204,0,0
BRDA:913,204,1,0
BRDA:915,205,0,0
BRDA:915,205,1,0
BRDA:918,206,0,0
BRDA:918,206,1,0
BRDA:918,207,0,0
BRDA:918,207,1,0
BRDA:923,208,0,0
BRDA:923,208,1,0
BRDA:933,209,0,0
BRDA:933,209,1,0
BRDA:933,210,0,0
BRDA:933,210,1,0
BRDA:933,211,0,0
BRDA:933,211,1,0
BRDA:939,212,0,0
BRDA:939,212,1,0
BRDA:944,213,0,0
BRDA:944,213,1,0
BRDA:946,214,0,0
BRDA:946,214,1,0
BRDA:946,215,0,0
BRDA:946,215,1,0
BRDA:951,216,0,0
BRDA:951,216,1,0
BRDA:953,217,0,0
BRDA:953,217,1,0
BRDA:956,218,0,0
BRDA:956,218,1,0
BRDA:974,219,0,0
BRDA:974,219,1,0
BRDA:974,220,0,0
BRDA:974,220,1,0
BRDA:974,220,2,0
BRDA:978,221,0,0
BRDA:978,221,1,0
BRDA:980,222,0,0
BRDA:980,222,1,0
BRDA:982,223,0,0
BRDA:982,223,1,0
BRDA:985,224,0,0
BRDA:985,224,1,0
BRDA:1003,225,0,0
BRDA:1003,225,1,0
BRDA:1005,226,0,0
BRDA:1005,226,1,0
BRDA:1006,227,0,0
BRDA:1006,227,1,0
BRDA:1007,228,0,0
BRDA:1007,228,1,0
BRDA:1011,229,0,0
BRDA:1011,229,1,0
BRDA:1013,230,0,0
BRDA:1013,230,1,0
BRDA:1013,231,0,0
BRDA:1013,231,1,0
BRDA:1013,231,2,0
BRDA:1016,232,0,0
BRDA:1016,232,1,0
BRDA:1018,233,0,0
BRDA:1018,233,1,0
BRDA:1018,234,0,0
BRDA:1018,234,1,0
BRDA:1018,234,2,0
BRDA:1018,234,3,0
BRDA:1026,235,0,0
BRDA:1026,235,1,0
BRDA:1036,236,0,0
BRDA:1036,236,1,0
BRDA:1041,237,0,0
BRDA:1041,237,1,0
BRDA:1066,238,0,0
BRDA:1066,238,1,0
BRDA:1066,239,0,0
BRDA:1066,239,1,0
BRDA:1068,240,0,0
BRDA:1068,240,1,0
BRDA:1068,241,0,0
BRDA:1068,241,1,0
BRDA:1081,242,0,0
BRDA:1081,242,1,0
BRDA:1094,243,0,0
BRDA:1094,243,1,0
BRDA:1094,244,0,0
BRDA:1094,244,1,0
BRDA:1113,245,0,0
BRDA:1113,245,1,0
BRDA:1118,246,0,0
BRDA:1118,246,1,0
BRDA:1150,247,0,0
BRDA:1150,247,1,0
BRDA:1166,248,0,0
BRDA:1166,248,1,0
BRDA:1167,249,0,0
BRDA:1167,249,1,0
BRDA:1168,250,0,0
BRDA:1168,250,1,0
BRDA:1169,251,0,0
BRDA:1169,251,1,0
BRDA:1170,252,0,0
BRDA:1170,252,1,0
BRDA:1172,253,0,0
BRDA:1172,253,1,0
BRDA:1174,254,0,0
BRDA:1174,254,1,0
BRDA:1175,255,0,0
BRDA:1175,255,1,0
BRDA:1178,256,0,0
BRDA:1178,256,1,0
BRDA:1185,257,0,0
BRDA:1185,257,1,0
BRDA:1186,258,0,0
BRDA:1186,258,1,0
BRDA:1187,259,0,0
BRDA:1187,259,1,0
BRDA:1188,260,0,0
BRDA:1188,260,1,0
BRF:535
BRH:18
end_of_record
TN:
SF:shared\gameConstants.ts
FN:8,wildDeckCount
FNF:1
FNH:0
FNDA:0,wildDeckCount
DA:2,1
DA:5,1
DA:9,0
DA:10,0
LF:4
LH:2
BRDA:9,0,0,0
BRDA:9,0,1,0
BRDA:9,1,0,0
BRDA:9,1,1,0
BRF:4
BRH:0
end_of_record
TN:
SF:shared\overflowSwap.ts
FN:11,orderHandForFan
FN:20,(anonymous_1)
FN:42,pickOverflowTimeoutHandCardId
FN:47,incomingScore
FN:64,outgoingScore
FN:81,pickBotOverflowSwap
FNF:6
FNH:0
FNDA:0,orderHandForFan
FNDA:0,(anonymous_1)
FNDA:0,pickOverflowTimeoutHandCardId
FNDA:0,incomingScore
FNDA:0,outgoingScore
FNDA:0,pickBotOverflowSwap
DA:3,1
DA:4,1
DA:12,0
DA:20,0
DA:21,0
DA:22,0
DA:23,0
DA:25,0
DA:26,0
DA:27,0
DA:29,0
DA:30,0
DA:32,0
DA:33,0
DA:35,0
DA:36,0
DA:38,0
DA:43,0
DA:44,0
DA:48,0
DA:50,0
DA:52,0
DA:54,0
DA:56,0
DA:58,0
DA:60,0
DA:65,0
DA:67,0
DA:69,0
DA:71,0
DA:73,0
DA:75,0
DA:77,0
DA:86,0
DA:92,0
DA:94,0
DA:95,0
DA:105,0
DA:107,0
DA:108,0
DA:109,0
DA:110,0
DA:111,0
DA:123,0
DA:135,0
DA:136,0
LF:46
LH:2
BRDA:21,0,0,0
BRDA:21,0,1,0
BRDA:22,1,0,0
BRDA:22,1,1,0
BRDA:23,2,0,0
BRDA:23,2,1,0
BRDA:25,3,0,0
BRDA:25,3,1,0
BRDA:25,4,0,0
BRDA:25,4,1,0
BRDA:25,5,0,0
BRDA:25,5,1,0
BRDA:25,6,0,0
BRDA:25,6,1,0
BRDA:26,7,0,0
BRDA:26,7,1,0
BRDA:26,8,0,0
BRDA:26,8,1,0
BRDA:27,9,0,0
BRDA:27,9,1,0
BRDA:27,10,0,0
BRDA:27,10,1,0
BRDA:29,11,0,0
BRDA:29,11,1,0
BRDA:29,12,0,0
BRDA:29,12,1,0
BRDA:30,13,0,0
BRDA:30,13,1,0
BRDA:30,14,0,0
BRDA:30,14,1,0
BRDA:32,15,0,0
BRDA:32,15,1,0
BRDA:32,16,0,0
BRDA:32,16,1,0
BRDA:33,17,0,0
BRDA:33,17,1,0
BRDA:33,18,0,0
BRDA:33,18,1,0
BRDA:35,19,0,0
BRDA:35,19,1,0
BRDA:35,20,0,0
BRDA:35,20,1,0
BRDA:36,21,0,0
BRDA:36,21,1,0
BRDA:36,22,0,0
BRDA:36,22,1,0
BRDA:44,23,0,0
BRDA:44,23,1,0
BRDA:48,24,0,0
BRDA:48,24,1,0
BRDA:48,24,2,0
BRDA:48,24,3,0
BRDA:48,24,4,0
BRDA:48,24,5,0
BRDA:54,25,0,0
BRDA:54,25,1,0
BRDA:65,26,0,0
BRDA:65,26,1,0
BRDA:65,26,2,0
BRDA:65,26,3,0
BRDA:65,26,4,0
BRDA:65,26,5,0
BRDA:71,27,0,0
BRDA:71,27,1,0
BRDA:86,28,0,0
BRDA:86,28,1,0
BRDA:86,29,0,0
BRDA:86,29,1,0
BRDA:94,30,0,0
BRDA:94,30,1,0
BRDA:111,31,0,0
BRDA:111,31,1,0
BRDA:112,32,0,0
BRDA:112,32,1,0
BRDA:112,32,2,0
BRDA:112,32,3,0
BRDA:112,32,4,0
BRDA:112,32,5,0
BRDA:112,32,6,0
BRDA:112,32,7,0
BRDA:112,32,8,0
BRDA:112,32,9,0
BRDA:112,32,10,0
BRDA:135,33,0,0
BRDA:135,33,1,0
BRF:85
BRH:0
end_of_record
TN:
SF:shared\validation.ts
FN:13,sanitizePlayerName
FN:28,validateRoomCode
FN:38,validateCardId
FN:51,validateWildResolve
FN:62,validateLocale
FN:71,validateDifficulty
FN:80,validateOperation
FN:102,sanitizeEquationDisplay
FN:127,isDiceTuple
FN:133,applyEquationOperation
FN:148,evalEquationThreeTerms
FN:167,normalizeEquationCompact
FN:174,extractRhsResult
FN:182,extractEquationOperators
FN:185,(anonymous_14)
FN:186,(anonymous_15)
FN:190,parseEquationDisplay
FN:197,(anonymous_17)
FN:216,evaluateEquationDisplay
FN:241,equationMatchesDiceAndResult
FN:270,validateEquationCommitsForDisplay
FN:280,(anonymous_21)
FN:297,enumerateEquationCommitOptions
FN:308,(anonymous_23)
FN:340,(anonymous_24)
FN:347,validatePlayerId
FN:360,validateBotDifficulty
FNF:27
FNH:0
FNDA:0,sanitizePlayerName
FNDA:0,validateRoomCode
FNDA:0,validateCardId
FNDA:0,validateWildResolve
FNDA:0,validateLocale
FNDA:0,validateDifficulty
FNDA:0,validateOperation
FNDA:0,sanitizeEquationDisplay
FNDA:0,isDiceTuple
FNDA:0,applyEquationOperation
FNDA:0,evalEquationThreeTerms
FNDA:0,normalizeEquationCompact
FNDA:0,extractRhsResult
FNDA:0,extractEquationOperators
FNDA:0,(anonymous_14)
FNDA:0,(anonymous_15)
FNDA:0,parseEquationDisplay
FNDA:0,(anonymous_17)
FNDA:0,evaluateEquationDisplay
FNDA:0,equationMatchesDiceAndResult
FNDA:0,validateEquationCommitsForDisplay
FNDA:0,(anonymous_21)
FNDA:0,enumerateEquationCommitOptions
FNDA:0,(anonymous_23)
FNDA:0,(anonymous_24)
FNDA:0,validatePlayerId
FNDA:0,validateBotDifficulty
DA:14,0
DA:15,0
DA:21,0
DA:29,0
DA:30,0
DA:31,0
DA:39,0
DA:40,0
DA:41,0
DA:42,0
DA:43,0
DA:44,0
DA:52,0
DA:53,0
DA:54,0
DA:55,0
DA:56,0
DA:63,0
DA:64,0
DA:72,0
DA:73,0
DA:81,0
DA:82,0
DA:87,0
DA:90,0
DA:92,0
DA:94,0
DA:103,0
DA:104,0
DA:130,0
DA:134,0
DA:136,0
DA:138,0
DA:140,0
DA:142,0
DA:144,0
DA:155,0
DA:156,0
DA:157,0
DA:158,0
DA:159,0
DA:160,0
DA:162,0
DA:163,0
DA:164,0
DA:168,0
DA:175,0
DA:176,0
DA:177,0
DA:178,0
DA:179,0
DA:183,0
DA:184,0
DA:185,0
DA:186,0
DA:191,0
DA:192,0
DA:194,0
DA:195,0
DA:196,0
DA:197,0
DA:198,0
DA:199,0
DA:201,0
DA:202,0
DA:203,0
DA:204,0
DA:205,0
DA:208,0
DA:217,0
DA:218,0
DA:220,0
DA:221,0
DA:224,0
DA:225,0
DA:226,0
DA:228,0
DA:229,0
DA:230,0
DA:231,0
DA:233,0
DA:234,0
DA:235,0
DA:236,0
DA:238,0
DA:246,0
DA:247,0
DA:248,0
DA:250,0
DA:251,0
DA:252,0
DA:255,0
DA:256,0
DA:258,0
DA:260,0
DA:261,0
DA:262,0
DA:263,0
DA:264,0
DA:265,0
DA:267,0
DA:275,0
DA:276,0
DA:277,0
DA:278,0
DA:280,0
DA:281,0
DA:283,0
DA:284,0
DA:285,0
DA:286,0
DA:289,0
DA:290,0
DA:291,0
DA:294,0
DA:301,0
DA:302,0
DA:304,0
DA:305,0
DA:306,0
DA:308,0
DA:309,0
DA:310,0
DA:311,0
DA:314,0
DA:316,0
DA:317,0
DA:318,0
DA:320,0
DA:321,0
DA:322,0
DA:323,0
DA:324,0
DA:325,0
DA:326,0
DA:329,0
DA:330,0
DA:331,0
DA:332,0
DA:333,0
DA:334,0
DA:339,0
DA:340,0
DA:348,0
DA:349,0
DA:350,0
DA:351,0
DA:353,0
DA:361,0
DA:362,0
LF:150
LH:0
BRDA:13,0,0,0
BRDA:14,1,0,0
BRDA:14,1,1,0
BRDA:21,2,0,0
BRDA:21,2,1,0
BRDA:29,3,0,0
BRDA:29,3,1,0
BRDA:31,4,0,0
BRDA:31,4,1,0
BRDA:39,5,0,0
BRDA:39,5,1,0
BRDA:41,6,0,0
BRDA:41,6,1,0
BRDA:42,7,0,0
BRDA:42,7,1,0
BRDA:43,8,0,0
BRDA:43,8,1,0
BRDA:52,9,0,0
BRDA:52,9,1,0
BRDA:52,10,0,0
BRDA:52,10,1,0
BRDA:53,11,0,0
BRDA:53,11,1,0
BRDA:54,12,0,0
BRDA:54,12,1,0
BRDA:54,13,0,0
BRDA:54,13,1,0
BRDA:55,14,0,0
BRDA:55,14,1,0
BRDA:55,15,0,0
BRDA:55,15,1,0
BRDA:63,16,0,0
BRDA:63,16,1,0
BRDA:72,17,0,0
BRDA:72,17,1,0
BRDA:72,18,0,0
BRDA:72,18,1,0
BRDA:81,19,0,0
BRDA:81,19,1,0
BRDA:82,20,0,0
BRDA:82,20,1,0
BRDA:82,20,2,0
BRDA:82,20,3,0
BRDA:82,20,4,0
BRDA:82,20,5,0
BRDA:82,20,6,0
BRDA:82,20,7,0
BRDA:103,21,0,0
BRDA:103,21,1,0
BRDA:134,22,0,0
BRDA:134,22,1,0
BRDA:134,22,2,0
BRDA:134,22,3,0
BRDA:134,22,4,0
BRDA:142,23,0,0
BRDA:142,23,1,0
BRDA:142,24,0,0
BRDA:142,24,1,0
BRDA:155,25,0,0
BRDA:155,25,1,0
BRDA:156,26,0,0
BRDA:156,26,1,0
BRDA:157,27,0,0
BRDA:157,27,1,0
BRDA:157,28,0,0
BRDA:157,28,1,0
BRDA:159,29,0,0
BRDA:159,29,1,0
BRDA:163,30,0,0
BRDA:163,30,1,0
BRDA:176,31,0,0
BRDA:176,31,1,0
BRDA:178,32,0,0
BRDA:178,32,1,0
BRDA:178,33,0,0
BRDA:178,33,1,0
BRDA:183,34,0,0
BRDA:183,34,1,0
BRDA:184,35,0,0
BRDA:184,35,1,0
BRDA:192,36,0,0
BRDA:192,36,1,0
BRDA:194,37,0,0
BRDA:194,37,1,0
BRDA:196,38,0,0
BRDA:196,38,1,0
BRDA:196,39,0,0
BRDA:196,39,1,0
BRDA:196,39,2,0
BRDA:199,40,0,0
BRDA:199,40,1,0
BRDA:203,41,0,0
BRDA:203,41,1,0
BRDA:204,42,0,0
BRDA:204,42,1,0
BRDA:205,43,0,0
BRDA:205,43,1,0
BRDA:218,44,0,0
BRDA:218,44,1,0
BRDA:220,45,0,0
BRDA:220,45,1,0
BRDA:226,46,0,0
BRDA:226,46,1,0
BRDA:226,47,0,0
BRDA:226,47,1,0
BRDA:226,47,2,0
BRDA:226,47,3,0
BRDA:226,47,4,0
BRDA:228,48,0,0
BRDA:228,48,1,0
BRDA:230,49,0,0
BRDA:230,49,1,0
BRDA:233,50,0,0
BRDA:233,50,1,0
BRDA:235,51,0,0
BRDA:235,51,1,0
BRDA:247,52,0,0
BRDA:247,52,1,0
BRDA:248,53,0,0
BRDA:248,53,1,0
BRDA:248,54,0,0
BRDA:248,54,1,0
BRDA:251,55,0,0
BRDA:251,55,1,0
BRDA:251,56,0,0
BRDA:251,56,1,0
BRDA:252,57,0,0
BRDA:252,57,1,0
BRDA:255,58,0,0
BRDA:255,58,1,0
BRDA:261,59,0,0
BRDA:261,59,1,0
BRDA:263,60,0,0
BRDA:263,60,1,0
BRDA:264,61,0,0
BRDA:264,61,1,0
BRDA:278,62,0,0
BRDA:278,62,1,0
BRDA:281,63,0,0
BRDA:281,63,1,0
BRDA:283,64,0,0
BRDA:283,64,1,0
BRDA:284,65,0,0
BRDA:284,65,1,0
BRDA:285,66,0,0
BRDA:285,66,1,0
BRDA:289,67,0,0
BRDA:289,67,1,0
BRDA:290,68,0,0
BRDA:290,68,1,0
BRDA:291,69,0,0
BRDA:291,69,1,0
BRDA:302,70,0,0
BRDA:302,70,1,0
BRDA:309,71,0,0
BRDA:309,71,1,0
BRDA:318,72,0,0
BRDA:318,72,1,0
BRDA:320,73,0,0
BRDA:320,73,1,0
BRDA:320,74,0,0
BRDA:320,74,1,0
BRDA:329,75,0,0
BRDA:329,75,1,0
BRDA:348,76,0,0
BRDA:348,76,1,0
BRDA:350,77,0,0
BRDA:350,77,1,0
BRDA:361,78,0,0
BRDA:361,78,1,0
BRDA:361,79,0,0
BRDA:361,79,1,0
BRDA:361,79,2,0
BRF:173
BRH:0
end_of_record
TN:
SF:shared\i18n\en.ts
FNF:0
FNH:0
DA:2,1
LF:1
LH:1
BRF:0
BRH:0
end_of_record
TN:
SF:shared\i18n\format.ts
FN:7,interpolate
FN:9,(anonymous_1)
FN:15,t
FN:21,formatGameMessage
FN:26,formatLastMove
FN:29,(anonymous_5)
FN:35,lastMoveSignature
FN:38,(anonymous_7)
FNF:8
FNH:0
FNDA:0,interpolate
FNDA:0,(anonymous_1)
FNDA:0,t
FNDA:0,formatGameMessage
FNDA:0,formatLastMove
FNDA:0,(anonymous_5)
FNDA:0,lastMoveSignature
FNDA:0,(anonymous_7)
DA:5,1
DA:8,0
DA:9,0
DA:10,0
DA:11,0
DA:16,0
DA:17,0
DA:18,0
DA:22,0
DA:23,0
DA:27,0
DA:28,0
DA:29,0
DA:31,0
DA:36,0
DA:37,0
DA:38,0
DA:40,0
LF:18
LH:1
BRDA:8,0,0,0
BRDA:8,0,1,0
BRDA:11,1,0,0
BRDA:11,1,1,0
BRDA:16,2,0,0
BRDA:16,2,1,0
BRDA:17,3,0,0
BRDA:17,3,1,0
BRDA:17,3,2,0
BRDA:17,3,3,0
BRDA:22,4,0,0
BRDA:22,4,1,0
BRDA:27,5,0,0
BRDA:27,5,1,0
BRDA:28,6,0,0
BRDA:28,6,1,0
BRDA:36,7,0,0
BRDA:36,7,1,0
BRDA:37,8,0,0
BRDA:37,8,1,0
BRDA:38,9,0,0
BRDA:38,9,1,0
BRDA:40,10,0,0
BRDA:40,10,1,0
BRF:24
BRH:0
end_of_record
TN:
SF:shared\i18n\he.ts
FNF:0
FNH:0
DA:2,1
DA:12,1
LF:2
LH:2
BRF:0
BRH:0
end_of_record
TN:
SF:shared\i18n\index.ts
FNF:0
FNH:0
LF:0
LH:0
BRF:0
BRH:0
end_of_record
TN:
SF:shared\i18n\types.ts
FN:17,isLocalizedMessage
FNF:1
FNH:0
FNDA:0,isLocalizedMessage
DA:18,0
LF:1
LH:0
BRDA:18,0,0,0
BRDA:18,0,1,0
BRDA:18,0,2,0
BRDA:18,0,3,0
BRF:4
BRH:0
end_of_record
